ARM GAS  C:\Users\Bunyamin\AppData\Local\Temp\ccdT5Vug.s 			page 1


   1              		.cpu cortex-m4
   2              		.arch armv7e-m
   3              		.fpu fpv4-sp-d16
   4              		.eabi_attribute 27, 1
   5              		.eabi_attribute 28, 1
   6              		.eabi_attribute 20, 1
   7              		.eabi_attribute 21, 1
   8              		.eabi_attribute 23, 3
   9              		.eabi_attribute 24, 1
  10              		.eabi_attribute 25, 1
  11              		.eabi_attribute 26, 1
  12              		.eabi_attribute 30, 6
  13              		.eabi_attribute 34, 1
  14              		.eabi_attribute 18, 4
  15              		.file	"log.c"
  16              		.text
  17              	.Ltext0:
  18              		.cfi_sections	.debug_frame
  19              		.section	.rodata
  20              		.align	2
  21              	.LC0:
  22 0000 25303278 		.ascii	"%02x \000"
  22      2000
  23 0006 0000     		.align	2
  24              	.LC1:
  25 0008 0A00     		.ascii	"\012\000"
  26              		.section	.text.Log_PrintByteArray,"ax",%progbits
  27              		.align	1
  28              		.global	Log_PrintByteArray
  29              		.syntax unified
  30              		.thumb
  31              		.thumb_func
  33              	Log_PrintByteArray:
  34              	.LFB0:
  35              		.file 1 "utils/log.c"
   1:utils/log.c   **** /************************************************************************
   2:utils/log.c   ****  *
   3:utils/log.c   **** * FILENAME: 	  log.c
   4:utils/log.c   **** * DATE: 		    16.04.2022
   5:utils/log.c   **** * DESCRIPTION: 	Logging module
   6:utils/log.c   **** * AUTHOR: 		  Embedded Systems Adam Bodurka
   7:utils/log.c   **** *
   8:utils/log.c   **** ************************************************************************/
   9:utils/log.c   **** 
  10:utils/log.c   **** /************************************************************************
  11:utils/log.c   ****  *
  12:utils/log.c   ****  * INCLUDES
  13:utils/log.c   ****  *
  14:utils/log.c   **** ************************************************************************/
  15:utils/log.c   **** #include <stdint.h>
  16:utils/log.c   **** #include "SEGGER_RTT.h"
  17:utils/log.c   **** #include "log.h"
  18:utils/log.c   **** /************************************************************************
  19:utils/log.c   ****  *
  20:utils/log.c   ****  * DEFINES AND MACROS
  21:utils/log.c   ****  *
  22:utils/log.c   **** ************************************************************************/
ARM GAS  C:\Users\Bunyamin\AppData\Local\Temp\ccdT5Vug.s 			page 2


  23:utils/log.c   **** 
  24:utils/log.c   **** 
  25:utils/log.c   **** /************************************************************************
  26:utils/log.c   ****  *
  27:utils/log.c   ****  * STATIC VARIABLES
  28:utils/log.c   ****  *
  29:utils/log.c   **** ************************************************************************/
  30:utils/log.c   **** 
  31:utils/log.c   **** 
  32:utils/log.c   **** /************************************************************************
  33:utils/log.c   ****  *
  34:utils/log.c   ****  * STATIC FUNCTIONS DECLARATIONS
  35:utils/log.c   ****  *
  36:utils/log.c   **** ************************************************************************/
  37:utils/log.c   **** 
  38:utils/log.c   **** /************************************************************************
  39:utils/log.c   ****  *
  40:utils/log.c   ****  * FUNCTIONS
  41:utils/log.c   ****  *
  42:utils/log.c   **** ************************************************************************/
  43:utils/log.c   **** 
  44:utils/log.c   **** 
  45:utils/log.c   **** /************************************************************************
  46:utils/log.c   **** *
  47:utils/log.c   **** * FUNCTION: 	Log_PrintByteArray
  48:utils/log.c   **** *
  49:utils/log.c   **** ************************************************************************/
  50:utils/log.c   **** void Log_PrintByteArray(uint8_t *buf, uint32_t len)
  51:utils/log.c   **** {
  36              		.loc 1 51 1
  37              		.cfi_startproc
  38              		@ args = 0, pretend = 0, frame = 8
  39              		@ frame_needed = 1, uses_anonymous_args = 0
  40 0000 80B5     		push	{r7, lr}
  41              	.LCFI0:
  42              		.cfi_def_cfa_offset 8
  43              		.cfi_offset 7, -8
  44              		.cfi_offset 14, -4
  45 0002 82B0     		sub	sp, sp, #8
  46              	.LCFI1:
  47              		.cfi_def_cfa_offset 16
  48 0004 00AF     		add	r7, sp, #0
  49              	.LCFI2:
  50              		.cfi_def_cfa_register 7
  51 0006 7860     		str	r0, [r7, #4]
  52 0008 3960     		str	r1, [r7]
  52:utils/log.c   ****   while (len--)
  53              		.loc 1 52 9
  54 000a 08E0     		b	.L2
  55              	.L3:
  53:utils/log.c   ****   {
  54:utils/log.c   ****     LOG_RAW("%02x ", *buf++);
  56              		.loc 1 54 5
  57 000c 7B68     		ldr	r3, [r7, #4]
  58 000e 5A1C     		adds	r2, r3, #1
  59 0010 7A60     		str	r2, [r7, #4]
  60 0012 1B78     		ldrb	r3, [r3]	@ zero_extendqisi2
ARM GAS  C:\Users\Bunyamin\AppData\Local\Temp\ccdT5Vug.s 			page 3


  61 0014 1A46     		mov	r2, r3
  62 0016 0849     		ldr	r1, .L4
  63 0018 0020     		movs	r0, #0
  64 001a FFF7FEFF 		bl	SEGGER_RTT_printf
  65              	.L2:
  52:utils/log.c   ****   while (len--)
  66              		.loc 1 52 13
  67 001e 3B68     		ldr	r3, [r7]
  68 0020 5A1E     		subs	r2, r3, #1
  69 0022 3A60     		str	r2, [r7]
  52:utils/log.c   ****   while (len--)
  70              		.loc 1 52 10
  71 0024 002B     		cmp	r3, #0
  72 0026 F1D1     		bne	.L3
  55:utils/log.c   ****   }
  56:utils/log.c   ****   LOG_RAW("\n");
  73              		.loc 1 56 3
  74 0028 0449     		ldr	r1, .L4+4
  75 002a 0020     		movs	r0, #0
  76 002c FFF7FEFF 		bl	SEGGER_RTT_printf
  57:utils/log.c   **** }
  77              		.loc 1 57 1
  78 0030 00BF     		nop
  79 0032 0837     		adds	r7, r7, #8
  80              	.LCFI3:
  81              		.cfi_def_cfa_offset 8
  82 0034 BD46     		mov	sp, r7
  83              	.LCFI4:
  84              		.cfi_def_cfa_register 13
  85              		@ sp needed
  86 0036 80BD     		pop	{r7, pc}
  87              	.L5:
  88              		.align	2
  89              	.L4:
  90 0038 00000000 		.word	.LC0
  91 003c 08000000 		.word	.LC1
  92              		.cfi_endproc
  93              	.LFE0:
  95              		.text
  96              	.Letext0:
  97              		.file 2 "c:\\dev\\tool\\gcc-arm-11.2-2022.02-mingw-w64-i686-arm-none-eabi\\arm-none-eabi\\include\
  98              		.file 3 "c:\\dev\\tool\\gcc-arm-11.2-2022.02-mingw-w64-i686-arm-none-eabi\\arm-none-eabi\\include\
  99              		.file 4 "Middlewares/Third_Party/SEGGER/SEGGER_RTT.h"
ARM GAS  C:\Users\Bunyamin\AppData\Local\Temp\ccdT5Vug.s 			page 4


DEFINED SYMBOLS
                            *ABS*:00000000 log.c
C:\Users\Bunyamin\AppData\Local\Temp\ccdT5Vug.s:20     .rodata:00000000 $d
C:\Users\Bunyamin\AppData\Local\Temp\ccdT5Vug.s:27     .text.Log_PrintByteArray:00000000 $t
C:\Users\Bunyamin\AppData\Local\Temp\ccdT5Vug.s:33     .text.Log_PrintByteArray:00000000 Log_PrintByteArray
C:\Users\Bunyamin\AppData\Local\Temp\ccdT5Vug.s:90     .text.Log_PrintByteArray:00000038 $d
                           .group:00000000 wm4.0.adf14caa46e67022f385f91b18884ae8
                           .group:00000000 wm4._newlib_version.h.4.bfdf54b0af045d4a71376ae00f63a22c
                           .group:00000000 wm4.features.h.33.318b64d71e0957639cfb30f1db1f7ec8
                           .group:00000000 wm4._default_types.h.15.247e5cd201eca3442cbf5404108c4935
                           .group:00000000 wm4._intsup.h.10.48bafbb683905c4daa4565a85aeeb264
                           .group:00000000 wm4._stdint.h.10.c24fa3af3bc1706662bb5593a907e841
                           .group:00000000 wm4.stdint.h.23.d53047a68f4a85177f80b422d52785ed
                           .group:00000000 wm4.SEGGER_RTT_Conf.h.64.9cfee438ca91c6442e3803195d3c0ec8
                           .group:00000000 wm4.ieeefp.h.77.c88535c35f465c05b101960cf0179075
                           .group:00000000 wm4.newlib.h.8.87479b8b17f6d28ec93dca87098877c5
                           .group:00000000 wm4.config.h.224.c701144a7b0518c6ee9b9b5465b79f81
                           .group:00000000 wm4._ansi.h.31.de524f58584151836e90d8620a16f8e8
                           .group:00000000 wm4.stdlib.h.13.4ed386f5c1a80d71e72172885d946ef2
                           .group:00000000 wm4.stddef.h.181.13772e73e5434e8cc4fafaaddad2b5da
                           .group:00000000 wm4.stddef.h.39.cf3ebec0bc8c9e3d2f276a64e0fe5e7a
                           .group:00000000 wm4._types.h.20.dd0d04dca3800a0d2a6129b87f3adbb2
                           .group:00000000 wm4.stddef.h.155.3588ebfdd1e8c7ede80509bb9c3b8009
                           .group:00000000 wm4._types.h.127.34941de1b2539d59d5cac00e0dd27a45
                           .group:00000000 wm4.reent.h.17.e292bf8b0bec6c96e131a54347145a30
                           .group:00000000 wm4.lock.h.2.c0958401bd0ce484d507ee19aacab817
                           .group:00000000 wm4.reent.h.77.dcd6129ff07fe81bd5636db29abe53b2
                           .group:00000000 wm4.cdefs.h.49.39045112216f6a021dbdffe3bf5accce
                           .group:00000000 wm4.alloca.h.8.dfc0c703c47ec3e69746825b17d9e66d
                           .group:00000000 wm4.stdlib.h.56.f4862cfbf4363a1db01842d5bdf72c18
                           .group:00000000 wm4.stdarg.h.31.b55da1089056868966f25de5dbfc7d3c
                           .group:00000000 wm4.SEGGER_RTT.h.186.da8062c611e87c38c368ee967113912a
                           .group:00000000 wm4.log.h.10.db3fe2fd9a87d0e52d539398924fa78b

UNDEFINED SYMBOLS
SEGGER_RTT_printf
