ARM GAS  C:\Users\Bunyamin\AppData\Local\Temp\ccf4WuPE.s 			page 1


   1              		.cpu cortex-m4
   2              		.arch armv7e-m
   3              		.fpu fpv4-sp-d16
   4              		.eabi_attribute 27, 1
   5              		.eabi_attribute 28, 1
   6              		.eabi_attribute 20, 1
   7              		.eabi_attribute 21, 1
   8              		.eabi_attribute 23, 3
   9              		.eabi_attribute 24, 1
  10              		.eabi_attribute 25, 1
  11              		.eabi_attribute 26, 1
  12              		.eabi_attribute 30, 6
  13              		.eabi_attribute 34, 1
  14              		.eabi_attribute 18, 4
  15              		.file	"SEGGER_RTT_printf.c"
  16              		.text
  17              	.Ltext0:
  18              		.cfi_sections	.debug_frame
  19              		.section	.text._StoreChar,"ax",%progbits
  20              		.align	1
  21              		.syntax unified
  22              		.thumb
  23              		.thumb_func
  25              	_StoreChar:
  26              	.LFB0:
  27              		.file 1 "Middlewares/Third_Party/SEGGER/SEGGER_RTT_printf.c"
   1:Middlewares/Third_Party/SEGGER/SEGGER_RTT_printf.c **** /*********************************************************************
   2:Middlewares/Third_Party/SEGGER/SEGGER_RTT_printf.c **** *                    SEGGER Microcontroller GmbH                     *
   3:Middlewares/Third_Party/SEGGER/SEGGER_RTT_printf.c **** *       Solutions for real time microcontroller applications         *
   4:Middlewares/Third_Party/SEGGER/SEGGER_RTT_printf.c **** **********************************************************************
   5:Middlewares/Third_Party/SEGGER/SEGGER_RTT_printf.c **** *                                                                    *
   6:Middlewares/Third_Party/SEGGER/SEGGER_RTT_printf.c **** *            (c) 1995 - 2018 SEGGER Microcontroller GmbH             *
   7:Middlewares/Third_Party/SEGGER/SEGGER_RTT_printf.c **** *                                                                    *
   8:Middlewares/Third_Party/SEGGER/SEGGER_RTT_printf.c **** *       www.segger.com     Support: support@segger.com               *
   9:Middlewares/Third_Party/SEGGER/SEGGER_RTT_printf.c **** *                                                                    *
  10:Middlewares/Third_Party/SEGGER/SEGGER_RTT_printf.c **** **********************************************************************
  11:Middlewares/Third_Party/SEGGER/SEGGER_RTT_printf.c **** *                                                                    *
  12:Middlewares/Third_Party/SEGGER/SEGGER_RTT_printf.c **** *       SEGGER RTT * Real Time Transfer for embedded targets         *
  13:Middlewares/Third_Party/SEGGER/SEGGER_RTT_printf.c **** *                                                                    *
  14:Middlewares/Third_Party/SEGGER/SEGGER_RTT_printf.c **** **********************************************************************
  15:Middlewares/Third_Party/SEGGER/SEGGER_RTT_printf.c **** *                                                                    *
  16:Middlewares/Third_Party/SEGGER/SEGGER_RTT_printf.c **** * All rights reserved.                                               *
  17:Middlewares/Third_Party/SEGGER/SEGGER_RTT_printf.c **** *                                                                    *
  18:Middlewares/Third_Party/SEGGER/SEGGER_RTT_printf.c **** * SEGGER strongly recommends to not make any changes                 *
  19:Middlewares/Third_Party/SEGGER/SEGGER_RTT_printf.c **** * to or modify the source code of this software in order to stay     *
  20:Middlewares/Third_Party/SEGGER/SEGGER_RTT_printf.c **** * compatible with the RTT protocol and J-Link.                       *
  21:Middlewares/Third_Party/SEGGER/SEGGER_RTT_printf.c **** *                                                                    *
  22:Middlewares/Third_Party/SEGGER/SEGGER_RTT_printf.c **** * Redistribution and use in source and binary forms, with or         *
  23:Middlewares/Third_Party/SEGGER/SEGGER_RTT_printf.c **** * without modification, are permitted provided that the following    *
  24:Middlewares/Third_Party/SEGGER/SEGGER_RTT_printf.c **** * conditions are met:                                                *
  25:Middlewares/Third_Party/SEGGER/SEGGER_RTT_printf.c **** *                                                                    *
  26:Middlewares/Third_Party/SEGGER/SEGGER_RTT_printf.c **** * o Redistributions of source code must retain the above copyright   *
  27:Middlewares/Third_Party/SEGGER/SEGGER_RTT_printf.c **** *   notice, this list of conditions and the following disclaimer.    *
  28:Middlewares/Third_Party/SEGGER/SEGGER_RTT_printf.c **** *                                                                    *
  29:Middlewares/Third_Party/SEGGER/SEGGER_RTT_printf.c **** * o Redistributions in binary form must reproduce the above          *
  30:Middlewares/Third_Party/SEGGER/SEGGER_RTT_printf.c **** *   copyright notice, this list of conditions and the following      *
  31:Middlewares/Third_Party/SEGGER/SEGGER_RTT_printf.c **** *   disclaimer in the documentation and/or other materials provided  *
ARM GAS  C:\Users\Bunyamin\AppData\Local\Temp\ccf4WuPE.s 			page 2


  32:Middlewares/Third_Party/SEGGER/SEGGER_RTT_printf.c **** *   with the distribution.                                           *
  33:Middlewares/Third_Party/SEGGER/SEGGER_RTT_printf.c **** *                                                                    *
  34:Middlewares/Third_Party/SEGGER/SEGGER_RTT_printf.c **** * o Neither the name of SEGGER Microcontroller GmbH         *
  35:Middlewares/Third_Party/SEGGER/SEGGER_RTT_printf.c **** *   nor the names of its contributors may be used to endorse or      *
  36:Middlewares/Third_Party/SEGGER/SEGGER_RTT_printf.c **** *   promote products derived from this software without specific     *
  37:Middlewares/Third_Party/SEGGER/SEGGER_RTT_printf.c **** *   prior written permission.                                        *
  38:Middlewares/Third_Party/SEGGER/SEGGER_RTT_printf.c **** *                                                                    *
  39:Middlewares/Third_Party/SEGGER/SEGGER_RTT_printf.c **** * THIS SOFTWARE IS PROVIDED BY THE COPYRIGHT HOLDERS AND             *
  40:Middlewares/Third_Party/SEGGER/SEGGER_RTT_printf.c **** * CONTRIBUTORS "AS IS" AND ANY EXPRESS OR IMPLIED WARRANTIES,        *
  41:Middlewares/Third_Party/SEGGER/SEGGER_RTT_printf.c **** * INCLUDING, BUT NOT LIMITED TO, THE IMPLIED WARRANTIES OF           *
  42:Middlewares/Third_Party/SEGGER/SEGGER_RTT_printf.c **** * MERCHANTABILITY AND FITNESS FOR A PARTICULAR PURPOSE ARE           *
  43:Middlewares/Third_Party/SEGGER/SEGGER_RTT_printf.c **** * DISCLAIMED. IN NO EVENT SHALL SEGGER Microcontroller BE LIABLE FOR *
  44:Middlewares/Third_Party/SEGGER/SEGGER_RTT_printf.c **** * ANY DIRECT, INDIRECT, INCIDENTAL, SPECIAL, EXEMPLARY, OR           *
  45:Middlewares/Third_Party/SEGGER/SEGGER_RTT_printf.c **** * CONSEQUENTIAL DAMAGES (INCLUDING, BUT NOT LIMITED TO, PROCUREMENT  *
  46:Middlewares/Third_Party/SEGGER/SEGGER_RTT_printf.c **** * OF SUBSTITUTE GOODS OR SERVICES; LOSS OF USE, DATA, OR PROFITS;    *
  47:Middlewares/Third_Party/SEGGER/SEGGER_RTT_printf.c **** * OR BUSINESS INTERRUPTION) HOWEVER CAUSED AND ON ANY THEORY OF      *
  48:Middlewares/Third_Party/SEGGER/SEGGER_RTT_printf.c **** * LIABILITY, WHETHER IN CONTRACT, STRICT LIABILITY, OR TORT          *
  49:Middlewares/Third_Party/SEGGER/SEGGER_RTT_printf.c **** * (INCLUDING NEGLIGENCE OR OTHERWISE) ARISING IN ANY WAY OUT OF THE  *
  50:Middlewares/Third_Party/SEGGER/SEGGER_RTT_printf.c **** * USE OF THIS SOFTWARE, EVEN IF ADVISED OF THE POSSIBILITY OF SUCH   *
  51:Middlewares/Third_Party/SEGGER/SEGGER_RTT_printf.c **** * DAMAGE.                                                            *
  52:Middlewares/Third_Party/SEGGER/SEGGER_RTT_printf.c **** *                                                                    *
  53:Middlewares/Third_Party/SEGGER/SEGGER_RTT_printf.c **** **********************************************************************
  54:Middlewares/Third_Party/SEGGER/SEGGER_RTT_printf.c **** ---------------------------END-OF-HEADER------------------------------
  55:Middlewares/Third_Party/SEGGER/SEGGER_RTT_printf.c **** File    : SEGGER_RTT_printf.c
  56:Middlewares/Third_Party/SEGGER/SEGGER_RTT_printf.c **** Purpose : Replacement for printf to write formatted data via RTT
  57:Middlewares/Third_Party/SEGGER/SEGGER_RTT_printf.c **** Revision: $Rev: 12360 $
  58:Middlewares/Third_Party/SEGGER/SEGGER_RTT_printf.c **** ----------------------------------------------------------------------
  59:Middlewares/Third_Party/SEGGER/SEGGER_RTT_printf.c **** */
  60:Middlewares/Third_Party/SEGGER/SEGGER_RTT_printf.c **** #include "SEGGER_RTT.h"
  61:Middlewares/Third_Party/SEGGER/SEGGER_RTT_printf.c **** #include "SEGGER_RTT_Conf.h"
  62:Middlewares/Third_Party/SEGGER/SEGGER_RTT_printf.c **** 
  63:Middlewares/Third_Party/SEGGER/SEGGER_RTT_printf.c **** /*********************************************************************
  64:Middlewares/Third_Party/SEGGER/SEGGER_RTT_printf.c **** *
  65:Middlewares/Third_Party/SEGGER/SEGGER_RTT_printf.c **** *       Defines, configurable
  66:Middlewares/Third_Party/SEGGER/SEGGER_RTT_printf.c **** *
  67:Middlewares/Third_Party/SEGGER/SEGGER_RTT_printf.c **** **********************************************************************
  68:Middlewares/Third_Party/SEGGER/SEGGER_RTT_printf.c **** */
  69:Middlewares/Third_Party/SEGGER/SEGGER_RTT_printf.c **** 
  70:Middlewares/Third_Party/SEGGER/SEGGER_RTT_printf.c **** #ifndef SEGGER_RTT_PRINTF_BUFFER_SIZE
  71:Middlewares/Third_Party/SEGGER/SEGGER_RTT_printf.c ****   #define SEGGER_RTT_PRINTF_BUFFER_SIZE (64)
  72:Middlewares/Third_Party/SEGGER/SEGGER_RTT_printf.c **** #endif
  73:Middlewares/Third_Party/SEGGER/SEGGER_RTT_printf.c **** 
  74:Middlewares/Third_Party/SEGGER/SEGGER_RTT_printf.c **** #include <stdlib.h>
  75:Middlewares/Third_Party/SEGGER/SEGGER_RTT_printf.c **** #include <stdarg.h>
  76:Middlewares/Third_Party/SEGGER/SEGGER_RTT_printf.c **** 
  77:Middlewares/Third_Party/SEGGER/SEGGER_RTT_printf.c **** 
  78:Middlewares/Third_Party/SEGGER/SEGGER_RTT_printf.c **** #define FORMAT_FLAG_LEFT_JUSTIFY   (1u << 0)
  79:Middlewares/Third_Party/SEGGER/SEGGER_RTT_printf.c **** #define FORMAT_FLAG_PAD_ZERO       (1u << 1)
  80:Middlewares/Third_Party/SEGGER/SEGGER_RTT_printf.c **** #define FORMAT_FLAG_PRINT_SIGN     (1u << 2)
  81:Middlewares/Third_Party/SEGGER/SEGGER_RTT_printf.c **** #define FORMAT_FLAG_ALTERNATE      (1u << 3)
  82:Middlewares/Third_Party/SEGGER/SEGGER_RTT_printf.c **** 
  83:Middlewares/Third_Party/SEGGER/SEGGER_RTT_printf.c **** /*********************************************************************
  84:Middlewares/Third_Party/SEGGER/SEGGER_RTT_printf.c **** *
  85:Middlewares/Third_Party/SEGGER/SEGGER_RTT_printf.c **** *       Types
  86:Middlewares/Third_Party/SEGGER/SEGGER_RTT_printf.c **** *
  87:Middlewares/Third_Party/SEGGER/SEGGER_RTT_printf.c **** **********************************************************************
  88:Middlewares/Third_Party/SEGGER/SEGGER_RTT_printf.c **** */
ARM GAS  C:\Users\Bunyamin\AppData\Local\Temp\ccf4WuPE.s 			page 3


  89:Middlewares/Third_Party/SEGGER/SEGGER_RTT_printf.c **** 
  90:Middlewares/Third_Party/SEGGER/SEGGER_RTT_printf.c **** typedef struct {
  91:Middlewares/Third_Party/SEGGER/SEGGER_RTT_printf.c ****   char*     pBuffer;
  92:Middlewares/Third_Party/SEGGER/SEGGER_RTT_printf.c ****   unsigned  BufferSize;
  93:Middlewares/Third_Party/SEGGER/SEGGER_RTT_printf.c ****   unsigned  Cnt;
  94:Middlewares/Third_Party/SEGGER/SEGGER_RTT_printf.c **** 
  95:Middlewares/Third_Party/SEGGER/SEGGER_RTT_printf.c ****   int   ReturnValue;
  96:Middlewares/Third_Party/SEGGER/SEGGER_RTT_printf.c **** 
  97:Middlewares/Third_Party/SEGGER/SEGGER_RTT_printf.c ****   unsigned RTTBufferIndex;
  98:Middlewares/Third_Party/SEGGER/SEGGER_RTT_printf.c **** } SEGGER_RTT_PRINTF_DESC;
  99:Middlewares/Third_Party/SEGGER/SEGGER_RTT_printf.c **** 
 100:Middlewares/Third_Party/SEGGER/SEGGER_RTT_printf.c **** /*********************************************************************
 101:Middlewares/Third_Party/SEGGER/SEGGER_RTT_printf.c **** *
 102:Middlewares/Third_Party/SEGGER/SEGGER_RTT_printf.c **** *       Function prototypes
 103:Middlewares/Third_Party/SEGGER/SEGGER_RTT_printf.c **** *
 104:Middlewares/Third_Party/SEGGER/SEGGER_RTT_printf.c **** **********************************************************************
 105:Middlewares/Third_Party/SEGGER/SEGGER_RTT_printf.c **** */
 106:Middlewares/Third_Party/SEGGER/SEGGER_RTT_printf.c **** 
 107:Middlewares/Third_Party/SEGGER/SEGGER_RTT_printf.c **** /*********************************************************************
 108:Middlewares/Third_Party/SEGGER/SEGGER_RTT_printf.c **** *
 109:Middlewares/Third_Party/SEGGER/SEGGER_RTT_printf.c **** *       Static code
 110:Middlewares/Third_Party/SEGGER/SEGGER_RTT_printf.c **** *
 111:Middlewares/Third_Party/SEGGER/SEGGER_RTT_printf.c **** **********************************************************************
 112:Middlewares/Third_Party/SEGGER/SEGGER_RTT_printf.c **** */
 113:Middlewares/Third_Party/SEGGER/SEGGER_RTT_printf.c **** /*********************************************************************
 114:Middlewares/Third_Party/SEGGER/SEGGER_RTT_printf.c **** *
 115:Middlewares/Third_Party/SEGGER/SEGGER_RTT_printf.c **** *       _StoreChar
 116:Middlewares/Third_Party/SEGGER/SEGGER_RTT_printf.c **** */
 117:Middlewares/Third_Party/SEGGER/SEGGER_RTT_printf.c **** static void _StoreChar(SEGGER_RTT_PRINTF_DESC * p, char c) {
  28              		.loc 1 117 60
  29              		.cfi_startproc
  30              		@ args = 0, pretend = 0, frame = 16
  31              		@ frame_needed = 1, uses_anonymous_args = 0
  32 0000 80B5     		push	{r7, lr}
  33              	.LCFI0:
  34              		.cfi_def_cfa_offset 8
  35              		.cfi_offset 7, -8
  36              		.cfi_offset 14, -4
  37 0002 84B0     		sub	sp, sp, #16
  38              	.LCFI1:
  39              		.cfi_def_cfa_offset 24
  40 0004 00AF     		add	r7, sp, #0
  41              	.LCFI2:
  42              		.cfi_def_cfa_register 7
  43 0006 7860     		str	r0, [r7, #4]
  44 0008 0B46     		mov	r3, r1
  45 000a FB70     		strb	r3, [r7, #3]
 118:Middlewares/Third_Party/SEGGER/SEGGER_RTT_printf.c ****   unsigned Cnt;
 119:Middlewares/Third_Party/SEGGER/SEGGER_RTT_printf.c **** 
 120:Middlewares/Third_Party/SEGGER/SEGGER_RTT_printf.c ****   Cnt = p->Cnt;
  46              		.loc 1 120 7
  47 000c 7B68     		ldr	r3, [r7, #4]
  48 000e 9B68     		ldr	r3, [r3, #8]
  49 0010 FB60     		str	r3, [r7, #12]
 121:Middlewares/Third_Party/SEGGER/SEGGER_RTT_printf.c ****   if ((Cnt + 1u) <= p->BufferSize) {
  50              		.loc 1 121 12
  51 0012 FB68     		ldr	r3, [r7, #12]
ARM GAS  C:\Users\Bunyamin\AppData\Local\Temp\ccf4WuPE.s 			page 4


  52 0014 5A1C     		adds	r2, r3, #1
  53              		.loc 1 121 22
  54 0016 7B68     		ldr	r3, [r7, #4]
  55 0018 5B68     		ldr	r3, [r3, #4]
  56              		.loc 1 121 6
  57 001a 9A42     		cmp	r2, r3
  58 001c 0ED8     		bhi	.L2
 122:Middlewares/Third_Party/SEGGER/SEGGER_RTT_printf.c ****     *(p->pBuffer + Cnt) = c;
  59              		.loc 1 122 8
  60 001e 7B68     		ldr	r3, [r7, #4]
  61 0020 1A68     		ldr	r2, [r3]
  62              		.loc 1 122 18
  63 0022 FB68     		ldr	r3, [r7, #12]
  64 0024 1344     		add	r3, r3, r2
  65              		.loc 1 122 25
  66 0026 FA78     		ldrb	r2, [r7, #3]
  67 0028 1A70     		strb	r2, [r3]
 123:Middlewares/Third_Party/SEGGER/SEGGER_RTT_printf.c ****     p->Cnt = Cnt + 1u;
  68              		.loc 1 123 18
  69 002a FB68     		ldr	r3, [r7, #12]
  70 002c 5A1C     		adds	r2, r3, #1
  71              		.loc 1 123 12
  72 002e 7B68     		ldr	r3, [r7, #4]
  73 0030 9A60     		str	r2, [r3, #8]
 124:Middlewares/Third_Party/SEGGER/SEGGER_RTT_printf.c ****     p->ReturnValue++;
  74              		.loc 1 124 6
  75 0032 7B68     		ldr	r3, [r7, #4]
  76 0034 DB68     		ldr	r3, [r3, #12]
  77              		.loc 1 124 19
  78 0036 5A1C     		adds	r2, r3, #1
  79 0038 7B68     		ldr	r3, [r7, #4]
  80 003a DA60     		str	r2, [r3, #12]
  81              	.L2:
 125:Middlewares/Third_Party/SEGGER/SEGGER_RTT_printf.c ****   }
 126:Middlewares/Third_Party/SEGGER/SEGGER_RTT_printf.c ****   //
 127:Middlewares/Third_Party/SEGGER/SEGGER_RTT_printf.c ****   // Write part of string, when the buffer is full
 128:Middlewares/Third_Party/SEGGER/SEGGER_RTT_printf.c ****   //
 129:Middlewares/Third_Party/SEGGER/SEGGER_RTT_printf.c ****   if (p->Cnt == p->BufferSize) {
  82              		.loc 1 129 8
  83 003c 7B68     		ldr	r3, [r7, #4]
  84 003e 9A68     		ldr	r2, [r3, #8]
  85              		.loc 1 129 18
  86 0040 7B68     		ldr	r3, [r7, #4]
  87 0042 5B68     		ldr	r3, [r3, #4]
  88              		.loc 1 129 6
  89 0044 9A42     		cmp	r2, r3
  90 0046 15D1     		bne	.L5
 130:Middlewares/Third_Party/SEGGER/SEGGER_RTT_printf.c ****     if (SEGGER_RTT_Write(p->RTTBufferIndex, p->pBuffer, p->Cnt) != p->Cnt) {
  91              		.loc 1 130 9
  92 0048 7B68     		ldr	r3, [r7, #4]
  93 004a 1869     		ldr	r0, [r3, #16]
  94              		.loc 1 130 46
  95 004c 7B68     		ldr	r3, [r7, #4]
  96 004e 1968     		ldr	r1, [r3]
  97              		.loc 1 130 9
  98 0050 7B68     		ldr	r3, [r7, #4]
  99 0052 9B68     		ldr	r3, [r3, #8]
ARM GAS  C:\Users\Bunyamin\AppData\Local\Temp\ccf4WuPE.s 			page 5


 100 0054 1A46     		mov	r2, r3
 101 0056 FFF7FEFF 		bl	SEGGER_RTT_Write
 102 005a 0246     		mov	r2, r0
 103              		.loc 1 130 69
 104 005c 7B68     		ldr	r3, [r7, #4]
 105 005e 9B68     		ldr	r3, [r3, #8]
 106              		.loc 1 130 8
 107 0060 9A42     		cmp	r2, r3
 108 0062 04D0     		beq	.L4
 131:Middlewares/Third_Party/SEGGER/SEGGER_RTT_printf.c ****       p->ReturnValue = -1;
 109              		.loc 1 131 22
 110 0064 7B68     		ldr	r3, [r7, #4]
 111 0066 4FF0FF32 		mov	r2, #-1
 112 006a DA60     		str	r2, [r3, #12]
 132:Middlewares/Third_Party/SEGGER/SEGGER_RTT_printf.c ****     } else {
 133:Middlewares/Third_Party/SEGGER/SEGGER_RTT_printf.c ****       p->Cnt = 0u;
 134:Middlewares/Third_Party/SEGGER/SEGGER_RTT_printf.c ****     }
 135:Middlewares/Third_Party/SEGGER/SEGGER_RTT_printf.c ****   }
 136:Middlewares/Third_Party/SEGGER/SEGGER_RTT_printf.c **** }
 113              		.loc 1 136 1
 114 006c 02E0     		b	.L5
 115              	.L4:
 133:Middlewares/Third_Party/SEGGER/SEGGER_RTT_printf.c ****     }
 116              		.loc 1 133 14
 117 006e 7B68     		ldr	r3, [r7, #4]
 118 0070 0022     		movs	r2, #0
 119 0072 9A60     		str	r2, [r3, #8]
 120              	.L5:
 121              		.loc 1 136 1
 122 0074 00BF     		nop
 123 0076 1037     		adds	r7, r7, #16
 124              	.LCFI3:
 125              		.cfi_def_cfa_offset 8
 126 0078 BD46     		mov	sp, r7
 127              	.LCFI4:
 128              		.cfi_def_cfa_register 13
 129              		@ sp needed
 130 007a 80BD     		pop	{r7, pc}
 131              		.cfi_endproc
 132              	.LFE0:
 134              		.section	.text._PrintUnsigned,"ax",%progbits
 135              		.align	1
 136              		.syntax unified
 137              		.thumb
 138              		.thumb_func
 140              	_PrintUnsigned:
 141              	.LFB1:
 137:Middlewares/Third_Party/SEGGER/SEGGER_RTT_printf.c **** 
 138:Middlewares/Third_Party/SEGGER/SEGGER_RTT_printf.c **** /*********************************************************************
 139:Middlewares/Third_Party/SEGGER/SEGGER_RTT_printf.c **** *
 140:Middlewares/Third_Party/SEGGER/SEGGER_RTT_printf.c **** *       _PrintUnsigned
 141:Middlewares/Third_Party/SEGGER/SEGGER_RTT_printf.c **** */
 142:Middlewares/Third_Party/SEGGER/SEGGER_RTT_printf.c **** static void _PrintUnsigned(SEGGER_RTT_PRINTF_DESC * pBufferDesc, unsigned v, unsigned Base, unsigne
 142              		.loc 1 142 156
 143              		.cfi_startproc
 144              		@ args = 8, pretend = 0, frame = 40
 145              		@ frame_needed = 1, uses_anonymous_args = 0
ARM GAS  C:\Users\Bunyamin\AppData\Local\Temp\ccf4WuPE.s 			page 6


 146 0000 80B5     		push	{r7, lr}
 147              	.LCFI5:
 148              		.cfi_def_cfa_offset 8
 149              		.cfi_offset 7, -8
 150              		.cfi_offset 14, -4
 151 0002 8AB0     		sub	sp, sp, #40
 152              	.LCFI6:
 153              		.cfi_def_cfa_offset 48
 154 0004 00AF     		add	r7, sp, #0
 155              	.LCFI7:
 156              		.cfi_def_cfa_register 7
 157 0006 F860     		str	r0, [r7, #12]
 158 0008 B960     		str	r1, [r7, #8]
 159 000a 7A60     		str	r2, [r7, #4]
 160 000c 3B60     		str	r3, [r7]
 143:Middlewares/Third_Party/SEGGER/SEGGER_RTT_printf.c ****   static const char _aV2C[16] = {'0', '1', '2', '3', '4', '5', '6', '7', '8', '9', 'A', 'B', 'C', '
 144:Middlewares/Third_Party/SEGGER/SEGGER_RTT_printf.c ****   unsigned Div;
 145:Middlewares/Third_Party/SEGGER/SEGGER_RTT_printf.c ****   unsigned Digit;
 146:Middlewares/Third_Party/SEGGER/SEGGER_RTT_printf.c ****   unsigned Number;
 147:Middlewares/Third_Party/SEGGER/SEGGER_RTT_printf.c ****   unsigned Width;
 148:Middlewares/Third_Party/SEGGER/SEGGER_RTT_printf.c ****   char c;
 149:Middlewares/Third_Party/SEGGER/SEGGER_RTT_printf.c **** 
 150:Middlewares/Third_Party/SEGGER/SEGGER_RTT_printf.c ****   Number = v;
 161              		.loc 1 150 10
 162 000e BB68     		ldr	r3, [r7, #8]
 163 0010 3B62     		str	r3, [r7, #32]
 151:Middlewares/Third_Party/SEGGER/SEGGER_RTT_printf.c ****   Digit = 1u;
 164              		.loc 1 151 9
 165 0012 0123     		movs	r3, #1
 166 0014 7B62     		str	r3, [r7, #36]
 152:Middlewares/Third_Party/SEGGER/SEGGER_RTT_printf.c ****   //
 153:Middlewares/Third_Party/SEGGER/SEGGER_RTT_printf.c ****   // Get actual field width
 154:Middlewares/Third_Party/SEGGER/SEGGER_RTT_printf.c ****   //
 155:Middlewares/Third_Party/SEGGER/SEGGER_RTT_printf.c ****   Width = 1u;
 167              		.loc 1 155 9
 168 0016 0123     		movs	r3, #1
 169 0018 FB61     		str	r3, [r7, #28]
 156:Middlewares/Third_Party/SEGGER/SEGGER_RTT_printf.c ****   while (Number >= Base) {
 170              		.loc 1 156 9
 171 001a 07E0     		b	.L7
 172              	.L8:
 157:Middlewares/Third_Party/SEGGER/SEGGER_RTT_printf.c ****     Number = (Number / Base);
 173              		.loc 1 157 12
 174 001c 3A6A     		ldr	r2, [r7, #32]
 175 001e 7B68     		ldr	r3, [r7, #4]
 176 0020 B2FBF3F3 		udiv	r3, r2, r3
 177 0024 3B62     		str	r3, [r7, #32]
 158:Middlewares/Third_Party/SEGGER/SEGGER_RTT_printf.c ****     Width++;
 178              		.loc 1 158 10
 179 0026 FB69     		ldr	r3, [r7, #28]
 180 0028 0133     		adds	r3, r3, #1
 181 002a FB61     		str	r3, [r7, #28]
 182              	.L7:
 156:Middlewares/Third_Party/SEGGER/SEGGER_RTT_printf.c ****   while (Number >= Base) {
 183              		.loc 1 156 17
 184 002c 3A6A     		ldr	r2, [r7, #32]
 185 002e 7B68     		ldr	r3, [r7, #4]
ARM GAS  C:\Users\Bunyamin\AppData\Local\Temp\ccf4WuPE.s 			page 7


 186 0030 9A42     		cmp	r2, r3
 187 0032 F3D2     		bcs	.L8
 159:Middlewares/Third_Party/SEGGER/SEGGER_RTT_printf.c ****   }
 160:Middlewares/Third_Party/SEGGER/SEGGER_RTT_printf.c ****   if (NumDigits > Width) {
 188              		.loc 1 160 6
 189 0034 3A68     		ldr	r2, [r7]
 190 0036 FB69     		ldr	r3, [r7, #28]
 191 0038 9A42     		cmp	r2, r3
 192 003a 01D9     		bls	.L9
 161:Middlewares/Third_Party/SEGGER/SEGGER_RTT_printf.c ****     Width = NumDigits;
 193              		.loc 1 161 11
 194 003c 3B68     		ldr	r3, [r7]
 195 003e FB61     		str	r3, [r7, #28]
 196              	.L9:
 162:Middlewares/Third_Party/SEGGER/SEGGER_RTT_printf.c ****   }
 163:Middlewares/Third_Party/SEGGER/SEGGER_RTT_printf.c ****   //
 164:Middlewares/Third_Party/SEGGER/SEGGER_RTT_printf.c ****   // Print leading chars if necessary
 165:Middlewares/Third_Party/SEGGER/SEGGER_RTT_printf.c ****   //
 166:Middlewares/Third_Party/SEGGER/SEGGER_RTT_printf.c ****   if ((FormatFlags & FORMAT_FLAG_LEFT_JUSTIFY) == 0u) {
 197              		.loc 1 166 20
 198 0040 7B6B     		ldr	r3, [r7, #52]
 199 0042 03F00103 		and	r3, r3, #1
 200              		.loc 1 166 6
 201 0046 002B     		cmp	r3, #0
 202 0048 25D1     		bne	.L10
 167:Middlewares/Third_Party/SEGGER/SEGGER_RTT_printf.c ****     if (FieldWidth != 0u) {
 203              		.loc 1 167 8
 204 004a 3B6B     		ldr	r3, [r7, #48]
 205 004c 002B     		cmp	r3, #0
 206 004e 22D0     		beq	.L10
 168:Middlewares/Third_Party/SEGGER/SEGGER_RTT_printf.c ****       if (((FormatFlags & FORMAT_FLAG_PAD_ZERO) == FORMAT_FLAG_PAD_ZERO) && (NumDigits == 0u)) {
 207              		.loc 1 168 25
 208 0050 7B6B     		ldr	r3, [r7, #52]
 209 0052 03F00203 		and	r3, r3, #2
 210              		.loc 1 168 10
 211 0056 002B     		cmp	r3, #0
 212 0058 05D0     		beq	.L11
 213              		.loc 1 168 74 discriminator 1
 214 005a 3B68     		ldr	r3, [r7]
 215 005c 002B     		cmp	r3, #0
 216 005e 02D1     		bne	.L11
 169:Middlewares/Third_Party/SEGGER/SEGGER_RTT_printf.c ****         c = '0';
 217              		.loc 1 169 11
 218 0060 3023     		movs	r3, #48
 219 0062 FB76     		strb	r3, [r7, #27]
 220 0064 01E0     		b	.L12
 221              	.L11:
 170:Middlewares/Third_Party/SEGGER/SEGGER_RTT_printf.c ****       } else {
 171:Middlewares/Third_Party/SEGGER/SEGGER_RTT_printf.c ****         c = ' ';
 222              		.loc 1 171 11
 223 0066 2023     		movs	r3, #32
 224 0068 FB76     		strb	r3, [r7, #27]
 225              	.L12:
 172:Middlewares/Third_Party/SEGGER/SEGGER_RTT_printf.c ****       }
 173:Middlewares/Third_Party/SEGGER/SEGGER_RTT_printf.c ****       while ((FieldWidth != 0u) && (Width < FieldWidth)) {
 226              		.loc 1 173 13
 227 006a 0BE0     		b	.L13
ARM GAS  C:\Users\Bunyamin\AppData\Local\Temp\ccf4WuPE.s 			page 8


 228              	.L14:
 174:Middlewares/Third_Party/SEGGER/SEGGER_RTT_printf.c ****         FieldWidth--;
 229              		.loc 1 174 19
 230 006c 3B6B     		ldr	r3, [r7, #48]
 231 006e 013B     		subs	r3, r3, #1
 232 0070 3B63     		str	r3, [r7, #48]
 175:Middlewares/Third_Party/SEGGER/SEGGER_RTT_printf.c ****         _StoreChar(pBufferDesc, c);
 233              		.loc 1 175 9
 234 0072 FB7E     		ldrb	r3, [r7, #27]	@ zero_extendqisi2
 235 0074 1946     		mov	r1, r3
 236 0076 F868     		ldr	r0, [r7, #12]
 237 0078 FFF7FEFF 		bl	_StoreChar
 176:Middlewares/Third_Party/SEGGER/SEGGER_RTT_printf.c ****         if (pBufferDesc->ReturnValue < 0) {
 238              		.loc 1 176 24
 239 007c FB68     		ldr	r3, [r7, #12]
 240 007e DB68     		ldr	r3, [r3, #12]
 241              		.loc 1 176 12
 242 0080 002B     		cmp	r3, #0
 243 0082 07DB     		blt	.L25
 244              	.L13:
 173:Middlewares/Third_Party/SEGGER/SEGGER_RTT_printf.c ****         FieldWidth--;
 245              		.loc 1 173 33
 246 0084 3B6B     		ldr	r3, [r7, #48]
 247 0086 002B     		cmp	r3, #0
 248 0088 05D0     		beq	.L10
 173:Middlewares/Third_Party/SEGGER/SEGGER_RTT_printf.c ****         FieldWidth--;
 249              		.loc 1 173 33 is_stmt 0 discriminator 1
 250 008a FA69     		ldr	r2, [r7, #28]
 251 008c 3B6B     		ldr	r3, [r7, #48]
 252 008e 9A42     		cmp	r2, r3
 253 0090 ECD3     		bcc	.L14
 254 0092 00E0     		b	.L10
 255              	.L25:
 177:Middlewares/Third_Party/SEGGER/SEGGER_RTT_printf.c ****           break;
 256              		.loc 1 177 11 is_stmt 1
 257 0094 00BF     		nop
 258              	.L10:
 178:Middlewares/Third_Party/SEGGER/SEGGER_RTT_printf.c ****         }
 179:Middlewares/Third_Party/SEGGER/SEGGER_RTT_printf.c ****       }
 180:Middlewares/Third_Party/SEGGER/SEGGER_RTT_printf.c ****     }
 181:Middlewares/Third_Party/SEGGER/SEGGER_RTT_printf.c ****   }
 182:Middlewares/Third_Party/SEGGER/SEGGER_RTT_printf.c ****   if (pBufferDesc->ReturnValue >= 0) {
 259              		.loc 1 182 18
 260 0096 FB68     		ldr	r3, [r7, #12]
 261 0098 DB68     		ldr	r3, [r3, #12]
 262              		.loc 1 182 6
 263 009a 002B     		cmp	r3, #0
 264 009c 55DB     		blt	.L26
 265              	.L19:
 183:Middlewares/Third_Party/SEGGER/SEGGER_RTT_printf.c ****     //
 184:Middlewares/Third_Party/SEGGER/SEGGER_RTT_printf.c ****     // Compute Digit.
 185:Middlewares/Third_Party/SEGGER/SEGGER_RTT_printf.c ****     // Loop until Digit has the value of the highest digit required.
 186:Middlewares/Third_Party/SEGGER/SEGGER_RTT_printf.c ****     // Example: If the output is 345 (Base 10), loop 2 times until Digit is 100.
 187:Middlewares/Third_Party/SEGGER/SEGGER_RTT_printf.c ****     //
 188:Middlewares/Third_Party/SEGGER/SEGGER_RTT_printf.c ****     while (1) {
 189:Middlewares/Third_Party/SEGGER/SEGGER_RTT_printf.c ****       if (NumDigits > 1u) {       // User specified a min number of digits to print? => Make sure w
 266              		.loc 1 189 10
ARM GAS  C:\Users\Bunyamin\AppData\Local\Temp\ccf4WuPE.s 			page 9


 267 009e 3B68     		ldr	r3, [r7]
 268 00a0 012B     		cmp	r3, #1
 269 00a2 03D9     		bls	.L16
 190:Middlewares/Third_Party/SEGGER/SEGGER_RTT_printf.c ****         NumDigits--;
 270              		.loc 1 190 18
 271 00a4 3B68     		ldr	r3, [r7]
 272 00a6 013B     		subs	r3, r3, #1
 273 00a8 3B60     		str	r3, [r7]
 274 00aa 09E0     		b	.L17
 275              	.L16:
 191:Middlewares/Third_Party/SEGGER/SEGGER_RTT_printf.c ****       } else {
 192:Middlewares/Third_Party/SEGGER/SEGGER_RTT_printf.c ****         Div = v / Digit;
 276              		.loc 1 192 13
 277 00ac BA68     		ldr	r2, [r7, #8]
 278 00ae 7B6A     		ldr	r3, [r7, #36]
 279 00b0 B2FBF3F3 		udiv	r3, r2, r3
 280 00b4 7B61     		str	r3, [r7, #20]
 193:Middlewares/Third_Party/SEGGER/SEGGER_RTT_printf.c ****         if (Div < Base) {        // Is our divider big enough to extract the highest digit from val
 281              		.loc 1 193 12
 282 00b6 7A69     		ldr	r2, [r7, #20]
 283 00b8 7B68     		ldr	r3, [r7, #4]
 284 00ba 9A42     		cmp	r2, r3
 285 00bc 00D2     		bcs	.L17
 194:Middlewares/Third_Party/SEGGER/SEGGER_RTT_printf.c ****           break;
 286              		.loc 1 194 11
 287 00be 05E0     		b	.L18
 288              	.L17:
 195:Middlewares/Third_Party/SEGGER/SEGGER_RTT_printf.c ****         }
 196:Middlewares/Third_Party/SEGGER/SEGGER_RTT_printf.c ****       }
 197:Middlewares/Third_Party/SEGGER/SEGGER_RTT_printf.c ****       Digit *= Base;
 289              		.loc 1 197 13
 290 00c0 7B6A     		ldr	r3, [r7, #36]
 291 00c2 7A68     		ldr	r2, [r7, #4]
 292 00c4 02FB03F3 		mul	r3, r2, r3
 293 00c8 7B62     		str	r3, [r7, #36]
 189:Middlewares/Third_Party/SEGGER/SEGGER_RTT_printf.c ****         NumDigits--;
 294              		.loc 1 189 10
 295 00ca E8E7     		b	.L19
 296              	.L18:
 198:Middlewares/Third_Party/SEGGER/SEGGER_RTT_printf.c ****     }
 199:Middlewares/Third_Party/SEGGER/SEGGER_RTT_printf.c ****     //
 200:Middlewares/Third_Party/SEGGER/SEGGER_RTT_printf.c ****     // Output digits
 201:Middlewares/Third_Party/SEGGER/SEGGER_RTT_printf.c ****     //
 202:Middlewares/Third_Party/SEGGER/SEGGER_RTT_printf.c ****     do {
 203:Middlewares/Third_Party/SEGGER/SEGGER_RTT_printf.c ****       Div = v / Digit;
 297              		.loc 1 203 11
 298 00cc BA68     		ldr	r2, [r7, #8]
 299 00ce 7B6A     		ldr	r3, [r7, #36]
 300 00d0 B2FBF3F3 		udiv	r3, r2, r3
 301 00d4 7B61     		str	r3, [r7, #20]
 204:Middlewares/Third_Party/SEGGER/SEGGER_RTT_printf.c ****       v -= Div * Digit;
 302              		.loc 1 204 16
 303 00d6 7B69     		ldr	r3, [r7, #20]
 304 00d8 7A6A     		ldr	r2, [r7, #36]
 305 00da 02FB03F3 		mul	r3, r2, r3
 306              		.loc 1 204 9
 307 00de BA68     		ldr	r2, [r7, #8]
ARM GAS  C:\Users\Bunyamin\AppData\Local\Temp\ccf4WuPE.s 			page 10


 308 00e0 D31A     		subs	r3, r2, r3
 309 00e2 BB60     		str	r3, [r7, #8]
 205:Middlewares/Third_Party/SEGGER/SEGGER_RTT_printf.c ****       _StoreChar(pBufferDesc, _aV2C[Div]);
 310              		.loc 1 205 36
 311 00e4 1B4A     		ldr	r2, .L29
 312 00e6 7B69     		ldr	r3, [r7, #20]
 313 00e8 1344     		add	r3, r3, r2
 314 00ea 1B78     		ldrb	r3, [r3]	@ zero_extendqisi2
 315              		.loc 1 205 7
 316 00ec 1946     		mov	r1, r3
 317 00ee F868     		ldr	r0, [r7, #12]
 318 00f0 FFF7FEFF 		bl	_StoreChar
 206:Middlewares/Third_Party/SEGGER/SEGGER_RTT_printf.c ****       if (pBufferDesc->ReturnValue < 0) {
 319              		.loc 1 206 22
 320 00f4 FB68     		ldr	r3, [r7, #12]
 321 00f6 DB68     		ldr	r3, [r3, #12]
 322              		.loc 1 206 10
 323 00f8 002B     		cmp	r3, #0
 324 00fa 08DB     		blt	.L27
 207:Middlewares/Third_Party/SEGGER/SEGGER_RTT_printf.c ****         break;
 208:Middlewares/Third_Party/SEGGER/SEGGER_RTT_printf.c ****       }
 209:Middlewares/Third_Party/SEGGER/SEGGER_RTT_printf.c ****       Digit /= Base;
 325              		.loc 1 209 13
 326 00fc 7A6A     		ldr	r2, [r7, #36]
 327 00fe 7B68     		ldr	r3, [r7, #4]
 328 0100 B2FBF3F3 		udiv	r3, r2, r3
 329 0104 7B62     		str	r3, [r7, #36]
 210:Middlewares/Third_Party/SEGGER/SEGGER_RTT_printf.c ****     } while (Digit);
 330              		.loc 1 210 14
 331 0106 7B6A     		ldr	r3, [r7, #36]
 332 0108 002B     		cmp	r3, #0
 333 010a DFD1     		bne	.L18
 334 010c 00E0     		b	.L21
 335              	.L27:
 207:Middlewares/Third_Party/SEGGER/SEGGER_RTT_printf.c ****         break;
 336              		.loc 1 207 9
 337 010e 00BF     		nop
 338              	.L21:
 211:Middlewares/Third_Party/SEGGER/SEGGER_RTT_printf.c ****     //
 212:Middlewares/Third_Party/SEGGER/SEGGER_RTT_printf.c ****     // Print trailing spaces if necessary
 213:Middlewares/Third_Party/SEGGER/SEGGER_RTT_printf.c ****     //
 214:Middlewares/Third_Party/SEGGER/SEGGER_RTT_printf.c ****     if ((FormatFlags & FORMAT_FLAG_LEFT_JUSTIFY) == FORMAT_FLAG_LEFT_JUSTIFY) {
 339              		.loc 1 214 22
 340 0110 7B6B     		ldr	r3, [r7, #52]
 341 0112 03F00103 		and	r3, r3, #1
 342              		.loc 1 214 8
 343 0116 002B     		cmp	r3, #0
 344 0118 17D0     		beq	.L26
 215:Middlewares/Third_Party/SEGGER/SEGGER_RTT_printf.c ****       if (FieldWidth != 0u) {
 345              		.loc 1 215 10
 346 011a 3B6B     		ldr	r3, [r7, #48]
 347 011c 002B     		cmp	r3, #0
 348 011e 14D0     		beq	.L26
 216:Middlewares/Third_Party/SEGGER/SEGGER_RTT_printf.c ****         while ((FieldWidth != 0u) && (Width < FieldWidth)) {
 349              		.loc 1 216 15
 350 0120 0AE0     		b	.L22
 351              	.L23:
ARM GAS  C:\Users\Bunyamin\AppData\Local\Temp\ccf4WuPE.s 			page 11


 217:Middlewares/Third_Party/SEGGER/SEGGER_RTT_printf.c ****           FieldWidth--;
 352              		.loc 1 217 21
 353 0122 3B6B     		ldr	r3, [r7, #48]
 354 0124 013B     		subs	r3, r3, #1
 355 0126 3B63     		str	r3, [r7, #48]
 218:Middlewares/Third_Party/SEGGER/SEGGER_RTT_printf.c ****           _StoreChar(pBufferDesc, ' ');
 356              		.loc 1 218 11
 357 0128 2021     		movs	r1, #32
 358 012a F868     		ldr	r0, [r7, #12]
 359 012c FFF7FEFF 		bl	_StoreChar
 219:Middlewares/Third_Party/SEGGER/SEGGER_RTT_printf.c ****           if (pBufferDesc->ReturnValue < 0) {
 360              		.loc 1 219 26
 361 0130 FB68     		ldr	r3, [r7, #12]
 362 0132 DB68     		ldr	r3, [r3, #12]
 363              		.loc 1 219 14
 364 0134 002B     		cmp	r3, #0
 365 0136 07DB     		blt	.L28
 366              	.L22:
 216:Middlewares/Third_Party/SEGGER/SEGGER_RTT_printf.c ****           FieldWidth--;
 367              		.loc 1 216 35
 368 0138 3B6B     		ldr	r3, [r7, #48]
 369 013a 002B     		cmp	r3, #0
 370 013c 05D0     		beq	.L26
 216:Middlewares/Third_Party/SEGGER/SEGGER_RTT_printf.c ****           FieldWidth--;
 371              		.loc 1 216 35 is_stmt 0 discriminator 1
 372 013e FA69     		ldr	r2, [r7, #28]
 373 0140 3B6B     		ldr	r3, [r7, #48]
 374 0142 9A42     		cmp	r2, r3
 375 0144 EDD3     		bcc	.L23
 220:Middlewares/Third_Party/SEGGER/SEGGER_RTT_printf.c ****             break;
 221:Middlewares/Third_Party/SEGGER/SEGGER_RTT_printf.c ****           }
 222:Middlewares/Third_Party/SEGGER/SEGGER_RTT_printf.c ****         }
 223:Middlewares/Third_Party/SEGGER/SEGGER_RTT_printf.c ****       }
 224:Middlewares/Third_Party/SEGGER/SEGGER_RTT_printf.c ****     }
 225:Middlewares/Third_Party/SEGGER/SEGGER_RTT_printf.c ****   }
 226:Middlewares/Third_Party/SEGGER/SEGGER_RTT_printf.c **** }
 376              		.loc 1 226 1 is_stmt 1
 377 0146 00E0     		b	.L26
 378              	.L28:
 220:Middlewares/Third_Party/SEGGER/SEGGER_RTT_printf.c ****             break;
 379              		.loc 1 220 13
 380 0148 00BF     		nop
 381              	.L26:
 382              		.loc 1 226 1
 383 014a 00BF     		nop
 384 014c 2837     		adds	r7, r7, #40
 385              	.LCFI8:
 386              		.cfi_def_cfa_offset 8
 387 014e BD46     		mov	sp, r7
 388              	.LCFI9:
 389              		.cfi_def_cfa_register 13
 390              		@ sp needed
 391 0150 80BD     		pop	{r7, pc}
 392              	.L30:
 393 0152 00BF     		.align	2
 394              	.L29:
 395 0154 00000000 		.word	_aV2C.0
ARM GAS  C:\Users\Bunyamin\AppData\Local\Temp\ccf4WuPE.s 			page 12


 396              		.cfi_endproc
 397              	.LFE1:
 399              		.section	.text._PrintInt,"ax",%progbits
 400              		.align	1
 401              		.syntax unified
 402              		.thumb
 403              		.thumb_func
 405              	_PrintInt:
 406              	.LFB2:
 227:Middlewares/Third_Party/SEGGER/SEGGER_RTT_printf.c **** 
 228:Middlewares/Third_Party/SEGGER/SEGGER_RTT_printf.c **** /*********************************************************************
 229:Middlewares/Third_Party/SEGGER/SEGGER_RTT_printf.c **** *
 230:Middlewares/Third_Party/SEGGER/SEGGER_RTT_printf.c **** *       _PrintInt
 231:Middlewares/Third_Party/SEGGER/SEGGER_RTT_printf.c **** */
 232:Middlewares/Third_Party/SEGGER/SEGGER_RTT_printf.c **** static void _PrintInt(SEGGER_RTT_PRINTF_DESC * pBufferDesc, int v, unsigned Base, unsigned NumDigit
 407              		.loc 1 232 146
 408              		.cfi_startproc
 409              		@ args = 8, pretend = 0, frame = 24
 410              		@ frame_needed = 1, uses_anonymous_args = 0
 411 0000 80B5     		push	{r7, lr}
 412              	.LCFI10:
 413              		.cfi_def_cfa_offset 8
 414              		.cfi_offset 7, -8
 415              		.cfi_offset 14, -4
 416 0002 88B0     		sub	sp, sp, #32
 417              	.LCFI11:
 418              		.cfi_def_cfa_offset 40
 419 0004 02AF     		add	r7, sp, #8
 420              	.LCFI12:
 421              		.cfi_def_cfa 7, 32
 422 0006 F860     		str	r0, [r7, #12]
 423 0008 B960     		str	r1, [r7, #8]
 424 000a 7A60     		str	r2, [r7, #4]
 425 000c 3B60     		str	r3, [r7]
 233:Middlewares/Third_Party/SEGGER/SEGGER_RTT_printf.c ****   unsigned Width;
 234:Middlewares/Third_Party/SEGGER/SEGGER_RTT_printf.c ****   int Number;
 235:Middlewares/Third_Party/SEGGER/SEGGER_RTT_printf.c **** 
 236:Middlewares/Third_Party/SEGGER/SEGGER_RTT_printf.c ****   Number = (v < 0) ? -v : v;
 426              		.loc 1 236 10
 427 000e BB68     		ldr	r3, [r7, #8]
 428 0010 002B     		cmp	r3, #0
 429 0012 B8BF     		it	lt
 430 0014 5B42     		rsblt	r3, r3, #0
 431 0016 3B61     		str	r3, [r7, #16]
 237:Middlewares/Third_Party/SEGGER/SEGGER_RTT_printf.c **** 
 238:Middlewares/Third_Party/SEGGER/SEGGER_RTT_printf.c ****   //
 239:Middlewares/Third_Party/SEGGER/SEGGER_RTT_printf.c ****   // Get actual field width
 240:Middlewares/Third_Party/SEGGER/SEGGER_RTT_printf.c ****   //
 241:Middlewares/Third_Party/SEGGER/SEGGER_RTT_printf.c ****   Width = 1u;
 432              		.loc 1 241 9
 433 0018 0123     		movs	r3, #1
 434 001a 7B61     		str	r3, [r7, #20]
 242:Middlewares/Third_Party/SEGGER/SEGGER_RTT_printf.c ****   while (Number >= (int)Base) {
 435              		.loc 1 242 9
 436 001c 07E0     		b	.L32
 437              	.L33:
 243:Middlewares/Third_Party/SEGGER/SEGGER_RTT_printf.c ****     Number = (Number / (int)Base);
ARM GAS  C:\Users\Bunyamin\AppData\Local\Temp\ccf4WuPE.s 			page 13


 438              		.loc 1 243 24
 439 001e 7B68     		ldr	r3, [r7, #4]
 440              		.loc 1 243 12
 441 0020 3A69     		ldr	r2, [r7, #16]
 442 0022 92FBF3F3 		sdiv	r3, r2, r3
 443 0026 3B61     		str	r3, [r7, #16]
 244:Middlewares/Third_Party/SEGGER/SEGGER_RTT_printf.c ****     Width++;
 444              		.loc 1 244 10
 445 0028 7B69     		ldr	r3, [r7, #20]
 446 002a 0133     		adds	r3, r3, #1
 447 002c 7B61     		str	r3, [r7, #20]
 448              	.L32:
 242:Middlewares/Third_Party/SEGGER/SEGGER_RTT_printf.c ****   while (Number >= (int)Base) {
 449              		.loc 1 242 20
 450 002e 7B68     		ldr	r3, [r7, #4]
 242:Middlewares/Third_Party/SEGGER/SEGGER_RTT_printf.c ****   while (Number >= (int)Base) {
 451              		.loc 1 242 17
 452 0030 3A69     		ldr	r2, [r7, #16]
 453 0032 9A42     		cmp	r2, r3
 454 0034 F3DA     		bge	.L33
 245:Middlewares/Third_Party/SEGGER/SEGGER_RTT_printf.c ****   }
 246:Middlewares/Third_Party/SEGGER/SEGGER_RTT_printf.c ****   if (NumDigits > Width) {
 455              		.loc 1 246 6
 456 0036 3A68     		ldr	r2, [r7]
 457 0038 7B69     		ldr	r3, [r7, #20]
 458 003a 9A42     		cmp	r2, r3
 459 003c 01D9     		bls	.L34
 247:Middlewares/Third_Party/SEGGER/SEGGER_RTT_printf.c ****     Width = NumDigits;
 460              		.loc 1 247 11
 461 003e 3B68     		ldr	r3, [r7]
 462 0040 7B61     		str	r3, [r7, #20]
 463              	.L34:
 248:Middlewares/Third_Party/SEGGER/SEGGER_RTT_printf.c ****   }
 249:Middlewares/Third_Party/SEGGER/SEGGER_RTT_printf.c ****   if ((FieldWidth > 0u) && ((v < 0) || ((FormatFlags & FORMAT_FLAG_PRINT_SIGN) == FORMAT_FLAG_PRINT
 464              		.loc 1 249 6
 465 0042 3B6A     		ldr	r3, [r7, #32]
 466 0044 002B     		cmp	r3, #0
 467 0046 0AD0     		beq	.L35
 468              		.loc 1 249 25 discriminator 1
 469 0048 BB68     		ldr	r3, [r7, #8]
 470 004a 002B     		cmp	r3, #0
 471 004c 04DB     		blt	.L36
 472              		.loc 1 249 54 discriminator 2
 473 004e 7B6A     		ldr	r3, [r7, #36]
 474 0050 03F00403 		and	r3, r3, #4
 475              		.loc 1 249 37 discriminator 2
 476 0054 002B     		cmp	r3, #0
 477 0056 02D0     		beq	.L35
 478              	.L36:
 250:Middlewares/Third_Party/SEGGER/SEGGER_RTT_printf.c ****     FieldWidth--;
 479              		.loc 1 250 15
 480 0058 3B6A     		ldr	r3, [r7, #32]
 481 005a 013B     		subs	r3, r3, #1
 482 005c 3B62     		str	r3, [r7, #32]
 483              	.L35:
 251:Middlewares/Third_Party/SEGGER/SEGGER_RTT_printf.c ****   }
 252:Middlewares/Third_Party/SEGGER/SEGGER_RTT_printf.c **** 
ARM GAS  C:\Users\Bunyamin\AppData\Local\Temp\ccf4WuPE.s 			page 14


 253:Middlewares/Third_Party/SEGGER/SEGGER_RTT_printf.c ****   //
 254:Middlewares/Third_Party/SEGGER/SEGGER_RTT_printf.c ****   // Print leading spaces if necessary
 255:Middlewares/Third_Party/SEGGER/SEGGER_RTT_printf.c ****   //
 256:Middlewares/Third_Party/SEGGER/SEGGER_RTT_printf.c ****   if ((((FormatFlags & FORMAT_FLAG_PAD_ZERO) == 0u) || (NumDigits != 0u)) && ((FormatFlags & FORMAT
 484              		.loc 1 256 22
 485 005e 7B6A     		ldr	r3, [r7, #36]
 486 0060 03F00203 		and	r3, r3, #2
 487              		.loc 1 256 6
 488 0064 002B     		cmp	r3, #0
 489 0066 02D0     		beq	.L37
 490              		.loc 1 256 53 discriminator 2
 491 0068 3B68     		ldr	r3, [r7]
 492 006a 002B     		cmp	r3, #0
 493 006c 1CD0     		beq	.L38
 494              	.L37:
 495              		.loc 1 256 92 discriminator 3
 496 006e 7B6A     		ldr	r3, [r7, #36]
 497 0070 03F00103 		and	r3, r3, #1
 498              		.loc 1 256 75 discriminator 3
 499 0074 002B     		cmp	r3, #0
 500 0076 17D1     		bne	.L38
 257:Middlewares/Third_Party/SEGGER/SEGGER_RTT_printf.c ****     if (FieldWidth != 0u) {
 501              		.loc 1 257 8
 502 0078 3B6A     		ldr	r3, [r7, #32]
 503 007a 002B     		cmp	r3, #0
 504 007c 14D0     		beq	.L38
 258:Middlewares/Third_Party/SEGGER/SEGGER_RTT_printf.c ****       while ((FieldWidth != 0u) && (Width < FieldWidth)) {
 505              		.loc 1 258 13
 506 007e 0AE0     		b	.L39
 507              	.L40:
 259:Middlewares/Third_Party/SEGGER/SEGGER_RTT_printf.c ****         FieldWidth--;
 508              		.loc 1 259 19
 509 0080 3B6A     		ldr	r3, [r7, #32]
 510 0082 013B     		subs	r3, r3, #1
 511 0084 3B62     		str	r3, [r7, #32]
 260:Middlewares/Third_Party/SEGGER/SEGGER_RTT_printf.c ****         _StoreChar(pBufferDesc, ' ');
 512              		.loc 1 260 9
 513 0086 2021     		movs	r1, #32
 514 0088 F868     		ldr	r0, [r7, #12]
 515 008a FFF7FEFF 		bl	_StoreChar
 261:Middlewares/Third_Party/SEGGER/SEGGER_RTT_printf.c ****         if (pBufferDesc->ReturnValue < 0) {
 516              		.loc 1 261 24
 517 008e FB68     		ldr	r3, [r7, #12]
 518 0090 DB68     		ldr	r3, [r3, #12]
 519              		.loc 1 261 12
 520 0092 002B     		cmp	r3, #0
 521 0094 07DB     		blt	.L47
 522              	.L39:
 258:Middlewares/Third_Party/SEGGER/SEGGER_RTT_printf.c ****         FieldWidth--;
 523              		.loc 1 258 33
 524 0096 3B6A     		ldr	r3, [r7, #32]
 525 0098 002B     		cmp	r3, #0
 526 009a 05D0     		beq	.L38
 258:Middlewares/Third_Party/SEGGER/SEGGER_RTT_printf.c ****         FieldWidth--;
 527              		.loc 1 258 33 is_stmt 0 discriminator 1
 528 009c 7A69     		ldr	r2, [r7, #20]
 529 009e 3B6A     		ldr	r3, [r7, #32]
ARM GAS  C:\Users\Bunyamin\AppData\Local\Temp\ccf4WuPE.s 			page 15


 530 00a0 9A42     		cmp	r2, r3
 531 00a2 EDD3     		bcc	.L40
 532 00a4 00E0     		b	.L38
 533              	.L47:
 262:Middlewares/Third_Party/SEGGER/SEGGER_RTT_printf.c ****           break;
 534              		.loc 1 262 11 is_stmt 1
 535 00a6 00BF     		nop
 536              	.L38:
 263:Middlewares/Third_Party/SEGGER/SEGGER_RTT_printf.c ****         }
 264:Middlewares/Third_Party/SEGGER/SEGGER_RTT_printf.c ****       }
 265:Middlewares/Third_Party/SEGGER/SEGGER_RTT_printf.c ****     }
 266:Middlewares/Third_Party/SEGGER/SEGGER_RTT_printf.c ****   }
 267:Middlewares/Third_Party/SEGGER/SEGGER_RTT_printf.c ****   //
 268:Middlewares/Third_Party/SEGGER/SEGGER_RTT_printf.c ****   // Print sign if necessary
 269:Middlewares/Third_Party/SEGGER/SEGGER_RTT_printf.c ****   //
 270:Middlewares/Third_Party/SEGGER/SEGGER_RTT_printf.c ****   if (pBufferDesc->ReturnValue >= 0) {
 537              		.loc 1 270 18
 538 00a8 FB68     		ldr	r3, [r7, #12]
 539 00aa DB68     		ldr	r3, [r3, #12]
 540              		.loc 1 270 6
 541 00ac 002B     		cmp	r3, #0
 542 00ae 4ADB     		blt	.L48
 271:Middlewares/Third_Party/SEGGER/SEGGER_RTT_printf.c ****     if (v < 0) {
 543              		.loc 1 271 8
 544 00b0 BB68     		ldr	r3, [r7, #8]
 545 00b2 002B     		cmp	r3, #0
 546 00b4 07DA     		bge	.L42
 272:Middlewares/Third_Party/SEGGER/SEGGER_RTT_printf.c ****       v = -v;
 547              		.loc 1 272 9
 548 00b6 BB68     		ldr	r3, [r7, #8]
 549 00b8 5B42     		rsbs	r3, r3, #0
 550 00ba BB60     		str	r3, [r7, #8]
 273:Middlewares/Third_Party/SEGGER/SEGGER_RTT_printf.c ****       _StoreChar(pBufferDesc, '-');
 551              		.loc 1 273 7
 552 00bc 2D21     		movs	r1, #45
 553 00be F868     		ldr	r0, [r7, #12]
 554 00c0 FFF7FEFF 		bl	_StoreChar
 555 00c4 08E0     		b	.L43
 556              	.L42:
 274:Middlewares/Third_Party/SEGGER/SEGGER_RTT_printf.c ****     } else if ((FormatFlags & FORMAT_FLAG_PRINT_SIGN) == FORMAT_FLAG_PRINT_SIGN) {
 557              		.loc 1 274 29
 558 00c6 7B6A     		ldr	r3, [r7, #36]
 559 00c8 03F00403 		and	r3, r3, #4
 560              		.loc 1 274 15
 561 00cc 002B     		cmp	r3, #0
 562 00ce 03D0     		beq	.L43
 275:Middlewares/Third_Party/SEGGER/SEGGER_RTT_printf.c ****       _StoreChar(pBufferDesc, '+');
 563              		.loc 1 275 7
 564 00d0 2B21     		movs	r1, #43
 565 00d2 F868     		ldr	r0, [r7, #12]
 566 00d4 FFF7FEFF 		bl	_StoreChar
 567              	.L43:
 276:Middlewares/Third_Party/SEGGER/SEGGER_RTT_printf.c ****     } else {
 277:Middlewares/Third_Party/SEGGER/SEGGER_RTT_printf.c **** 
 278:Middlewares/Third_Party/SEGGER/SEGGER_RTT_printf.c ****     }
 279:Middlewares/Third_Party/SEGGER/SEGGER_RTT_printf.c ****     if (pBufferDesc->ReturnValue >= 0) {
 568              		.loc 1 279 20
ARM GAS  C:\Users\Bunyamin\AppData\Local\Temp\ccf4WuPE.s 			page 16


 569 00d8 FB68     		ldr	r3, [r7, #12]
 570 00da DB68     		ldr	r3, [r3, #12]
 571              		.loc 1 279 8
 572 00dc 002B     		cmp	r3, #0
 573 00de 32DB     		blt	.L48
 280:Middlewares/Third_Party/SEGGER/SEGGER_RTT_printf.c ****       //
 281:Middlewares/Third_Party/SEGGER/SEGGER_RTT_printf.c ****       // Print leading zeros if necessary
 282:Middlewares/Third_Party/SEGGER/SEGGER_RTT_printf.c ****       //
 283:Middlewares/Third_Party/SEGGER/SEGGER_RTT_printf.c ****       if (((FormatFlags & FORMAT_FLAG_PAD_ZERO) == FORMAT_FLAG_PAD_ZERO) && ((FormatFlags & FORMAT_
 574              		.loc 1 283 25
 575 00e0 7B6A     		ldr	r3, [r7, #36]
 576 00e2 03F00203 		and	r3, r3, #2
 577              		.loc 1 283 10
 578 00e6 002B     		cmp	r3, #0
 579 00e8 1FD0     		beq	.L44
 580              		.loc 1 283 91 discriminator 1
 581 00ea 7B6A     		ldr	r3, [r7, #36]
 582 00ec 03F00103 		and	r3, r3, #1
 583              		.loc 1 283 74 discriminator 1
 584 00f0 002B     		cmp	r3, #0
 585 00f2 1AD1     		bne	.L44
 586              		.loc 1 283 126 discriminator 2
 587 00f4 3B68     		ldr	r3, [r7]
 588 00f6 002B     		cmp	r3, #0
 589 00f8 17D1     		bne	.L44
 284:Middlewares/Third_Party/SEGGER/SEGGER_RTT_printf.c ****         if (FieldWidth != 0u) {
 590              		.loc 1 284 12
 591 00fa 3B6A     		ldr	r3, [r7, #32]
 592 00fc 002B     		cmp	r3, #0
 593 00fe 14D0     		beq	.L44
 285:Middlewares/Third_Party/SEGGER/SEGGER_RTT_printf.c ****           while ((FieldWidth != 0u) && (Width < FieldWidth)) {
 594              		.loc 1 285 17
 595 0100 0AE0     		b	.L45
 596              	.L46:
 286:Middlewares/Third_Party/SEGGER/SEGGER_RTT_printf.c ****             FieldWidth--;
 597              		.loc 1 286 23
 598 0102 3B6A     		ldr	r3, [r7, #32]
 599 0104 013B     		subs	r3, r3, #1
 600 0106 3B62     		str	r3, [r7, #32]
 287:Middlewares/Third_Party/SEGGER/SEGGER_RTT_printf.c ****             _StoreChar(pBufferDesc, '0');
 601              		.loc 1 287 13
 602 0108 3021     		movs	r1, #48
 603 010a F868     		ldr	r0, [r7, #12]
 604 010c FFF7FEFF 		bl	_StoreChar
 288:Middlewares/Third_Party/SEGGER/SEGGER_RTT_printf.c ****             if (pBufferDesc->ReturnValue < 0) {
 605              		.loc 1 288 28
 606 0110 FB68     		ldr	r3, [r7, #12]
 607 0112 DB68     		ldr	r3, [r3, #12]
 608              		.loc 1 288 16
 609 0114 002B     		cmp	r3, #0
 610 0116 07DB     		blt	.L49
 611              	.L45:
 285:Middlewares/Third_Party/SEGGER/SEGGER_RTT_printf.c ****             FieldWidth--;
 612              		.loc 1 285 37
 613 0118 3B6A     		ldr	r3, [r7, #32]
 614 011a 002B     		cmp	r3, #0
 615 011c 05D0     		beq	.L44
ARM GAS  C:\Users\Bunyamin\AppData\Local\Temp\ccf4WuPE.s 			page 17


 285:Middlewares/Third_Party/SEGGER/SEGGER_RTT_printf.c ****             FieldWidth--;
 616              		.loc 1 285 37 is_stmt 0 discriminator 1
 617 011e 7A69     		ldr	r2, [r7, #20]
 618 0120 3B6A     		ldr	r3, [r7, #32]
 619 0122 9A42     		cmp	r2, r3
 620 0124 EDD3     		bcc	.L46
 621 0126 00E0     		b	.L44
 622              	.L49:
 289:Middlewares/Third_Party/SEGGER/SEGGER_RTT_printf.c ****               break;
 623              		.loc 1 289 15 is_stmt 1
 624 0128 00BF     		nop
 625              	.L44:
 290:Middlewares/Third_Party/SEGGER/SEGGER_RTT_printf.c ****             }
 291:Middlewares/Third_Party/SEGGER/SEGGER_RTT_printf.c ****           }
 292:Middlewares/Third_Party/SEGGER/SEGGER_RTT_printf.c ****         }
 293:Middlewares/Third_Party/SEGGER/SEGGER_RTT_printf.c ****       }
 294:Middlewares/Third_Party/SEGGER/SEGGER_RTT_printf.c ****       if (pBufferDesc->ReturnValue >= 0) {
 626              		.loc 1 294 22
 627 012a FB68     		ldr	r3, [r7, #12]
 628 012c DB68     		ldr	r3, [r3, #12]
 629              		.loc 1 294 10
 630 012e 002B     		cmp	r3, #0
 631 0130 09DB     		blt	.L48
 295:Middlewares/Third_Party/SEGGER/SEGGER_RTT_printf.c ****         //
 296:Middlewares/Third_Party/SEGGER/SEGGER_RTT_printf.c ****         // Print number without sign
 297:Middlewares/Third_Party/SEGGER/SEGGER_RTT_printf.c ****         //
 298:Middlewares/Third_Party/SEGGER/SEGGER_RTT_printf.c ****         _PrintUnsigned(pBufferDesc, (unsigned)v, Base, NumDigits, FieldWidth, FormatFlags);
 632              		.loc 1 298 9
 633 0132 B968     		ldr	r1, [r7, #8]
 634 0134 7B6A     		ldr	r3, [r7, #36]
 635 0136 0193     		str	r3, [sp, #4]
 636 0138 3B6A     		ldr	r3, [r7, #32]
 637 013a 0093     		str	r3, [sp]
 638 013c 3B68     		ldr	r3, [r7]
 639 013e 7A68     		ldr	r2, [r7, #4]
 640 0140 F868     		ldr	r0, [r7, #12]
 641 0142 FFF7FEFF 		bl	_PrintUnsigned
 642              	.L48:
 299:Middlewares/Third_Party/SEGGER/SEGGER_RTT_printf.c ****       }
 300:Middlewares/Third_Party/SEGGER/SEGGER_RTT_printf.c ****     }
 301:Middlewares/Third_Party/SEGGER/SEGGER_RTT_printf.c ****   }
 302:Middlewares/Third_Party/SEGGER/SEGGER_RTT_printf.c **** }
 643              		.loc 1 302 1
 644 0146 00BF     		nop
 645 0148 1837     		adds	r7, r7, #24
 646              	.LCFI13:
 647              		.cfi_def_cfa_offset 8
 648 014a BD46     		mov	sp, r7
 649              	.LCFI14:
 650              		.cfi_def_cfa_register 13
 651              		@ sp needed
 652 014c 80BD     		pop	{r7, pc}
 653              		.cfi_endproc
 654              	.LFE2:
 656              		.section	.text.SEGGER_RTT_vprintf,"ax",%progbits
 657              		.align	1
 658              		.global	SEGGER_RTT_vprintf
ARM GAS  C:\Users\Bunyamin\AppData\Local\Temp\ccf4WuPE.s 			page 18


 659              		.syntax unified
 660              		.thumb
 661              		.thumb_func
 663              	SEGGER_RTT_vprintf:
 664              	.LFB3:
 303:Middlewares/Third_Party/SEGGER/SEGGER_RTT_printf.c **** 
 304:Middlewares/Third_Party/SEGGER/SEGGER_RTT_printf.c **** /*********************************************************************
 305:Middlewares/Third_Party/SEGGER/SEGGER_RTT_printf.c **** *
 306:Middlewares/Third_Party/SEGGER/SEGGER_RTT_printf.c **** *       Public code
 307:Middlewares/Third_Party/SEGGER/SEGGER_RTT_printf.c **** *
 308:Middlewares/Third_Party/SEGGER/SEGGER_RTT_printf.c **** **********************************************************************
 309:Middlewares/Third_Party/SEGGER/SEGGER_RTT_printf.c **** */
 310:Middlewares/Third_Party/SEGGER/SEGGER_RTT_printf.c **** /*********************************************************************
 311:Middlewares/Third_Party/SEGGER/SEGGER_RTT_printf.c **** *
 312:Middlewares/Third_Party/SEGGER/SEGGER_RTT_printf.c **** *       SEGGER_RTT_vprintf
 313:Middlewares/Third_Party/SEGGER/SEGGER_RTT_printf.c **** *
 314:Middlewares/Third_Party/SEGGER/SEGGER_RTT_printf.c **** *  Function description
 315:Middlewares/Third_Party/SEGGER/SEGGER_RTT_printf.c **** *    Stores a formatted string in SEGGER RTT control block.
 316:Middlewares/Third_Party/SEGGER/SEGGER_RTT_printf.c **** *    This data is read by the host.
 317:Middlewares/Third_Party/SEGGER/SEGGER_RTT_printf.c **** *
 318:Middlewares/Third_Party/SEGGER/SEGGER_RTT_printf.c **** *  Parameters
 319:Middlewares/Third_Party/SEGGER/SEGGER_RTT_printf.c **** *    BufferIndex  Index of "Up"-buffer to be used. (e.g. 0 for "Terminal")
 320:Middlewares/Third_Party/SEGGER/SEGGER_RTT_printf.c **** *    sFormat      Pointer to format string
 321:Middlewares/Third_Party/SEGGER/SEGGER_RTT_printf.c **** *    pParamList   Pointer to the list of arguments for the format string
 322:Middlewares/Third_Party/SEGGER/SEGGER_RTT_printf.c **** *
 323:Middlewares/Third_Party/SEGGER/SEGGER_RTT_printf.c **** *  Return values
 324:Middlewares/Third_Party/SEGGER/SEGGER_RTT_printf.c **** *    >= 0:  Number of bytes which have been stored in the "Up"-buffer.
 325:Middlewares/Third_Party/SEGGER/SEGGER_RTT_printf.c **** *     < 0:  Error
 326:Middlewares/Third_Party/SEGGER/SEGGER_RTT_printf.c **** */
 327:Middlewares/Third_Party/SEGGER/SEGGER_RTT_printf.c **** int SEGGER_RTT_vprintf(unsigned BufferIndex, const char * sFormat, va_list * pParamList) {
 665              		.loc 1 327 90
 666              		.cfi_startproc
 667              		@ args = 0, pretend = 0, frame = 128
 668              		@ frame_needed = 1, uses_anonymous_args = 0
 669 0000 80B5     		push	{r7, lr}
 670              	.LCFI15:
 671              		.cfi_def_cfa_offset 8
 672              		.cfi_offset 7, -8
 673              		.cfi_offset 14, -4
 674 0002 A2B0     		sub	sp, sp, #136
 675              	.LCFI16:
 676              		.cfi_def_cfa_offset 144
 677 0004 02AF     		add	r7, sp, #8
 678              	.LCFI17:
 679              		.cfi_def_cfa 7, 136
 680 0006 F860     		str	r0, [r7, #12]
 681 0008 B960     		str	r1, [r7, #8]
 682 000a 7A60     		str	r2, [r7, #4]
 328:Middlewares/Third_Party/SEGGER/SEGGER_RTT_printf.c ****   char c;
 329:Middlewares/Third_Party/SEGGER/SEGGER_RTT_printf.c ****   SEGGER_RTT_PRINTF_DESC BufferDesc;
 330:Middlewares/Third_Party/SEGGER/SEGGER_RTT_printf.c ****   int v;
 331:Middlewares/Third_Party/SEGGER/SEGGER_RTT_printf.c ****   unsigned NumDigits;
 332:Middlewares/Third_Party/SEGGER/SEGGER_RTT_printf.c ****   unsigned FormatFlags;
 333:Middlewares/Third_Party/SEGGER/SEGGER_RTT_printf.c ****   unsigned FieldWidth;
 334:Middlewares/Third_Party/SEGGER/SEGGER_RTT_printf.c ****   char acBuffer[SEGGER_RTT_PRINTF_BUFFER_SIZE];
 335:Middlewares/Third_Party/SEGGER/SEGGER_RTT_printf.c **** 
 336:Middlewares/Third_Party/SEGGER/SEGGER_RTT_printf.c ****   BufferDesc.pBuffer        = acBuffer;
ARM GAS  C:\Users\Bunyamin\AppData\Local\Temp\ccf4WuPE.s 			page 19


 683              		.loc 1 336 29
 684 000c 07F11003 		add	r3, r7, #16
 685 0010 3B65     		str	r3, [r7, #80]
 337:Middlewares/Third_Party/SEGGER/SEGGER_RTT_printf.c ****   BufferDesc.BufferSize     = SEGGER_RTT_PRINTF_BUFFER_SIZE;
 686              		.loc 1 337 29
 687 0012 4023     		movs	r3, #64
 688 0014 7B65     		str	r3, [r7, #84]
 338:Middlewares/Third_Party/SEGGER/SEGGER_RTT_printf.c ****   BufferDesc.Cnt            = 0u;
 689              		.loc 1 338 29
 690 0016 0023     		movs	r3, #0
 691 0018 BB65     		str	r3, [r7, #88]
 339:Middlewares/Third_Party/SEGGER/SEGGER_RTT_printf.c ****   BufferDesc.RTTBufferIndex = BufferIndex;
 692              		.loc 1 339 29
 693 001a FB68     		ldr	r3, [r7, #12]
 694 001c 3B66     		str	r3, [r7, #96]
 340:Middlewares/Third_Party/SEGGER/SEGGER_RTT_printf.c ****   BufferDesc.ReturnValue    = 0;
 695              		.loc 1 340 29
 696 001e 0023     		movs	r3, #0
 697 0020 FB65     		str	r3, [r7, #92]
 698              	.L83:
 341:Middlewares/Third_Party/SEGGER/SEGGER_RTT_printf.c **** 
 342:Middlewares/Third_Party/SEGGER/SEGGER_RTT_printf.c ****   do {
 343:Middlewares/Third_Party/SEGGER/SEGGER_RTT_printf.c ****     c = *sFormat;
 699              		.loc 1 343 7
 700 0022 BB68     		ldr	r3, [r7, #8]
 701 0024 1B78     		ldrb	r3, [r3]
 702 0026 87F87F30 		strb	r3, [r7, #127]
 344:Middlewares/Third_Party/SEGGER/SEGGER_RTT_printf.c ****     sFormat++;
 703              		.loc 1 344 12
 704 002a BB68     		ldr	r3, [r7, #8]
 705 002c 0133     		adds	r3, r3, #1
 706 002e BB60     		str	r3, [r7, #8]
 345:Middlewares/Third_Party/SEGGER/SEGGER_RTT_printf.c ****     if (c == 0u) {
 707              		.loc 1 345 8
 708 0030 97F87F30 		ldrb	r3, [r7, #127]	@ zero_extendqisi2
 709 0034 002B     		cmp	r3, #0
 710 0036 00F09F81 		beq	.L88
 346:Middlewares/Third_Party/SEGGER/SEGGER_RTT_printf.c ****       break;
 347:Middlewares/Third_Party/SEGGER/SEGGER_RTT_printf.c ****     }
 348:Middlewares/Third_Party/SEGGER/SEGGER_RTT_printf.c ****     if (c == '%') {
 711              		.loc 1 348 8
 712 003a 97F87F30 		ldrb	r3, [r7, #127]	@ zero_extendqisi2
 713 003e 252B     		cmp	r3, #37
 714 0040 40F08D81 		bne	.L53
 349:Middlewares/Third_Party/SEGGER/SEGGER_RTT_printf.c ****       //
 350:Middlewares/Third_Party/SEGGER/SEGGER_RTT_printf.c ****       // Filter out flags
 351:Middlewares/Third_Party/SEGGER/SEGGER_RTT_printf.c ****       //
 352:Middlewares/Third_Party/SEGGER/SEGGER_RTT_printf.c ****       FormatFlags = 0u;
 715              		.loc 1 352 19
 716 0044 0023     		movs	r3, #0
 717 0046 3B67     		str	r3, [r7, #112]
 353:Middlewares/Third_Party/SEGGER/SEGGER_RTT_printf.c ****       v = 1;
 718              		.loc 1 353 9
 719 0048 0123     		movs	r3, #1
 720 004a BB67     		str	r3, [r7, #120]
 721              	.L61:
 354:Middlewares/Third_Party/SEGGER/SEGGER_RTT_printf.c ****       do {
ARM GAS  C:\Users\Bunyamin\AppData\Local\Temp\ccf4WuPE.s 			page 20


 355:Middlewares/Third_Party/SEGGER/SEGGER_RTT_printf.c ****         c = *sFormat;
 722              		.loc 1 355 11
 723 004c BB68     		ldr	r3, [r7, #8]
 724 004e 1B78     		ldrb	r3, [r3]
 725 0050 87F87F30 		strb	r3, [r7, #127]
 356:Middlewares/Third_Party/SEGGER/SEGGER_RTT_printf.c ****         switch (c) {
 726              		.loc 1 356 9
 727 0054 97F87F30 		ldrb	r3, [r7, #127]	@ zero_extendqisi2
 728 0058 233B     		subs	r3, r3, #35
 729 005a 0D2B     		cmp	r3, #13
 730 005c 3ED8     		bhi	.L54
 731 005e 01A2     		adr	r2, .L56
 732 0060 52F823F0 		ldr	pc, [r2, r3, lsl #2]
 733              		.p2align 2
 734              	.L56:
 735 0064 CD000000 		.word	.L59+1
 736 0068 DD000000 		.word	.L54+1
 737 006c DD000000 		.word	.L54+1
 738 0070 DD000000 		.word	.L54+1
 739 0074 DD000000 		.word	.L54+1
 740 0078 DD000000 		.word	.L54+1
 741 007c DD000000 		.word	.L54+1
 742 0080 DD000000 		.word	.L54+1
 743 0084 BD000000 		.word	.L58+1
 744 0088 DD000000 		.word	.L54+1
 745 008c 9D000000 		.word	.L57+1
 746 0090 DD000000 		.word	.L54+1
 747 0094 DD000000 		.word	.L54+1
 748 0098 AD000000 		.word	.L55+1
 749              		.p2align 1
 750              	.L57:
 357:Middlewares/Third_Party/SEGGER/SEGGER_RTT_printf.c ****         case '-': FormatFlags |= FORMAT_FLAG_LEFT_JUSTIFY; sFormat++; break;
 751              		.loc 1 357 31
 752 009c 3B6F     		ldr	r3, [r7, #112]
 753 009e 43F00103 		orr	r3, r3, #1
 754 00a2 3B67     		str	r3, [r7, #112]
 755              		.loc 1 357 67
 756 00a4 BB68     		ldr	r3, [r7, #8]
 757 00a6 0133     		adds	r3, r3, #1
 758 00a8 BB60     		str	r3, [r7, #8]
 759              		.loc 1 357 71
 760 00aa 1AE0     		b	.L60
 761              	.L55:
 358:Middlewares/Third_Party/SEGGER/SEGGER_RTT_printf.c ****         case '0': FormatFlags |= FORMAT_FLAG_PAD_ZERO;     sFormat++; break;
 762              		.loc 1 358 31
 763 00ac 3B6F     		ldr	r3, [r7, #112]
 764 00ae 43F00203 		orr	r3, r3, #2
 765 00b2 3B67     		str	r3, [r7, #112]
 766              		.loc 1 358 67
 767 00b4 BB68     		ldr	r3, [r7, #8]
 768 00b6 0133     		adds	r3, r3, #1
 769 00b8 BB60     		str	r3, [r7, #8]
 770              		.loc 1 358 71
 771 00ba 12E0     		b	.L60
 772              	.L58:
 359:Middlewares/Third_Party/SEGGER/SEGGER_RTT_printf.c ****         case '+': FormatFlags |= FORMAT_FLAG_PRINT_SIGN;   sFormat++; break;
 773              		.loc 1 359 31
ARM GAS  C:\Users\Bunyamin\AppData\Local\Temp\ccf4WuPE.s 			page 21


 774 00bc 3B6F     		ldr	r3, [r7, #112]
 775 00be 43F00403 		orr	r3, r3, #4
 776 00c2 3B67     		str	r3, [r7, #112]
 777              		.loc 1 359 67
 778 00c4 BB68     		ldr	r3, [r7, #8]
 779 00c6 0133     		adds	r3, r3, #1
 780 00c8 BB60     		str	r3, [r7, #8]
 781              		.loc 1 359 71
 782 00ca 0AE0     		b	.L60
 783              	.L59:
 360:Middlewares/Third_Party/SEGGER/SEGGER_RTT_printf.c ****         case '#': FormatFlags |= FORMAT_FLAG_ALTERNATE;    sFormat++; break;
 784              		.loc 1 360 31
 785 00cc 3B6F     		ldr	r3, [r7, #112]
 786 00ce 43F00803 		orr	r3, r3, #8
 787 00d2 3B67     		str	r3, [r7, #112]
 788              		.loc 1 360 67
 789 00d4 BB68     		ldr	r3, [r7, #8]
 790 00d6 0133     		adds	r3, r3, #1
 791 00d8 BB60     		str	r3, [r7, #8]
 792              		.loc 1 360 71
 793 00da 02E0     		b	.L60
 794              	.L54:
 361:Middlewares/Third_Party/SEGGER/SEGGER_RTT_printf.c ****         default:  v = 0; break;
 795              		.loc 1 361 21
 796 00dc 0023     		movs	r3, #0
 797 00de BB67     		str	r3, [r7, #120]
 798              		.loc 1 361 26
 799 00e0 00BF     		nop
 800              	.L60:
 362:Middlewares/Third_Party/SEGGER/SEGGER_RTT_printf.c ****         }
 363:Middlewares/Third_Party/SEGGER/SEGGER_RTT_printf.c ****       } while (v);
 801              		.loc 1 363 16
 802 00e2 BB6F     		ldr	r3, [r7, #120]
 803 00e4 002B     		cmp	r3, #0
 804 00e6 B1D1     		bne	.L61
 364:Middlewares/Third_Party/SEGGER/SEGGER_RTT_printf.c ****       //
 365:Middlewares/Third_Party/SEGGER/SEGGER_RTT_printf.c ****       // filter out field with
 366:Middlewares/Third_Party/SEGGER/SEGGER_RTT_printf.c ****       //
 367:Middlewares/Third_Party/SEGGER/SEGGER_RTT_printf.c ****       FieldWidth = 0u;
 805              		.loc 1 367 18
 806 00e8 0023     		movs	r3, #0
 807 00ea FB66     		str	r3, [r7, #108]
 808              	.L63:
 368:Middlewares/Third_Party/SEGGER/SEGGER_RTT_printf.c ****       do {
 369:Middlewares/Third_Party/SEGGER/SEGGER_RTT_printf.c ****         c = *sFormat;
 809              		.loc 1 369 11
 810 00ec BB68     		ldr	r3, [r7, #8]
 811 00ee 1B78     		ldrb	r3, [r3]
 812 00f0 87F87F30 		strb	r3, [r7, #127]
 370:Middlewares/Third_Party/SEGGER/SEGGER_RTT_printf.c ****         if ((c < '0') || (c > '9')) {
 813              		.loc 1 370 12
 814 00f4 97F87F30 		ldrb	r3, [r7, #127]	@ zero_extendqisi2
 815 00f8 2F2B     		cmp	r3, #47
 816 00fa 12D9     		bls	.L62
 817              		.loc 1 370 23 discriminator 1
 818 00fc 97F87F30 		ldrb	r3, [r7, #127]	@ zero_extendqisi2
 819 0100 392B     		cmp	r3, #57
ARM GAS  C:\Users\Bunyamin\AppData\Local\Temp\ccf4WuPE.s 			page 22


 820 0102 0ED8     		bhi	.L62
 371:Middlewares/Third_Party/SEGGER/SEGGER_RTT_printf.c ****           break;
 372:Middlewares/Third_Party/SEGGER/SEGGER_RTT_printf.c ****         }
 373:Middlewares/Third_Party/SEGGER/SEGGER_RTT_printf.c ****         sFormat++;
 821              		.loc 1 373 16
 822 0104 BB68     		ldr	r3, [r7, #8]
 823 0106 0133     		adds	r3, r3, #1
 824 0108 BB60     		str	r3, [r7, #8]
 374:Middlewares/Third_Party/SEGGER/SEGGER_RTT_printf.c ****         FieldWidth = (FieldWidth * 10u) + ((unsigned)c - '0');
 825              		.loc 1 374 34
 826 010a FA6E     		ldr	r2, [r7, #108]
 827 010c 1346     		mov	r3, r2
 828 010e 9B00     		lsls	r3, r3, #2
 829 0110 1344     		add	r3, r3, r2
 830 0112 5B00     		lsls	r3, r3, #1
 831 0114 1A46     		mov	r2, r3
 832              		.loc 1 374 44
 833 0116 97F87F30 		ldrb	r3, [r7, #127]	@ zero_extendqisi2
 834              		.loc 1 374 41
 835 011a 1344     		add	r3, r3, r2
 836              		.loc 1 374 20
 837 011c 303B     		subs	r3, r3, #48
 838 011e FB66     		str	r3, [r7, #108]
 369:Middlewares/Third_Party/SEGGER/SEGGER_RTT_printf.c ****         if ((c < '0') || (c > '9')) {
 839              		.loc 1 369 11
 840 0120 E4E7     		b	.L63
 841              	.L62:
 375:Middlewares/Third_Party/SEGGER/SEGGER_RTT_printf.c ****       } while (1);
 376:Middlewares/Third_Party/SEGGER/SEGGER_RTT_printf.c **** 
 377:Middlewares/Third_Party/SEGGER/SEGGER_RTT_printf.c ****       //
 378:Middlewares/Third_Party/SEGGER/SEGGER_RTT_printf.c ****       // Filter out precision (number of digits to display)
 379:Middlewares/Third_Party/SEGGER/SEGGER_RTT_printf.c ****       //
 380:Middlewares/Third_Party/SEGGER/SEGGER_RTT_printf.c ****       NumDigits = 0u;
 842              		.loc 1 380 17
 843 0122 0023     		movs	r3, #0
 844 0124 7B67     		str	r3, [r7, #116]
 381:Middlewares/Third_Party/SEGGER/SEGGER_RTT_printf.c ****       c = *sFormat;
 845              		.loc 1 381 9
 846 0126 BB68     		ldr	r3, [r7, #8]
 847 0128 1B78     		ldrb	r3, [r3]
 848 012a 87F87F30 		strb	r3, [r7, #127]
 382:Middlewares/Third_Party/SEGGER/SEGGER_RTT_printf.c ****       if (c == '.') {
 849              		.loc 1 382 10
 850 012e 97F87F30 		ldrb	r3, [r7, #127]	@ zero_extendqisi2
 851 0132 2E2B     		cmp	r3, #46
 852 0134 1DD1     		bne	.L64
 383:Middlewares/Third_Party/SEGGER/SEGGER_RTT_printf.c ****         sFormat++;
 853              		.loc 1 383 16
 854 0136 BB68     		ldr	r3, [r7, #8]
 855 0138 0133     		adds	r3, r3, #1
 856 013a BB60     		str	r3, [r7, #8]
 857              	.L65:
 384:Middlewares/Third_Party/SEGGER/SEGGER_RTT_printf.c ****         do {
 385:Middlewares/Third_Party/SEGGER/SEGGER_RTT_printf.c ****           c = *sFormat;
 858              		.loc 1 385 13
 859 013c BB68     		ldr	r3, [r7, #8]
 860 013e 1B78     		ldrb	r3, [r3]
ARM GAS  C:\Users\Bunyamin\AppData\Local\Temp\ccf4WuPE.s 			page 23


 861 0140 87F87F30 		strb	r3, [r7, #127]
 386:Middlewares/Third_Party/SEGGER/SEGGER_RTT_printf.c ****           if ((c < '0') || (c > '9')) {
 862              		.loc 1 386 14
 863 0144 97F87F30 		ldrb	r3, [r7, #127]	@ zero_extendqisi2
 864 0148 2F2B     		cmp	r3, #47
 865 014a 12D9     		bls	.L64
 866              		.loc 1 386 25 discriminator 1
 867 014c 97F87F30 		ldrb	r3, [r7, #127]	@ zero_extendqisi2
 868 0150 392B     		cmp	r3, #57
 869 0152 0ED8     		bhi	.L64
 387:Middlewares/Third_Party/SEGGER/SEGGER_RTT_printf.c ****             break;
 388:Middlewares/Third_Party/SEGGER/SEGGER_RTT_printf.c ****           }
 389:Middlewares/Third_Party/SEGGER/SEGGER_RTT_printf.c ****           sFormat++;
 870              		.loc 1 389 18
 871 0154 BB68     		ldr	r3, [r7, #8]
 872 0156 0133     		adds	r3, r3, #1
 873 0158 BB60     		str	r3, [r7, #8]
 390:Middlewares/Third_Party/SEGGER/SEGGER_RTT_printf.c ****           NumDigits = NumDigits * 10u + ((unsigned)c - '0');
 874              		.loc 1 390 33
 875 015a 7A6F     		ldr	r2, [r7, #116]
 876 015c 1346     		mov	r3, r2
 877 015e 9B00     		lsls	r3, r3, #2
 878 0160 1344     		add	r3, r3, r2
 879 0162 5B00     		lsls	r3, r3, #1
 880 0164 1A46     		mov	r2, r3
 881              		.loc 1 390 42
 882 0166 97F87F30 		ldrb	r3, [r7, #127]	@ zero_extendqisi2
 883              		.loc 1 390 39
 884 016a 1344     		add	r3, r3, r2
 885              		.loc 1 390 21
 886 016c 303B     		subs	r3, r3, #48
 887 016e 7B67     		str	r3, [r7, #116]
 385:Middlewares/Third_Party/SEGGER/SEGGER_RTT_printf.c ****           if ((c < '0') || (c > '9')) {
 888              		.loc 1 385 13
 889 0170 E4E7     		b	.L65
 890              	.L64:
 391:Middlewares/Third_Party/SEGGER/SEGGER_RTT_printf.c ****         } while (1);
 392:Middlewares/Third_Party/SEGGER/SEGGER_RTT_printf.c ****       }
 393:Middlewares/Third_Party/SEGGER/SEGGER_RTT_printf.c ****       //
 394:Middlewares/Third_Party/SEGGER/SEGGER_RTT_printf.c ****       // Filter out length modifier
 395:Middlewares/Third_Party/SEGGER/SEGGER_RTT_printf.c ****       //
 396:Middlewares/Third_Party/SEGGER/SEGGER_RTT_printf.c ****       c = *sFormat;
 891              		.loc 1 396 9
 892 0172 BB68     		ldr	r3, [r7, #8]
 893 0174 1B78     		ldrb	r3, [r3]
 894 0176 87F87F30 		strb	r3, [r7, #127]
 895              	.L68:
 397:Middlewares/Third_Party/SEGGER/SEGGER_RTT_printf.c ****       do {
 398:Middlewares/Third_Party/SEGGER/SEGGER_RTT_printf.c ****         if ((c == 'l') || (c == 'h')) {
 896              		.loc 1 398 12
 897 017a 97F87F30 		ldrb	r3, [r7, #127]	@ zero_extendqisi2
 898 017e 6C2B     		cmp	r3, #108
 899 0180 03D0     		beq	.L66
 900              		.loc 1 398 24 discriminator 1
 901 0182 97F87F30 		ldrb	r3, [r7, #127]	@ zero_extendqisi2
 902 0186 682B     		cmp	r3, #104
 903 0188 07D1     		bne	.L67
ARM GAS  C:\Users\Bunyamin\AppData\Local\Temp\ccf4WuPE.s 			page 24


 904              	.L66:
 399:Middlewares/Third_Party/SEGGER/SEGGER_RTT_printf.c ****           sFormat++;
 905              		.loc 1 399 18
 906 018a BB68     		ldr	r3, [r7, #8]
 907 018c 0133     		adds	r3, r3, #1
 908 018e BB60     		str	r3, [r7, #8]
 400:Middlewares/Third_Party/SEGGER/SEGGER_RTT_printf.c ****           c = *sFormat;
 909              		.loc 1 400 13
 910 0190 BB68     		ldr	r3, [r7, #8]
 911 0192 1B78     		ldrb	r3, [r3]
 912 0194 87F87F30 		strb	r3, [r7, #127]
 398:Middlewares/Third_Party/SEGGER/SEGGER_RTT_printf.c ****           sFormat++;
 913              		.loc 1 398 12
 914 0198 EFE7     		b	.L68
 915              	.L67:
 401:Middlewares/Third_Party/SEGGER/SEGGER_RTT_printf.c ****         } else {
 402:Middlewares/Third_Party/SEGGER/SEGGER_RTT_printf.c ****           break;
 403:Middlewares/Third_Party/SEGGER/SEGGER_RTT_printf.c ****         }
 404:Middlewares/Third_Party/SEGGER/SEGGER_RTT_printf.c ****       } while (1);
 405:Middlewares/Third_Party/SEGGER/SEGGER_RTT_printf.c ****       //
 406:Middlewares/Third_Party/SEGGER/SEGGER_RTT_printf.c ****       // Handle specifiers
 407:Middlewares/Third_Party/SEGGER/SEGGER_RTT_printf.c ****       //
 408:Middlewares/Third_Party/SEGGER/SEGGER_RTT_printf.c ****       switch (c) {
 916              		.loc 1 408 7
 917 019a 97F87F30 		ldrb	r3, [r7, #127]	@ zero_extendqisi2
 918 019e 252B     		cmp	r3, #37
 919 01a0 00F0D180 		beq	.L69
 920 01a4 252B     		cmp	r3, #37
 921 01a6 C0F2D580 		blt	.L89
 922 01aa 782B     		cmp	r3, #120
 923 01ac 00F3D280 		bgt	.L89
 924 01b0 582B     		cmp	r3, #88
 925 01b2 C0F2CF80 		blt	.L89
 926 01b6 583B     		subs	r3, r3, #88
 927 01b8 202B     		cmp	r3, #32
 928 01ba 00F2CB80 		bhi	.L89
 929 01be 01A2     		adr	r2, .L72
 930 01c0 52F823F0 		ldr	pc, [r2, r3, lsl #2]
 931              		.p2align 2
 932              	.L72:
 933 01c4 BB020000 		.word	.L71+1
 934 01c8 55030000 		.word	.L89+1
 935 01cc 55030000 		.word	.L89+1
 936 01d0 55030000 		.word	.L89+1
 937 01d4 55030000 		.word	.L89+1
 938 01d8 55030000 		.word	.L89+1
 939 01dc 55030000 		.word	.L89+1
 940 01e0 55030000 		.word	.L89+1
 941 01e4 55030000 		.word	.L89+1
 942 01e8 55030000 		.word	.L89+1
 943 01ec 55030000 		.word	.L89+1
 944 01f0 49020000 		.word	.L77+1
 945 01f4 6F020000 		.word	.L76+1
 946 01f8 55030000 		.word	.L89+1
 947 01fc 55030000 		.word	.L89+1
 948 0200 55030000 		.word	.L89+1
 949 0204 55030000 		.word	.L89+1
ARM GAS  C:\Users\Bunyamin\AppData\Local\Temp\ccf4WuPE.s 			page 25


 950 0208 55030000 		.word	.L89+1
 951 020c 55030000 		.word	.L89+1
 952 0210 55030000 		.word	.L89+1
 953 0214 55030000 		.word	.L89+1
 954 0218 55030000 		.word	.L89+1
 955 021c 55030000 		.word	.L89+1
 956 0220 55030000 		.word	.L89+1
 957 0224 21030000 		.word	.L75+1
 958 0228 55030000 		.word	.L89+1
 959 022c 55030000 		.word	.L89+1
 960 0230 E1020000 		.word	.L74+1
 961 0234 55030000 		.word	.L89+1
 962 0238 95020000 		.word	.L73+1
 963 023c 55030000 		.word	.L89+1
 964 0240 55030000 		.word	.L89+1
 965 0244 BB020000 		.word	.L71+1
 966              		.p2align 1
 967              	.L77:
 968              	.LBB2:
 409:Middlewares/Third_Party/SEGGER/SEGGER_RTT_printf.c ****       case 'c': {
 410:Middlewares/Third_Party/SEGGER/SEGGER_RTT_printf.c ****         char c0;
 411:Middlewares/Third_Party/SEGGER/SEGGER_RTT_printf.c ****         v = va_arg(*pParamList, int);
 969              		.loc 1 411 11
 970 0248 7B68     		ldr	r3, [r7, #4]
 971 024a 1B68     		ldr	r3, [r3]
 972 024c 191D     		adds	r1, r3, #4
 973 024e 7A68     		ldr	r2, [r7, #4]
 974 0250 1160     		str	r1, [r2]
 975 0252 1B68     		ldr	r3, [r3]
 976 0254 BB67     		str	r3, [r7, #120]
 412:Middlewares/Third_Party/SEGGER/SEGGER_RTT_printf.c ****         c0 = (char)v;
 977              		.loc 1 412 12
 978 0256 BB6F     		ldr	r3, [r7, #120]
 979 0258 87F86730 		strb	r3, [r7, #103]
 413:Middlewares/Third_Party/SEGGER/SEGGER_RTT_printf.c ****         _StoreChar(&BufferDesc, c0);
 980              		.loc 1 413 9
 981 025c 97F86720 		ldrb	r2, [r7, #103]	@ zero_extendqisi2
 982 0260 07F15003 		add	r3, r7, #80
 983 0264 1146     		mov	r1, r2
 984 0266 1846     		mov	r0, r3
 985 0268 FFF7FEFF 		bl	_StoreChar
 414:Middlewares/Third_Party/SEGGER/SEGGER_RTT_printf.c ****         break;
 986              		.loc 1 414 9
 987 026c 73E0     		b	.L78
 988              	.L76:
 989              	.LBE2:
 415:Middlewares/Third_Party/SEGGER/SEGGER_RTT_printf.c ****       }
 416:Middlewares/Third_Party/SEGGER/SEGGER_RTT_printf.c ****       case 'd':
 417:Middlewares/Third_Party/SEGGER/SEGGER_RTT_printf.c ****         v = va_arg(*pParamList, int);
 990              		.loc 1 417 11
 991 026e 7B68     		ldr	r3, [r7, #4]
 992 0270 1B68     		ldr	r3, [r3]
 993 0272 191D     		adds	r1, r3, #4
 994 0274 7A68     		ldr	r2, [r7, #4]
 995 0276 1160     		str	r1, [r2]
 996 0278 1B68     		ldr	r3, [r3]
 997 027a BB67     		str	r3, [r7, #120]
ARM GAS  C:\Users\Bunyamin\AppData\Local\Temp\ccf4WuPE.s 			page 26


 418:Middlewares/Third_Party/SEGGER/SEGGER_RTT_printf.c ****         _PrintInt(&BufferDesc, v, 10u, NumDigits, FieldWidth, FormatFlags);
 998              		.loc 1 418 9
 999 027c 07F15000 		add	r0, r7, #80
 1000 0280 3B6F     		ldr	r3, [r7, #112]
 1001 0282 0193     		str	r3, [sp, #4]
 1002 0284 FB6E     		ldr	r3, [r7, #108]
 1003 0286 0093     		str	r3, [sp]
 1004 0288 7B6F     		ldr	r3, [r7, #116]
 1005 028a 0A22     		movs	r2, #10
 1006 028c B96F     		ldr	r1, [r7, #120]
 1007 028e FFF7FEFF 		bl	_PrintInt
 419:Middlewares/Third_Party/SEGGER/SEGGER_RTT_printf.c ****         break;
 1008              		.loc 1 419 9
 1009 0292 60E0     		b	.L78
 1010              	.L73:
 420:Middlewares/Third_Party/SEGGER/SEGGER_RTT_printf.c ****       case 'u':
 421:Middlewares/Third_Party/SEGGER/SEGGER_RTT_printf.c ****         v = va_arg(*pParamList, int);
 1011              		.loc 1 421 11
 1012 0294 7B68     		ldr	r3, [r7, #4]
 1013 0296 1B68     		ldr	r3, [r3]
 1014 0298 191D     		adds	r1, r3, #4
 1015 029a 7A68     		ldr	r2, [r7, #4]
 1016 029c 1160     		str	r1, [r2]
 1017 029e 1B68     		ldr	r3, [r3]
 1018 02a0 BB67     		str	r3, [r7, #120]
 422:Middlewares/Third_Party/SEGGER/SEGGER_RTT_printf.c ****         _PrintUnsigned(&BufferDesc, (unsigned)v, 10u, NumDigits, FieldWidth, FormatFlags);
 1019              		.loc 1 422 9
 1020 02a2 B96F     		ldr	r1, [r7, #120]
 1021 02a4 07F15000 		add	r0, r7, #80
 1022 02a8 3B6F     		ldr	r3, [r7, #112]
 1023 02aa 0193     		str	r3, [sp, #4]
 1024 02ac FB6E     		ldr	r3, [r7, #108]
 1025 02ae 0093     		str	r3, [sp]
 1026 02b0 7B6F     		ldr	r3, [r7, #116]
 1027 02b2 0A22     		movs	r2, #10
 1028 02b4 FFF7FEFF 		bl	_PrintUnsigned
 423:Middlewares/Third_Party/SEGGER/SEGGER_RTT_printf.c ****         break;
 1029              		.loc 1 423 9
 1030 02b8 4DE0     		b	.L78
 1031              	.L71:
 424:Middlewares/Third_Party/SEGGER/SEGGER_RTT_printf.c ****       case 'x':
 425:Middlewares/Third_Party/SEGGER/SEGGER_RTT_printf.c ****       case 'X':
 426:Middlewares/Third_Party/SEGGER/SEGGER_RTT_printf.c ****         v = va_arg(*pParamList, int);
 1032              		.loc 1 426 11
 1033 02ba 7B68     		ldr	r3, [r7, #4]
 1034 02bc 1B68     		ldr	r3, [r3]
 1035 02be 191D     		adds	r1, r3, #4
 1036 02c0 7A68     		ldr	r2, [r7, #4]
 1037 02c2 1160     		str	r1, [r2]
 1038 02c4 1B68     		ldr	r3, [r3]
 1039 02c6 BB67     		str	r3, [r7, #120]
 427:Middlewares/Third_Party/SEGGER/SEGGER_RTT_printf.c ****         _PrintUnsigned(&BufferDesc, (unsigned)v, 16u, NumDigits, FieldWidth, FormatFlags);
 1040              		.loc 1 427 9
 1041 02c8 B96F     		ldr	r1, [r7, #120]
 1042 02ca 07F15000 		add	r0, r7, #80
 1043 02ce 3B6F     		ldr	r3, [r7, #112]
 1044 02d0 0193     		str	r3, [sp, #4]
ARM GAS  C:\Users\Bunyamin\AppData\Local\Temp\ccf4WuPE.s 			page 27


 1045 02d2 FB6E     		ldr	r3, [r7, #108]
 1046 02d4 0093     		str	r3, [sp]
 1047 02d6 7B6F     		ldr	r3, [r7, #116]
 1048 02d8 1022     		movs	r2, #16
 1049 02da FFF7FEFF 		bl	_PrintUnsigned
 428:Middlewares/Third_Party/SEGGER/SEGGER_RTT_printf.c ****         break;
 1050              		.loc 1 428 9
 1051 02de 3AE0     		b	.L78
 1052              	.L74:
 1053              	.LBB3:
 429:Middlewares/Third_Party/SEGGER/SEGGER_RTT_printf.c ****       case 's':
 430:Middlewares/Third_Party/SEGGER/SEGGER_RTT_printf.c ****         {
 431:Middlewares/Third_Party/SEGGER/SEGGER_RTT_printf.c ****           const char * s = va_arg(*pParamList, const char *);
 1054              		.loc 1 431 24
 1055 02e0 7B68     		ldr	r3, [r7, #4]
 1056 02e2 1B68     		ldr	r3, [r3]
 1057 02e4 191D     		adds	r1, r3, #4
 1058 02e6 7A68     		ldr	r2, [r7, #4]
 1059 02e8 1160     		str	r1, [r2]
 1060 02ea 1B68     		ldr	r3, [r3]
 1061 02ec BB66     		str	r3, [r7, #104]
 1062              	.L81:
 432:Middlewares/Third_Party/SEGGER/SEGGER_RTT_printf.c ****           do {
 433:Middlewares/Third_Party/SEGGER/SEGGER_RTT_printf.c ****             c = *s;
 1063              		.loc 1 433 15
 1064 02ee BB6E     		ldr	r3, [r7, #104]
 1065 02f0 1B78     		ldrb	r3, [r3]
 1066 02f2 87F87F30 		strb	r3, [r7, #127]
 434:Middlewares/Third_Party/SEGGER/SEGGER_RTT_printf.c ****             s++;
 1067              		.loc 1 434 14
 1068 02f6 BB6E     		ldr	r3, [r7, #104]
 1069 02f8 0133     		adds	r3, r3, #1
 1070 02fa BB66     		str	r3, [r7, #104]
 435:Middlewares/Third_Party/SEGGER/SEGGER_RTT_printf.c ****             if (c == '\0') {
 1071              		.loc 1 435 16
 1072 02fc 97F87F30 		ldrb	r3, [r7, #127]	@ zero_extendqisi2
 1073 0300 002B     		cmp	r3, #0
 1074 0302 0BD0     		beq	.L90
 436:Middlewares/Third_Party/SEGGER/SEGGER_RTT_printf.c ****               break;
 437:Middlewares/Third_Party/SEGGER/SEGGER_RTT_printf.c ****             }
 438:Middlewares/Third_Party/SEGGER/SEGGER_RTT_printf.c ****            _StoreChar(&BufferDesc, c);
 1075              		.loc 1 438 12
 1076 0304 97F87F20 		ldrb	r2, [r7, #127]	@ zero_extendqisi2
 1077 0308 07F15003 		add	r3, r7, #80
 1078 030c 1146     		mov	r1, r2
 1079 030e 1846     		mov	r0, r3
 1080 0310 FFF7FEFF 		bl	_StoreChar
 439:Middlewares/Third_Party/SEGGER/SEGGER_RTT_printf.c ****           } while (BufferDesc.ReturnValue >= 0);
 1081              		.loc 1 439 30
 1082 0314 FB6D     		ldr	r3, [r7, #92]
 1083              		.loc 1 439 43
 1084 0316 002B     		cmp	r3, #0
 1085 0318 E9DA     		bge	.L81
 1086              	.LBE3:
 440:Middlewares/Third_Party/SEGGER/SEGGER_RTT_printf.c ****         }
 441:Middlewares/Third_Party/SEGGER/SEGGER_RTT_printf.c ****         break;
 1087              		.loc 1 441 9
ARM GAS  C:\Users\Bunyamin\AppData\Local\Temp\ccf4WuPE.s 			page 28


 1088 031a 1CE0     		b	.L78
 1089              	.L90:
 1090              	.LBB4:
 436:Middlewares/Third_Party/SEGGER/SEGGER_RTT_printf.c ****             }
 1091              		.loc 1 436 15
 1092 031c 00BF     		nop
 1093              	.LBE4:
 1094              		.loc 1 441 9
 1095 031e 1AE0     		b	.L78
 1096              	.L75:
 442:Middlewares/Third_Party/SEGGER/SEGGER_RTT_printf.c ****       case 'p':
 443:Middlewares/Third_Party/SEGGER/SEGGER_RTT_printf.c ****         v = va_arg(*pParamList, int);
 1097              		.loc 1 443 11
 1098 0320 7B68     		ldr	r3, [r7, #4]
 1099 0322 1B68     		ldr	r3, [r3]
 1100 0324 191D     		adds	r1, r3, #4
 1101 0326 7A68     		ldr	r2, [r7, #4]
 1102 0328 1160     		str	r1, [r2]
 1103 032a 1B68     		ldr	r3, [r3]
 1104 032c BB67     		str	r3, [r7, #120]
 444:Middlewares/Third_Party/SEGGER/SEGGER_RTT_printf.c ****         _PrintUnsigned(&BufferDesc, (unsigned)v, 16u, 8u, 8u, 0u);
 1105              		.loc 1 444 9
 1106 032e B96F     		ldr	r1, [r7, #120]
 1107 0330 07F15000 		add	r0, r7, #80
 1108 0334 0023     		movs	r3, #0
 1109 0336 0193     		str	r3, [sp, #4]
 1110 0338 0823     		movs	r3, #8
 1111 033a 0093     		str	r3, [sp]
 1112 033c 0823     		movs	r3, #8
 1113 033e 1022     		movs	r2, #16
 1114 0340 FFF7FEFF 		bl	_PrintUnsigned
 445:Middlewares/Third_Party/SEGGER/SEGGER_RTT_printf.c ****         break;
 1115              		.loc 1 445 9
 1116 0344 07E0     		b	.L78
 1117              	.L69:
 446:Middlewares/Third_Party/SEGGER/SEGGER_RTT_printf.c ****       case '%':
 447:Middlewares/Third_Party/SEGGER/SEGGER_RTT_printf.c ****         _StoreChar(&BufferDesc, '%');
 1118              		.loc 1 447 9
 1119 0346 07F15003 		add	r3, r7, #80
 1120 034a 2521     		movs	r1, #37
 1121 034c 1846     		mov	r0, r3
 1122 034e FFF7FEFF 		bl	_StoreChar
 448:Middlewares/Third_Party/SEGGER/SEGGER_RTT_printf.c ****         break;
 1123              		.loc 1 448 9
 1124 0352 00E0     		b	.L78
 1125              	.L89:
 449:Middlewares/Third_Party/SEGGER/SEGGER_RTT_printf.c ****       default:
 450:Middlewares/Third_Party/SEGGER/SEGGER_RTT_printf.c ****         break;
 1126              		.loc 1 450 9
 1127 0354 00BF     		nop
 1128              	.L78:
 451:Middlewares/Third_Party/SEGGER/SEGGER_RTT_printf.c ****       }
 452:Middlewares/Third_Party/SEGGER/SEGGER_RTT_printf.c ****       sFormat++;
 1129              		.loc 1 452 14
 1130 0356 BB68     		ldr	r3, [r7, #8]
 1131 0358 0133     		adds	r3, r3, #1
 1132 035a BB60     		str	r3, [r7, #8]
ARM GAS  C:\Users\Bunyamin\AppData\Local\Temp\ccf4WuPE.s 			page 29


 1133 035c 07E0     		b	.L82
 1134              	.L53:
 453:Middlewares/Third_Party/SEGGER/SEGGER_RTT_printf.c ****     } else {
 454:Middlewares/Third_Party/SEGGER/SEGGER_RTT_printf.c ****       _StoreChar(&BufferDesc, c);
 1135              		.loc 1 454 7
 1136 035e 97F87F20 		ldrb	r2, [r7, #127]	@ zero_extendqisi2
 1137 0362 07F15003 		add	r3, r7, #80
 1138 0366 1146     		mov	r1, r2
 1139 0368 1846     		mov	r0, r3
 1140 036a FFF7FEFF 		bl	_StoreChar
 1141              	.L82:
 455:Middlewares/Third_Party/SEGGER/SEGGER_RTT_printf.c ****     }
 456:Middlewares/Third_Party/SEGGER/SEGGER_RTT_printf.c ****   } while (BufferDesc.ReturnValue >= 0);
 1142              		.loc 1 456 22
 1143 036e FB6D     		ldr	r3, [r7, #92]
 1144              		.loc 1 456 35
 1145 0370 002B     		cmp	r3, #0
 1146 0372 BFF656AE 		bge	.L83
 1147 0376 00E0     		b	.L52
 1148              	.L88:
 346:Middlewares/Third_Party/SEGGER/SEGGER_RTT_printf.c ****     }
 1149              		.loc 1 346 7
 1150 0378 00BF     		nop
 1151              	.L52:
 457:Middlewares/Third_Party/SEGGER/SEGGER_RTT_printf.c **** 
 458:Middlewares/Third_Party/SEGGER/SEGGER_RTT_printf.c ****   if (BufferDesc.ReturnValue > 0) {
 1152              		.loc 1 458 17
 1153 037a FB6D     		ldr	r3, [r7, #92]
 1154              		.loc 1 458 6
 1155 037c 002B     		cmp	r3, #0
 1156 037e 0DDD     		ble	.L84
 459:Middlewares/Third_Party/SEGGER/SEGGER_RTT_printf.c ****     //
 460:Middlewares/Third_Party/SEGGER/SEGGER_RTT_printf.c ****     // Write remaining data, if any
 461:Middlewares/Third_Party/SEGGER/SEGGER_RTT_printf.c ****     //
 462:Middlewares/Third_Party/SEGGER/SEGGER_RTT_printf.c ****     if (BufferDesc.Cnt != 0u) {
 1157              		.loc 1 462 19
 1158 0380 BB6D     		ldr	r3, [r7, #88]
 1159              		.loc 1 462 8
 1160 0382 002B     		cmp	r3, #0
 1161 0384 06D0     		beq	.L85
 463:Middlewares/Third_Party/SEGGER/SEGGER_RTT_printf.c ****       SEGGER_RTT_Write(BufferIndex, acBuffer, BufferDesc.Cnt);
 1162              		.loc 1 463 7
 1163 0386 BA6D     		ldr	r2, [r7, #88]
 1164 0388 07F11003 		add	r3, r7, #16
 1165 038c 1946     		mov	r1, r3
 1166 038e F868     		ldr	r0, [r7, #12]
 1167 0390 FFF7FEFF 		bl	SEGGER_RTT_Write
 1168              	.L85:
 464:Middlewares/Third_Party/SEGGER/SEGGER_RTT_printf.c ****     }
 465:Middlewares/Third_Party/SEGGER/SEGGER_RTT_printf.c ****     BufferDesc.ReturnValue += (int)BufferDesc.Cnt;
 1169              		.loc 1 465 28
 1170 0394 FB6D     		ldr	r3, [r7, #92]
 1171              		.loc 1 465 46
 1172 0396 BA6D     		ldr	r2, [r7, #88]
 1173              		.loc 1 465 28
 1174 0398 1344     		add	r3, r3, r2
 1175 039a FB65     		str	r3, [r7, #92]
ARM GAS  C:\Users\Bunyamin\AppData\Local\Temp\ccf4WuPE.s 			page 30


 1176              	.L84:
 466:Middlewares/Third_Party/SEGGER/SEGGER_RTT_printf.c ****   }
 467:Middlewares/Third_Party/SEGGER/SEGGER_RTT_printf.c ****   return BufferDesc.ReturnValue;
 1177              		.loc 1 467 20
 1178 039c FB6D     		ldr	r3, [r7, #92]
 468:Middlewares/Third_Party/SEGGER/SEGGER_RTT_printf.c **** }
 1179              		.loc 1 468 1
 1180 039e 1846     		mov	r0, r3
 1181 03a0 8037     		adds	r7, r7, #128
 1182              	.LCFI18:
 1183              		.cfi_def_cfa_offset 8
 1184 03a2 BD46     		mov	sp, r7
 1185              	.LCFI19:
 1186              		.cfi_def_cfa_register 13
 1187              		@ sp needed
 1188 03a4 80BD     		pop	{r7, pc}
 1189              		.cfi_endproc
 1190              	.LFE3:
 1192 03a6 00BF     		.section	.text.SEGGER_RTT_printf,"ax",%progbits
 1193              		.align	1
 1194              		.global	SEGGER_RTT_printf
 1195              		.syntax unified
 1196              		.thumb
 1197              		.thumb_func
 1199              	SEGGER_RTT_printf:
 1200              	.LFB4:
 469:Middlewares/Third_Party/SEGGER/SEGGER_RTT_printf.c **** 
 470:Middlewares/Third_Party/SEGGER/SEGGER_RTT_printf.c **** /*********************************************************************
 471:Middlewares/Third_Party/SEGGER/SEGGER_RTT_printf.c **** *
 472:Middlewares/Third_Party/SEGGER/SEGGER_RTT_printf.c **** *       SEGGER_RTT_printf
 473:Middlewares/Third_Party/SEGGER/SEGGER_RTT_printf.c **** *
 474:Middlewares/Third_Party/SEGGER/SEGGER_RTT_printf.c **** *  Function description
 475:Middlewares/Third_Party/SEGGER/SEGGER_RTT_printf.c **** *    Stores a formatted string in SEGGER RTT control block.
 476:Middlewares/Third_Party/SEGGER/SEGGER_RTT_printf.c **** *    This data is read by the host.
 477:Middlewares/Third_Party/SEGGER/SEGGER_RTT_printf.c **** *
 478:Middlewares/Third_Party/SEGGER/SEGGER_RTT_printf.c **** *  Parameters
 479:Middlewares/Third_Party/SEGGER/SEGGER_RTT_printf.c **** *    BufferIndex  Index of "Up"-buffer to be used. (e.g. 0 for "Terminal")
 480:Middlewares/Third_Party/SEGGER/SEGGER_RTT_printf.c **** *    sFormat      Pointer to format string, followed by the arguments for conversion
 481:Middlewares/Third_Party/SEGGER/SEGGER_RTT_printf.c **** *
 482:Middlewares/Third_Party/SEGGER/SEGGER_RTT_printf.c **** *  Return values
 483:Middlewares/Third_Party/SEGGER/SEGGER_RTT_printf.c **** *    >= 0:  Number of bytes which have been stored in the "Up"-buffer.
 484:Middlewares/Third_Party/SEGGER/SEGGER_RTT_printf.c **** *     < 0:  Error
 485:Middlewares/Third_Party/SEGGER/SEGGER_RTT_printf.c **** *
 486:Middlewares/Third_Party/SEGGER/SEGGER_RTT_printf.c **** *  Notes
 487:Middlewares/Third_Party/SEGGER/SEGGER_RTT_printf.c **** *    (1) Conversion specifications have following syntax:
 488:Middlewares/Third_Party/SEGGER/SEGGER_RTT_printf.c **** *          %[flags][FieldWidth][.Precision]ConversionSpecifier
 489:Middlewares/Third_Party/SEGGER/SEGGER_RTT_printf.c **** *    (2) Supported flags:
 490:Middlewares/Third_Party/SEGGER/SEGGER_RTT_printf.c **** *          -: Left justify within the field width
 491:Middlewares/Third_Party/SEGGER/SEGGER_RTT_printf.c **** *          +: Always print sign extension for signed conversions
 492:Middlewares/Third_Party/SEGGER/SEGGER_RTT_printf.c **** *          0: Pad with 0 instead of spaces. Ignored when using '-'-flag or precision
 493:Middlewares/Third_Party/SEGGER/SEGGER_RTT_printf.c **** *        Supported conversion specifiers:
 494:Middlewares/Third_Party/SEGGER/SEGGER_RTT_printf.c **** *          c: Print the argument as one char
 495:Middlewares/Third_Party/SEGGER/SEGGER_RTT_printf.c **** *          d: Print the argument as a signed integer
 496:Middlewares/Third_Party/SEGGER/SEGGER_RTT_printf.c **** *          u: Print the argument as an unsigned integer
 497:Middlewares/Third_Party/SEGGER/SEGGER_RTT_printf.c **** *          x: Print the argument as an hexadecimal integer
 498:Middlewares/Third_Party/SEGGER/SEGGER_RTT_printf.c **** *          s: Print the string pointed to by the argument
 499:Middlewares/Third_Party/SEGGER/SEGGER_RTT_printf.c **** *          p: Print the argument as an 8-digit hexadecimal integer. (Argument shall be a pointer to
ARM GAS  C:\Users\Bunyamin\AppData\Local\Temp\ccf4WuPE.s 			page 31


 500:Middlewares/Third_Party/SEGGER/SEGGER_RTT_printf.c **** */
 501:Middlewares/Third_Party/SEGGER/SEGGER_RTT_printf.c **** int SEGGER_RTT_printf(unsigned BufferIndex, const char * sFormat, ...) {
 1201              		.loc 1 501 72
 1202              		.cfi_startproc
 1203              		@ args = 4, pretend = 12, frame = 16
 1204              		@ frame_needed = 1, uses_anonymous_args = 1
 1205 0000 0EB4     		push	{r1, r2, r3}
 1206              	.LCFI20:
 1207              		.cfi_def_cfa_offset 12
 1208              		.cfi_offset 1, -12
 1209              		.cfi_offset 2, -8
 1210              		.cfi_offset 3, -4
 1211 0002 80B5     		push	{r7, lr}
 1212              	.LCFI21:
 1213              		.cfi_def_cfa_offset 20
 1214              		.cfi_offset 7, -20
 1215              		.cfi_offset 14, -16
 1216 0004 85B0     		sub	sp, sp, #20
 1217              	.LCFI22:
 1218              		.cfi_def_cfa_offset 40
 1219 0006 00AF     		add	r7, sp, #0
 1220              	.LCFI23:
 1221              		.cfi_def_cfa_register 7
 1222 0008 7860     		str	r0, [r7, #4]
 502:Middlewares/Third_Party/SEGGER/SEGGER_RTT_printf.c ****   int r;
 503:Middlewares/Third_Party/SEGGER/SEGGER_RTT_printf.c ****   va_list ParamList;
 504:Middlewares/Third_Party/SEGGER/SEGGER_RTT_printf.c **** 
 505:Middlewares/Third_Party/SEGGER/SEGGER_RTT_printf.c ****   va_start(ParamList, sFormat);
 1223              		.loc 1 505 3
 1224 000a 07F12003 		add	r3, r7, #32
 1225 000e BB60     		str	r3, [r7, #8]
 506:Middlewares/Third_Party/SEGGER/SEGGER_RTT_printf.c ****   r = SEGGER_RTT_vprintf(BufferIndex, sFormat, &ParamList);
 1226              		.loc 1 506 7
 1227 0010 07F10803 		add	r3, r7, #8
 1228 0014 1A46     		mov	r2, r3
 1229 0016 F969     		ldr	r1, [r7, #28]
 1230 0018 7868     		ldr	r0, [r7, #4]
 1231 001a FFF7FEFF 		bl	SEGGER_RTT_vprintf
 1232 001e F860     		str	r0, [r7, #12]
 507:Middlewares/Third_Party/SEGGER/SEGGER_RTT_printf.c ****   va_end(ParamList);
 508:Middlewares/Third_Party/SEGGER/SEGGER_RTT_printf.c ****   return r;
 1233              		.loc 1 508 10
 1234 0020 FB68     		ldr	r3, [r7, #12]
 509:Middlewares/Third_Party/SEGGER/SEGGER_RTT_printf.c **** }
 1235              		.loc 1 509 1
 1236 0022 1846     		mov	r0, r3
 1237 0024 1437     		adds	r7, r7, #20
 1238              	.LCFI24:
 1239              		.cfi_def_cfa_offset 20
 1240 0026 BD46     		mov	sp, r7
 1241              	.LCFI25:
 1242              		.cfi_def_cfa_register 13
 1243              		@ sp needed
 1244 0028 BDE88040 		pop	{r7, lr}
 1245              	.LCFI26:
 1246              		.cfi_restore 14
 1247              		.cfi_restore 7
ARM GAS  C:\Users\Bunyamin\AppData\Local\Temp\ccf4WuPE.s 			page 32


 1248              		.cfi_def_cfa_offset 12
 1249 002c 03B0     		add	sp, sp, #12
 1250              	.LCFI27:
 1251              		.cfi_restore 3
 1252              		.cfi_restore 2
 1253              		.cfi_restore 1
 1254              		.cfi_def_cfa_offset 0
 1255 002e 7047     		bx	lr
 1256              		.cfi_endproc
 1257              	.LFE4:
 1259              		.section	.rodata._aV2C.0,"a"
 1260              		.align	2
 1263              	_aV2C.0:
 1264 0000 30313233 		.ascii	"0123456789ABCDEF"
 1264      34353637 
 1264      38394142 
 1264      43444546 
 1265              		.text
 1266              	.Letext0:
 1267              		.file 2 "c:\\dev\\tool\\gcc-arm-11.2-2022.02-mingw-w64-i686-arm-none-eabi\\lib\\gcc\\arm-none-eabi
 1268              		.file 3 "<built-in>"
 1269              		.file 4 "Middlewares/Third_Party/SEGGER/SEGGER_RTT.h"
ARM GAS  C:\Users\Bunyamin\AppData\Local\Temp\ccf4WuPE.s 			page 33


DEFINED SYMBOLS
                            *ABS*:00000000 SEGGER_RTT_printf.c
C:\Users\Bunyamin\AppData\Local\Temp\ccf4WuPE.s:20     .text._StoreChar:00000000 $t
C:\Users\Bunyamin\AppData\Local\Temp\ccf4WuPE.s:25     .text._StoreChar:00000000 _StoreChar
C:\Users\Bunyamin\AppData\Local\Temp\ccf4WuPE.s:135    .text._PrintUnsigned:00000000 $t
C:\Users\Bunyamin\AppData\Local\Temp\ccf4WuPE.s:140    .text._PrintUnsigned:00000000 _PrintUnsigned
C:\Users\Bunyamin\AppData\Local\Temp\ccf4WuPE.s:395    .text._PrintUnsigned:00000154 $d
C:\Users\Bunyamin\AppData\Local\Temp\ccf4WuPE.s:1263   .rodata._aV2C.0:00000000 _aV2C.0
C:\Users\Bunyamin\AppData\Local\Temp\ccf4WuPE.s:400    .text._PrintInt:00000000 $t
C:\Users\Bunyamin\AppData\Local\Temp\ccf4WuPE.s:405    .text._PrintInt:00000000 _PrintInt
C:\Users\Bunyamin\AppData\Local\Temp\ccf4WuPE.s:657    .text.SEGGER_RTT_vprintf:00000000 $t
C:\Users\Bunyamin\AppData\Local\Temp\ccf4WuPE.s:663    .text.SEGGER_RTT_vprintf:00000000 SEGGER_RTT_vprintf
C:\Users\Bunyamin\AppData\Local\Temp\ccf4WuPE.s:735    .text.SEGGER_RTT_vprintf:00000064 $d
C:\Users\Bunyamin\AppData\Local\Temp\ccf4WuPE.s:749    .text.SEGGER_RTT_vprintf:0000009c $t
C:\Users\Bunyamin\AppData\Local\Temp\ccf4WuPE.s:933    .text.SEGGER_RTT_vprintf:000001c4 $d
C:\Users\Bunyamin\AppData\Local\Temp\ccf4WuPE.s:966    .text.SEGGER_RTT_vprintf:00000248 $t
C:\Users\Bunyamin\AppData\Local\Temp\ccf4WuPE.s:1193   .text.SEGGER_RTT_printf:00000000 $t
C:\Users\Bunyamin\AppData\Local\Temp\ccf4WuPE.s:1199   .text.SEGGER_RTT_printf:00000000 SEGGER_RTT_printf
C:\Users\Bunyamin\AppData\Local\Temp\ccf4WuPE.s:1260   .rodata._aV2C.0:00000000 $d
                           .group:00000000 wm4.0.adf14caa46e67022f385f91b18884ae8
                           .group:00000000 wm4.SEGGER_RTT_Conf.h.64.9cfee438ca91c6442e3803195d3c0ec8
                           .group:00000000 wm4.ieeefp.h.77.c88535c35f465c05b101960cf0179075
                           .group:00000000 wm4._newlib_version.h.4.bfdf54b0af045d4a71376ae00f63a22c
                           .group:00000000 wm4.newlib.h.18.efd6f55802c49f72b3c697ccf45db7f0
                           .group:00000000 wm4.features.h.22.fad1cec3bc7ff06488171438dbdcfd02
                           .group:00000000 wm4.config.h.224.c701144a7b0518c6ee9b9b5465b79f81
                           .group:00000000 wm4._ansi.h.31.de524f58584151836e90d8620a16f8e8
                           .group:00000000 wm4.stdlib.h.13.4ed386f5c1a80d71e72172885d946ef2
                           .group:00000000 wm4.stddef.h.181.13772e73e5434e8cc4fafaaddad2b5da
                           .group:00000000 wm4.stddef.h.39.cf3ebec0bc8c9e3d2f276a64e0fe5e7a
                           .group:00000000 wm4._types.h.20.dd0d04dca3800a0d2a6129b87f3adbb2
                           .group:00000000 wm4.stddef.h.155.3588ebfdd1e8c7ede80509bb9c3b8009
                           .group:00000000 wm4._default_types.h.6.959254cf5f09734ea7516c89e8bb21bd
                           .group:00000000 wm4._types.h.127.34941de1b2539d59d5cac00e0dd27a45
                           .group:00000000 wm4.reent.h.17.e292bf8b0bec6c96e131a54347145a30
                           .group:00000000 wm4.lock.h.2.c0958401bd0ce484d507ee19aacab817
                           .group:00000000 wm4.reent.h.77.dcd6129ff07fe81bd5636db29abe53b2
                           .group:00000000 wm4.cdefs.h.49.39045112216f6a021dbdffe3bf5accce
                           .group:00000000 wm4.alloca.h.8.dfc0c703c47ec3e69746825b17d9e66d
                           .group:00000000 wm4.stdlib.h.56.f4862cfbf4363a1db01842d5bdf72c18
                           .group:00000000 wm4.stdarg.h.31.b55da1089056868966f25de5dbfc7d3c
                           .group:00000000 wm4.SEGGER_RTT.h.186.da8062c611e87c38c368ee967113912a

UNDEFINED SYMBOLS
SEGGER_RTT_Write
