ARM GAS  C:\Users\Bunyamin\AppData\Local\Temp\cclFcBCc.s 			page 1


   1              		.cpu cortex-m4
   2              		.arch armv7e-m
   3              		.fpu fpv4-sp-d16
   4              		.eabi_attribute 27, 1
   5              		.eabi_attribute 28, 1
   6              		.eabi_attribute 20, 1
   7              		.eabi_attribute 21, 1
   8              		.eabi_attribute 23, 3
   9              		.eabi_attribute 24, 1
  10              		.eabi_attribute 25, 1
  11              		.eabi_attribute 26, 1
  12              		.eabi_attribute 30, 6
  13              		.eabi_attribute 34, 1
  14              		.eabi_attribute 18, 4
  15              		.file	"stm32l4xx_it.c"
  16              		.text
  17              	.Ltext0:
  18              		.cfi_sections	.debug_frame
  19              		.section	.text.NMI_Handler,"ax",%progbits
  20              		.align	1
  21              		.global	NMI_Handler
  22              		.syntax unified
  23              		.thumb
  24              		.thumb_func
  26              	NMI_Handler:
  27              	.LFB132:
  28              		.file 1 "Core/Src/stm32l4xx_it.c"
   1:Core/Src/stm32l4xx_it.c **** /* USER CODE BEGIN Header */
   2:Core/Src/stm32l4xx_it.c **** /**
   3:Core/Src/stm32l4xx_it.c ****   ******************************************************************************
   4:Core/Src/stm32l4xx_it.c ****   * @file    stm32l4xx_it.c
   5:Core/Src/stm32l4xx_it.c ****   * @brief   Interrupt Service Routines.
   6:Core/Src/stm32l4xx_it.c ****   ******************************************************************************
   7:Core/Src/stm32l4xx_it.c ****   * @attention
   8:Core/Src/stm32l4xx_it.c ****   *
   9:Core/Src/stm32l4xx_it.c ****   * Copyright (c) 2022 STMicroelectronics.
  10:Core/Src/stm32l4xx_it.c ****   * All rights reserved.
  11:Core/Src/stm32l4xx_it.c ****   *
  12:Core/Src/stm32l4xx_it.c ****   * This software is licensed under terms that can be found in the LICENSE file
  13:Core/Src/stm32l4xx_it.c ****   * in the root directory of this software component.
  14:Core/Src/stm32l4xx_it.c ****   * If no LICENSE file comes with this software, it is provided AS-IS.
  15:Core/Src/stm32l4xx_it.c ****   *
  16:Core/Src/stm32l4xx_it.c ****   ******************************************************************************
  17:Core/Src/stm32l4xx_it.c ****   */
  18:Core/Src/stm32l4xx_it.c **** /* USER CODE END Header */
  19:Core/Src/stm32l4xx_it.c **** 
  20:Core/Src/stm32l4xx_it.c **** /* Includes ------------------------------------------------------------------*/
  21:Core/Src/stm32l4xx_it.c **** #include "main.h"
  22:Core/Src/stm32l4xx_it.c **** #include "stm32l4xx_it.h"
  23:Core/Src/stm32l4xx_it.c **** /* Private includes ----------------------------------------------------------*/
  24:Core/Src/stm32l4xx_it.c **** /* USER CODE BEGIN Includes */
  25:Core/Src/stm32l4xx_it.c **** /* USER CODE END Includes */
  26:Core/Src/stm32l4xx_it.c **** 
  27:Core/Src/stm32l4xx_it.c **** /* Private typedef -----------------------------------------------------------*/
  28:Core/Src/stm32l4xx_it.c **** /* USER CODE BEGIN TD */
  29:Core/Src/stm32l4xx_it.c **** 
  30:Core/Src/stm32l4xx_it.c **** /* USER CODE END TD */
ARM GAS  C:\Users\Bunyamin\AppData\Local\Temp\cclFcBCc.s 			page 2


  31:Core/Src/stm32l4xx_it.c **** 
  32:Core/Src/stm32l4xx_it.c **** /* Private define ------------------------------------------------------------*/
  33:Core/Src/stm32l4xx_it.c **** /* USER CODE BEGIN PD */
  34:Core/Src/stm32l4xx_it.c **** 
  35:Core/Src/stm32l4xx_it.c **** /* USER CODE END PD */
  36:Core/Src/stm32l4xx_it.c **** 
  37:Core/Src/stm32l4xx_it.c **** /* Private macro -------------------------------------------------------------*/
  38:Core/Src/stm32l4xx_it.c **** /* USER CODE BEGIN PM */
  39:Core/Src/stm32l4xx_it.c **** 
  40:Core/Src/stm32l4xx_it.c **** /* USER CODE END PM */
  41:Core/Src/stm32l4xx_it.c **** 
  42:Core/Src/stm32l4xx_it.c **** /* Private variables ---------------------------------------------------------*/
  43:Core/Src/stm32l4xx_it.c **** /* USER CODE BEGIN PV */
  44:Core/Src/stm32l4xx_it.c **** 
  45:Core/Src/stm32l4xx_it.c **** /* USER CODE END PV */
  46:Core/Src/stm32l4xx_it.c **** 
  47:Core/Src/stm32l4xx_it.c **** /* Private function prototypes -----------------------------------------------*/
  48:Core/Src/stm32l4xx_it.c **** /* USER CODE BEGIN PFP */
  49:Core/Src/stm32l4xx_it.c **** 
  50:Core/Src/stm32l4xx_it.c **** /* USER CODE END PFP */
  51:Core/Src/stm32l4xx_it.c **** 
  52:Core/Src/stm32l4xx_it.c **** /* Private user code ---------------------------------------------------------*/
  53:Core/Src/stm32l4xx_it.c **** /* USER CODE BEGIN 0 */
  54:Core/Src/stm32l4xx_it.c **** 
  55:Core/Src/stm32l4xx_it.c **** /* USER CODE END 0 */
  56:Core/Src/stm32l4xx_it.c **** 
  57:Core/Src/stm32l4xx_it.c **** /* External variables --------------------------------------------------------*/
  58:Core/Src/stm32l4xx_it.c **** extern TIM_HandleTypeDef htim7;
  59:Core/Src/stm32l4xx_it.c **** 
  60:Core/Src/stm32l4xx_it.c **** /* USER CODE BEGIN EV */
  61:Core/Src/stm32l4xx_it.c **** 
  62:Core/Src/stm32l4xx_it.c **** /* USER CODE END EV */
  63:Core/Src/stm32l4xx_it.c **** 
  64:Core/Src/stm32l4xx_it.c **** /******************************************************************************/
  65:Core/Src/stm32l4xx_it.c **** /*           Cortex-M4 Processor Interruption and Exception Handlers          */
  66:Core/Src/stm32l4xx_it.c **** /******************************************************************************/
  67:Core/Src/stm32l4xx_it.c **** /**
  68:Core/Src/stm32l4xx_it.c ****   * @brief This function handles Non maskable interrupt.
  69:Core/Src/stm32l4xx_it.c ****   */
  70:Core/Src/stm32l4xx_it.c **** void NMI_Handler(void)
  71:Core/Src/stm32l4xx_it.c **** {
  29              		.loc 1 71 1
  30              		.cfi_startproc
  31              		@ args = 0, pretend = 0, frame = 0
  32              		@ frame_needed = 1, uses_anonymous_args = 0
  33              		@ link register save eliminated.
  34 0000 80B4     		push	{r7}
  35              	.LCFI0:
  36              		.cfi_def_cfa_offset 4
  37              		.cfi_offset 7, -4
  38 0002 00AF     		add	r7, sp, #0
  39              	.LCFI1:
  40              		.cfi_def_cfa_register 7
  41              	.L2:
  72:Core/Src/stm32l4xx_it.c ****   /* USER CODE BEGIN NonMaskableInt_IRQn 0 */
  73:Core/Src/stm32l4xx_it.c **** 
  74:Core/Src/stm32l4xx_it.c ****   /* USER CODE END NonMaskableInt_IRQn 0 */
ARM GAS  C:\Users\Bunyamin\AppData\Local\Temp\cclFcBCc.s 			page 3


  75:Core/Src/stm32l4xx_it.c ****   /* USER CODE BEGIN NonMaskableInt_IRQn 1 */
  76:Core/Src/stm32l4xx_it.c ****   while (1)
  42              		.loc 1 76 9 discriminator 1
  43 0004 FEE7     		b	.L2
  44              		.cfi_endproc
  45              	.LFE132:
  47              		.section	.text.HardFault_Handler,"ax",%progbits
  48              		.align	1
  49              		.global	HardFault_Handler
  50              		.syntax unified
  51              		.thumb
  52              		.thumb_func
  54              	HardFault_Handler:
  55              	.LFB133:
  77:Core/Src/stm32l4xx_it.c ****   {
  78:Core/Src/stm32l4xx_it.c ****   }
  79:Core/Src/stm32l4xx_it.c ****   /* USER CODE END NonMaskableInt_IRQn 1 */
  80:Core/Src/stm32l4xx_it.c **** }
  81:Core/Src/stm32l4xx_it.c **** 
  82:Core/Src/stm32l4xx_it.c **** /**
  83:Core/Src/stm32l4xx_it.c ****   * @brief This function handles Hard fault interrupt.
  84:Core/Src/stm32l4xx_it.c ****   */
  85:Core/Src/stm32l4xx_it.c **** void HardFault_Handler(void)
  86:Core/Src/stm32l4xx_it.c **** {
  56              		.loc 1 86 1
  57              		.cfi_startproc
  58              		@ args = 0, pretend = 0, frame = 0
  59              		@ frame_needed = 1, uses_anonymous_args = 0
  60              		@ link register save eliminated.
  61 0000 80B4     		push	{r7}
  62              	.LCFI2:
  63              		.cfi_def_cfa_offset 4
  64              		.cfi_offset 7, -4
  65 0002 00AF     		add	r7, sp, #0
  66              	.LCFI3:
  67              		.cfi_def_cfa_register 7
  68              	.L4:
  87:Core/Src/stm32l4xx_it.c ****   /* USER CODE BEGIN HardFault_IRQn 0 */
  88:Core/Src/stm32l4xx_it.c **** 
  89:Core/Src/stm32l4xx_it.c ****   /* USER CODE END HardFault_IRQn 0 */
  90:Core/Src/stm32l4xx_it.c ****   while (1)
  69              		.loc 1 90 9 discriminator 1
  70 0004 FEE7     		b	.L4
  71              		.cfi_endproc
  72              	.LFE133:
  74              		.section	.text.MemManage_Handler,"ax",%progbits
  75              		.align	1
  76              		.global	MemManage_Handler
  77              		.syntax unified
  78              		.thumb
  79              		.thumb_func
  81              	MemManage_Handler:
  82              	.LFB134:
  91:Core/Src/stm32l4xx_it.c ****   {
  92:Core/Src/stm32l4xx_it.c ****     /* USER CODE BEGIN W1_HardFault_IRQn 0 */
  93:Core/Src/stm32l4xx_it.c ****     /* USER CODE END W1_HardFault_IRQn 0 */
  94:Core/Src/stm32l4xx_it.c ****   }
ARM GAS  C:\Users\Bunyamin\AppData\Local\Temp\cclFcBCc.s 			page 4


  95:Core/Src/stm32l4xx_it.c **** }
  96:Core/Src/stm32l4xx_it.c **** 
  97:Core/Src/stm32l4xx_it.c **** /**
  98:Core/Src/stm32l4xx_it.c ****   * @brief This function handles Memory management fault.
  99:Core/Src/stm32l4xx_it.c ****   */
 100:Core/Src/stm32l4xx_it.c **** void MemManage_Handler(void)
 101:Core/Src/stm32l4xx_it.c **** {
  83              		.loc 1 101 1
  84              		.cfi_startproc
  85              		@ args = 0, pretend = 0, frame = 0
  86              		@ frame_needed = 1, uses_anonymous_args = 0
  87              		@ link register save eliminated.
  88 0000 80B4     		push	{r7}
  89              	.LCFI4:
  90              		.cfi_def_cfa_offset 4
  91              		.cfi_offset 7, -4
  92 0002 00AF     		add	r7, sp, #0
  93              	.LCFI5:
  94              		.cfi_def_cfa_register 7
  95              	.L6:
 102:Core/Src/stm32l4xx_it.c ****   /* USER CODE BEGIN MemoryManagement_IRQn 0 */
 103:Core/Src/stm32l4xx_it.c **** 
 104:Core/Src/stm32l4xx_it.c ****   /* USER CODE END MemoryManagement_IRQn 0 */
 105:Core/Src/stm32l4xx_it.c ****   while (1)
  96              		.loc 1 105 9 discriminator 1
  97 0004 FEE7     		b	.L6
  98              		.cfi_endproc
  99              	.LFE134:
 101              		.section	.text.BusFault_Handler,"ax",%progbits
 102              		.align	1
 103              		.global	BusFault_Handler
 104              		.syntax unified
 105              		.thumb
 106              		.thumb_func
 108              	BusFault_Handler:
 109              	.LFB135:
 106:Core/Src/stm32l4xx_it.c ****   {
 107:Core/Src/stm32l4xx_it.c ****     /* USER CODE BEGIN W1_MemoryManagement_IRQn 0 */
 108:Core/Src/stm32l4xx_it.c ****     /* USER CODE END W1_MemoryManagement_IRQn 0 */
 109:Core/Src/stm32l4xx_it.c ****   }
 110:Core/Src/stm32l4xx_it.c **** }
 111:Core/Src/stm32l4xx_it.c **** 
 112:Core/Src/stm32l4xx_it.c **** /**
 113:Core/Src/stm32l4xx_it.c ****   * @brief This function handles Prefetch fault, memory access fault.
 114:Core/Src/stm32l4xx_it.c ****   */
 115:Core/Src/stm32l4xx_it.c **** void BusFault_Handler(void)
 116:Core/Src/stm32l4xx_it.c **** {
 110              		.loc 1 116 1
 111              		.cfi_startproc
 112              		@ args = 0, pretend = 0, frame = 0
 113              		@ frame_needed = 1, uses_anonymous_args = 0
 114              		@ link register save eliminated.
 115 0000 80B4     		push	{r7}
 116              	.LCFI6:
 117              		.cfi_def_cfa_offset 4
 118              		.cfi_offset 7, -4
 119 0002 00AF     		add	r7, sp, #0
ARM GAS  C:\Users\Bunyamin\AppData\Local\Temp\cclFcBCc.s 			page 5


 120              	.LCFI7:
 121              		.cfi_def_cfa_register 7
 122              	.L8:
 117:Core/Src/stm32l4xx_it.c ****   /* USER CODE BEGIN BusFault_IRQn 0 */
 118:Core/Src/stm32l4xx_it.c **** 
 119:Core/Src/stm32l4xx_it.c ****   /* USER CODE END BusFault_IRQn 0 */
 120:Core/Src/stm32l4xx_it.c ****   while (1)
 123              		.loc 1 120 9 discriminator 1
 124 0004 FEE7     		b	.L8
 125              		.cfi_endproc
 126              	.LFE135:
 128              		.section	.text.UsageFault_Handler,"ax",%progbits
 129              		.align	1
 130              		.global	UsageFault_Handler
 131              		.syntax unified
 132              		.thumb
 133              		.thumb_func
 135              	UsageFault_Handler:
 136              	.LFB136:
 121:Core/Src/stm32l4xx_it.c ****   {
 122:Core/Src/stm32l4xx_it.c ****     /* USER CODE BEGIN W1_BusFault_IRQn 0 */
 123:Core/Src/stm32l4xx_it.c ****     /* USER CODE END W1_BusFault_IRQn 0 */
 124:Core/Src/stm32l4xx_it.c ****   }
 125:Core/Src/stm32l4xx_it.c **** }
 126:Core/Src/stm32l4xx_it.c **** 
 127:Core/Src/stm32l4xx_it.c **** /**
 128:Core/Src/stm32l4xx_it.c ****   * @brief This function handles Undefined instruction or illegal state.
 129:Core/Src/stm32l4xx_it.c ****   */
 130:Core/Src/stm32l4xx_it.c **** void UsageFault_Handler(void)
 131:Core/Src/stm32l4xx_it.c **** {
 137              		.loc 1 131 1
 138              		.cfi_startproc
 139              		@ args = 0, pretend = 0, frame = 0
 140              		@ frame_needed = 1, uses_anonymous_args = 0
 141              		@ link register save eliminated.
 142 0000 80B4     		push	{r7}
 143              	.LCFI8:
 144              		.cfi_def_cfa_offset 4
 145              		.cfi_offset 7, -4
 146 0002 00AF     		add	r7, sp, #0
 147              	.LCFI9:
 148              		.cfi_def_cfa_register 7
 149              	.L10:
 132:Core/Src/stm32l4xx_it.c ****   /* USER CODE BEGIN UsageFault_IRQn 0 */
 133:Core/Src/stm32l4xx_it.c **** 
 134:Core/Src/stm32l4xx_it.c ****   /* USER CODE END UsageFault_IRQn 0 */
 135:Core/Src/stm32l4xx_it.c ****   while (1)
 150              		.loc 1 135 9 discriminator 1
 151 0004 FEE7     		b	.L10
 152              		.cfi_endproc
 153              	.LFE136:
 155              		.section	.text.DebugMon_Handler,"ax",%progbits
 156              		.align	1
 157              		.global	DebugMon_Handler
 158              		.syntax unified
 159              		.thumb
 160              		.thumb_func
ARM GAS  C:\Users\Bunyamin\AppData\Local\Temp\cclFcBCc.s 			page 6


 162              	DebugMon_Handler:
 163              	.LFB137:
 136:Core/Src/stm32l4xx_it.c ****   {
 137:Core/Src/stm32l4xx_it.c ****     /* USER CODE BEGIN W1_UsageFault_IRQn 0 */
 138:Core/Src/stm32l4xx_it.c ****     /* USER CODE END W1_UsageFault_IRQn 0 */
 139:Core/Src/stm32l4xx_it.c ****   }
 140:Core/Src/stm32l4xx_it.c **** }
 141:Core/Src/stm32l4xx_it.c **** 
 142:Core/Src/stm32l4xx_it.c **** /**
 143:Core/Src/stm32l4xx_it.c ****   * @brief This function handles Debug monitor.
 144:Core/Src/stm32l4xx_it.c ****   */
 145:Core/Src/stm32l4xx_it.c **** void DebugMon_Handler(void)
 146:Core/Src/stm32l4xx_it.c **** {
 164              		.loc 1 146 1
 165              		.cfi_startproc
 166              		@ args = 0, pretend = 0, frame = 0
 167              		@ frame_needed = 1, uses_anonymous_args = 0
 168              		@ link register save eliminated.
 169 0000 80B4     		push	{r7}
 170              	.LCFI10:
 171              		.cfi_def_cfa_offset 4
 172              		.cfi_offset 7, -4
 173 0002 00AF     		add	r7, sp, #0
 174              	.LCFI11:
 175              		.cfi_def_cfa_register 7
 147:Core/Src/stm32l4xx_it.c ****   /* USER CODE BEGIN DebugMonitor_IRQn 0 */
 148:Core/Src/stm32l4xx_it.c **** 
 149:Core/Src/stm32l4xx_it.c ****   /* USER CODE END DebugMonitor_IRQn 0 */
 150:Core/Src/stm32l4xx_it.c ****   /* USER CODE BEGIN DebugMonitor_IRQn 1 */
 151:Core/Src/stm32l4xx_it.c **** 
 152:Core/Src/stm32l4xx_it.c ****   /* USER CODE END DebugMonitor_IRQn 1 */
 153:Core/Src/stm32l4xx_it.c **** }
 176              		.loc 1 153 1
 177 0004 00BF     		nop
 178 0006 BD46     		mov	sp, r7
 179              	.LCFI12:
 180              		.cfi_def_cfa_register 13
 181              		@ sp needed
 182 0008 5DF8047B 		ldr	r7, [sp], #4
 183              	.LCFI13:
 184              		.cfi_restore 7
 185              		.cfi_def_cfa_offset 0
 186 000c 7047     		bx	lr
 187              		.cfi_endproc
 188              	.LFE137:
 190              		.section	.text.EXTI15_10_IRQHandler,"ax",%progbits
 191              		.align	1
 192              		.global	EXTI15_10_IRQHandler
 193              		.syntax unified
 194              		.thumb
 195              		.thumb_func
 197              	EXTI15_10_IRQHandler:
 198              	.LFB138:
 154:Core/Src/stm32l4xx_it.c **** 
 155:Core/Src/stm32l4xx_it.c **** /******************************************************************************/
 156:Core/Src/stm32l4xx_it.c **** /* STM32L4xx Peripheral Interrupt Handlers                                    */
 157:Core/Src/stm32l4xx_it.c **** /* Add here the Interrupt Handlers for the used peripherals.                  */
ARM GAS  C:\Users\Bunyamin\AppData\Local\Temp\cclFcBCc.s 			page 7


 158:Core/Src/stm32l4xx_it.c **** /* For the available peripheral interrupt handler names,                      */
 159:Core/Src/stm32l4xx_it.c **** /* please refer to the startup file (startup_stm32l4xx.s).                    */
 160:Core/Src/stm32l4xx_it.c **** /******************************************************************************/
 161:Core/Src/stm32l4xx_it.c **** 
 162:Core/Src/stm32l4xx_it.c **** /**
 163:Core/Src/stm32l4xx_it.c ****   * @brief This function handles EXTI line[15:10] interrupts.
 164:Core/Src/stm32l4xx_it.c ****   */
 165:Core/Src/stm32l4xx_it.c **** void EXTI15_10_IRQHandler(void)
 166:Core/Src/stm32l4xx_it.c **** {
 199              		.loc 1 166 1
 200              		.cfi_startproc
 201              		@ args = 0, pretend = 0, frame = 0
 202              		@ frame_needed = 1, uses_anonymous_args = 0
 203 0000 80B5     		push	{r7, lr}
 204              	.LCFI14:
 205              		.cfi_def_cfa_offset 8
 206              		.cfi_offset 7, -8
 207              		.cfi_offset 14, -4
 208 0002 00AF     		add	r7, sp, #0
 209              	.LCFI15:
 210              		.cfi_def_cfa_register 7
 167:Core/Src/stm32l4xx_it.c ****   /* USER CODE BEGIN EXTI15_10_IRQn 0 */
 168:Core/Src/stm32l4xx_it.c **** 
 169:Core/Src/stm32l4xx_it.c ****   /* USER CODE END EXTI15_10_IRQn 0 */
 170:Core/Src/stm32l4xx_it.c ****   HAL_GPIO_EXTI_IRQHandler(GPIO_PIN_10);
 211              		.loc 1 170 3
 212 0004 4FF48060 		mov	r0, #1024
 213 0008 FFF7FEFF 		bl	HAL_GPIO_EXTI_IRQHandler
 171:Core/Src/stm32l4xx_it.c ****   /* USER CODE BEGIN EXTI15_10_IRQn 1 */
 172:Core/Src/stm32l4xx_it.c **** 
 173:Core/Src/stm32l4xx_it.c ****   /* USER CODE END EXTI15_10_IRQn 1 */
 174:Core/Src/stm32l4xx_it.c **** }
 214              		.loc 1 174 1
 215 000c 00BF     		nop
 216 000e 80BD     		pop	{r7, pc}
 217              		.cfi_endproc
 218              	.LFE138:
 220              		.section	.text.TIM7_IRQHandler,"ax",%progbits
 221              		.align	1
 222              		.global	TIM7_IRQHandler
 223              		.syntax unified
 224              		.thumb
 225              		.thumb_func
 227              	TIM7_IRQHandler:
 228              	.LFB139:
 175:Core/Src/stm32l4xx_it.c **** 
 176:Core/Src/stm32l4xx_it.c **** /**
 177:Core/Src/stm32l4xx_it.c ****   * @brief This function handles TIM7 global interrupt.
 178:Core/Src/stm32l4xx_it.c ****   */
 179:Core/Src/stm32l4xx_it.c **** void TIM7_IRQHandler(void)
 180:Core/Src/stm32l4xx_it.c **** {
 229              		.loc 1 180 1
 230              		.cfi_startproc
 231              		@ args = 0, pretend = 0, frame = 0
 232              		@ frame_needed = 1, uses_anonymous_args = 0
 233 0000 80B5     		push	{r7, lr}
 234              	.LCFI16:
ARM GAS  C:\Users\Bunyamin\AppData\Local\Temp\cclFcBCc.s 			page 8


 235              		.cfi_def_cfa_offset 8
 236              		.cfi_offset 7, -8
 237              		.cfi_offset 14, -4
 238 0002 00AF     		add	r7, sp, #0
 239              	.LCFI17:
 240              		.cfi_def_cfa_register 7
 181:Core/Src/stm32l4xx_it.c ****   /* USER CODE BEGIN TIM7_IRQn 0 */
 182:Core/Src/stm32l4xx_it.c **** 
 183:Core/Src/stm32l4xx_it.c ****   /* USER CODE END TIM7_IRQn 0 */
 184:Core/Src/stm32l4xx_it.c ****   HAL_TIM_IRQHandler(&htim7);
 241              		.loc 1 184 3
 242 0004 0248     		ldr	r0, .L14
 243 0006 FFF7FEFF 		bl	HAL_TIM_IRQHandler
 185:Core/Src/stm32l4xx_it.c ****   /* USER CODE BEGIN TIM7_IRQn 1 */
 186:Core/Src/stm32l4xx_it.c **** 
 187:Core/Src/stm32l4xx_it.c ****   /* USER CODE END TIM7_IRQn 1 */
 188:Core/Src/stm32l4xx_it.c **** }
 244              		.loc 1 188 1
 245 000a 00BF     		nop
 246 000c 80BD     		pop	{r7, pc}
 247              	.L15:
 248 000e 00BF     		.align	2
 249              	.L14:
 250 0010 00000000 		.word	htim7
 251              		.cfi_endproc
 252              	.LFE139:
 254              		.text
 255              	.Letext0:
 256              		.file 2 "c:\\dev\\tool\\gcc-arm-11.2-2022.02-mingw-w64-i686-arm-none-eabi\\arm-none-eabi\\include\
 257              		.file 3 "c:\\dev\\tool\\gcc-arm-11.2-2022.02-mingw-w64-i686-arm-none-eabi\\arm-none-eabi\\include\
 258              		.file 4 "Drivers/CMSIS/Device/ST/STM32L4xx/Include/stm32l431xx.h"
 259              		.file 5 "Drivers/STM32L4xx_HAL_Driver/Inc/stm32l4xx_hal_def.h"
 260              		.file 6 "Drivers/STM32L4xx_HAL_Driver/Inc/stm32l4xx_hal_dma.h"
 261              		.file 7 "Drivers/STM32L4xx_HAL_Driver/Inc/stm32l4xx_hal_tim.h"
 262              		.file 8 "Drivers/STM32L4xx_HAL_Driver/Inc/stm32l4xx_hal_gpio.h"
ARM GAS  C:\Users\Bunyamin\AppData\Local\Temp\cclFcBCc.s 			page 9


DEFINED SYMBOLS
                            *ABS*:00000000 stm32l4xx_it.c
C:\Users\Bunyamin\AppData\Local\Temp\cclFcBCc.s:20     .text.NMI_Handler:00000000 $t
C:\Users\Bunyamin\AppData\Local\Temp\cclFcBCc.s:26     .text.NMI_Handler:00000000 NMI_Handler
C:\Users\Bunyamin\AppData\Local\Temp\cclFcBCc.s:48     .text.HardFault_Handler:00000000 $t
C:\Users\Bunyamin\AppData\Local\Temp\cclFcBCc.s:54     .text.HardFault_Handler:00000000 HardFault_Handler
C:\Users\Bunyamin\AppData\Local\Temp\cclFcBCc.s:75     .text.MemManage_Handler:00000000 $t
C:\Users\Bunyamin\AppData\Local\Temp\cclFcBCc.s:81     .text.MemManage_Handler:00000000 MemManage_Handler
C:\Users\Bunyamin\AppData\Local\Temp\cclFcBCc.s:102    .text.BusFault_Handler:00000000 $t
C:\Users\Bunyamin\AppData\Local\Temp\cclFcBCc.s:108    .text.BusFault_Handler:00000000 BusFault_Handler
C:\Users\Bunyamin\AppData\Local\Temp\cclFcBCc.s:129    .text.UsageFault_Handler:00000000 $t
C:\Users\Bunyamin\AppData\Local\Temp\cclFcBCc.s:135    .text.UsageFault_Handler:00000000 UsageFault_Handler
C:\Users\Bunyamin\AppData\Local\Temp\cclFcBCc.s:156    .text.DebugMon_Handler:00000000 $t
C:\Users\Bunyamin\AppData\Local\Temp\cclFcBCc.s:162    .text.DebugMon_Handler:00000000 DebugMon_Handler
C:\Users\Bunyamin\AppData\Local\Temp\cclFcBCc.s:191    .text.EXTI15_10_IRQHandler:00000000 $t
C:\Users\Bunyamin\AppData\Local\Temp\cclFcBCc.s:197    .text.EXTI15_10_IRQHandler:00000000 EXTI15_10_IRQHandler
C:\Users\Bunyamin\AppData\Local\Temp\cclFcBCc.s:221    .text.TIM7_IRQHandler:00000000 $t
C:\Users\Bunyamin\AppData\Local\Temp\cclFcBCc.s:227    .text.TIM7_IRQHandler:00000000 TIM7_IRQHandler
C:\Users\Bunyamin\AppData\Local\Temp\cclFcBCc.s:250    .text.TIM7_IRQHandler:00000010 $d
                           .group:00000000 wm4.0.adf14caa46e67022f385f91b18884ae8
                           .group:00000000 wm4.stm32l4xx_hal_conf.h.25.f2c2baae95a39b25115e9995c3795bc7
                           .group:00000000 wm4.stm32l4xx.h.38.13610480d662c5d808817940a37afcf4
                           .group:00000000 wm4.stm32l431xx.h.34.6bfcd453831bababd835da741e947597
                           .group:00000000 wm4._newlib_version.h.4.bfdf54b0af045d4a71376ae00f63a22c
                           .group:00000000 wm4.features.h.33.318b64d71e0957639cfb30f1db1f7ec8
                           .group:00000000 wm4._default_types.h.15.247e5cd201eca3442cbf5404108c4935
                           .group:00000000 wm4._intsup.h.10.48bafbb683905c4daa4565a85aeeb264
                           .group:00000000 wm4._stdint.h.10.c24fa3af3bc1706662bb5593a907e841
                           .group:00000000 wm4.stdint.h.23.d53047a68f4a85177f80b422d52785ed
                           .group:00000000 wm4.cmsis_version.h.32.46e8eccfa2cfeaae11d008bb2823a3ed
                           .group:00000000 wm4.core_cm4.h.66.e4ff136c4a17abc46741866f64f8e729
                           .group:00000000 wm4.cmsis_gcc.h.26.78077cef1206e937f7b56043ffca496a
                           .group:00000000 wm4.core_cm4.h.174.fcddd62df80231752fa39eb9b61dadfe
                           .group:00000000 wm4.mpu_armv7.h.32.4049752bb5792d4e15357775e9506cfc
                           .group:00000000 wm4.stm32l431xx.h.384.3f3d03e9bef538a62546e70889602bcc
                           .group:00000000 wm4.stm32l4xx.h.196.f5ae8047c57b6175c94f246ef967a286
                           .group:00000000 wm4.stm32_hal_legacy.h.22.60f4b739ef84b68a7e7ed16e5103575e
                           .group:00000000 wm4.stddef.h.39.144cf5ddcd53cbfdac30259dc1a6c87f
                           .group:00000000 wm4.stm32l4xx_hal_def.h.57.b521302d6c089e94008be04ada42518c
                           .group:00000000 wm4.stm32l4xx_hal_rcc.h.156.f36bcd90393f545abf5175db0317daf0
                           .group:00000000 wm4.stm32l4xx_hal_rcc_ex.h.20.12191e740ab6b6b1113f2c48ee606125
                           .group:00000000 wm4.stm32l4xx_hal_gpio.h.21.2d2b1fd6aa6afa7b6dcc89cf752a9a25
                           .group:00000000 wm4.stm32l4xx_hal_gpio_ex.h.21.dc93a5f034b4b289e8405af05f300536
                           .group:00000000 wm4.stm32l4xx_hal_dma.h.21.85535a9033ff7e527296f1cd4943a831
                           .group:00000000 wm4.stm32l4xx_hal_cortex.h.21.94fe10dd50baf2cef42a470b44b9074a
                           .group:00000000 wm4.stm32l4xx_hal_exti.h.21.40d8ec18d1f78c22d31071fa46f0751e
                           .group:00000000 wm4.stm32l4xx_hal_flash.h.20.3f4ef626abeefd93430968dc6defca64
                           .group:00000000 wm4.stm32l4xx_hal_flash.h.848.b5e1a92ab03fcd2ac5572c217f864bbd
                           .group:00000000 wm4.stm32l4xx_hal_i2c.h.21.1c548a113da5711525bbba5ee1988cbd
                           .group:00000000 wm4.stm32l4xx_hal_i2c_ex.h.21.ad4ad4e558d4fec06df87d163a6927d7
                           .group:00000000 wm4.stm32l4xx_hal_i2c.h.738.08f9916803fd1d9db10b6451187300a7
                           .group:00000000 wm4.stm32l4xx_hal_pwr.h.21.7ddab2caa97243c36e496eca17b27618
                           .group:00000000 wm4.stm32l4xx_hal_pwr_ex.h.21.9e06b77b5dc94ad5bd2056e51ad44ac9
                           .group:00000000 wm4.stm32l4xx_hal_tim.h.21.514f1bd267cd24adfb57081a913ef29f
                           .group:00000000 wm4.stm32l4xx_hal_tim_ex.h.21.fc4cf6652f188acb945f023f83d5be40
                           .group:00000000 wm4.stm32l4xx_hal_uart.h.21.fc846d838d179e557421cc5a6a90c71c
                           .group:00000000 wm4.stm32l4xx_hal_uart_ex.h.21.7be595013de67b2f8c7338c16ffea5d2
ARM GAS  C:\Users\Bunyamin\AppData\Local\Temp\cclFcBCc.s 			page 10


                           .group:00000000 wm4.stm32l4xx_hal.h.75.31089712a89c0f0150abe5ff65219923

UNDEFINED SYMBOLS
HAL_GPIO_EXTI_IRQHandler
HAL_TIM_IRQHandler
htim7
