ARM GAS  C:\Users\Bunyamin\AppData\Local\Temp\ccArIm1T.s 			page 1


   1              		.cpu cortex-m4
   2              		.arch armv7e-m
   3              		.fpu fpv4-sp-d16
   4              		.eabi_attribute 27, 1
   5              		.eabi_attribute 28, 1
   6              		.eabi_attribute 20, 1
   7              		.eabi_attribute 21, 1
   8              		.eabi_attribute 23, 3
   9              		.eabi_attribute 24, 1
  10              		.eabi_attribute 25, 1
  11              		.eabi_attribute 26, 1
  12              		.eabi_attribute 30, 6
  13              		.eabi_attribute 34, 1
  14              		.eabi_attribute 18, 4
  15              		.file	"stm32l4xx_hal_i2c_ex.c"
  16              		.text
  17              	.Ltext0:
  18              		.cfi_sections	.debug_frame
  19              		.section	.text.HAL_I2CEx_ConfigAnalogFilter,"ax",%progbits
  20              		.align	1
  21              		.global	HAL_I2CEx_ConfigAnalogFilter
  22              		.syntax unified
  23              		.thumb
  24              		.thumb_func
  26              	HAL_I2CEx_ConfigAnalogFilter:
  27              	.LFB132:
  28              		.file 1 "Drivers/STM32L4xx_HAL_Driver/Src/stm32l4xx_hal_i2c_ex.c"
   1:Drivers/STM32L4xx_HAL_Driver/Src/stm32l4xx_hal_i2c_ex.c **** /**
   2:Drivers/STM32L4xx_HAL_Driver/Src/stm32l4xx_hal_i2c_ex.c ****   ******************************************************************************
   3:Drivers/STM32L4xx_HAL_Driver/Src/stm32l4xx_hal_i2c_ex.c ****   * @file    stm32l4xx_hal_i2c_ex.c
   4:Drivers/STM32L4xx_HAL_Driver/Src/stm32l4xx_hal_i2c_ex.c ****   * @author  MCD Application Team
   5:Drivers/STM32L4xx_HAL_Driver/Src/stm32l4xx_hal_i2c_ex.c ****   * @brief   I2C Extended HAL module driver.
   6:Drivers/STM32L4xx_HAL_Driver/Src/stm32l4xx_hal_i2c_ex.c ****   *          This file provides firmware functions to manage the following
   7:Drivers/STM32L4xx_HAL_Driver/Src/stm32l4xx_hal_i2c_ex.c ****   *          functionalities of I2C Extended peripheral:
   8:Drivers/STM32L4xx_HAL_Driver/Src/stm32l4xx_hal_i2c_ex.c ****   *           + Filter Mode Functions
   9:Drivers/STM32L4xx_HAL_Driver/Src/stm32l4xx_hal_i2c_ex.c ****   *           + WakeUp Mode Functions
  10:Drivers/STM32L4xx_HAL_Driver/Src/stm32l4xx_hal_i2c_ex.c ****   *           + FastModePlus Functions
  11:Drivers/STM32L4xx_HAL_Driver/Src/stm32l4xx_hal_i2c_ex.c ****   *
  12:Drivers/STM32L4xx_HAL_Driver/Src/stm32l4xx_hal_i2c_ex.c ****   ******************************************************************************
  13:Drivers/STM32L4xx_HAL_Driver/Src/stm32l4xx_hal_i2c_ex.c ****   * @attention
  14:Drivers/STM32L4xx_HAL_Driver/Src/stm32l4xx_hal_i2c_ex.c ****   *
  15:Drivers/STM32L4xx_HAL_Driver/Src/stm32l4xx_hal_i2c_ex.c ****   * Copyright (c) 2017 STMicroelectronics.
  16:Drivers/STM32L4xx_HAL_Driver/Src/stm32l4xx_hal_i2c_ex.c ****   * All rights reserved.
  17:Drivers/STM32L4xx_HAL_Driver/Src/stm32l4xx_hal_i2c_ex.c ****   *
  18:Drivers/STM32L4xx_HAL_Driver/Src/stm32l4xx_hal_i2c_ex.c ****   * This software is licensed under terms that can be found in the LICENSE file
  19:Drivers/STM32L4xx_HAL_Driver/Src/stm32l4xx_hal_i2c_ex.c ****   * in the root directory of this software component.
  20:Drivers/STM32L4xx_HAL_Driver/Src/stm32l4xx_hal_i2c_ex.c ****   * If no LICENSE file comes with this software, it is provided AS-IS.
  21:Drivers/STM32L4xx_HAL_Driver/Src/stm32l4xx_hal_i2c_ex.c ****   *
  22:Drivers/STM32L4xx_HAL_Driver/Src/stm32l4xx_hal_i2c_ex.c ****   ******************************************************************************
  23:Drivers/STM32L4xx_HAL_Driver/Src/stm32l4xx_hal_i2c_ex.c ****   @verbatim
  24:Drivers/STM32L4xx_HAL_Driver/Src/stm32l4xx_hal_i2c_ex.c ****   ==============================================================================
  25:Drivers/STM32L4xx_HAL_Driver/Src/stm32l4xx_hal_i2c_ex.c ****                ##### I2C peripheral Extended features  #####
  26:Drivers/STM32L4xx_HAL_Driver/Src/stm32l4xx_hal_i2c_ex.c ****   ==============================================================================
  27:Drivers/STM32L4xx_HAL_Driver/Src/stm32l4xx_hal_i2c_ex.c **** 
  28:Drivers/STM32L4xx_HAL_Driver/Src/stm32l4xx_hal_i2c_ex.c ****   [..] Comparing to other previous devices, the I2C interface for STM32L4xx
  29:Drivers/STM32L4xx_HAL_Driver/Src/stm32l4xx_hal_i2c_ex.c ****        devices contains the following additional features
  30:Drivers/STM32L4xx_HAL_Driver/Src/stm32l4xx_hal_i2c_ex.c **** 
ARM GAS  C:\Users\Bunyamin\AppData\Local\Temp\ccArIm1T.s 			page 2


  31:Drivers/STM32L4xx_HAL_Driver/Src/stm32l4xx_hal_i2c_ex.c ****        (+) Possibility to disable or enable Analog Noise Filter
  32:Drivers/STM32L4xx_HAL_Driver/Src/stm32l4xx_hal_i2c_ex.c ****        (+) Use of a configured Digital Noise Filter
  33:Drivers/STM32L4xx_HAL_Driver/Src/stm32l4xx_hal_i2c_ex.c ****        (+) Disable or enable wakeup from Stop mode(s)
  34:Drivers/STM32L4xx_HAL_Driver/Src/stm32l4xx_hal_i2c_ex.c ****        (+) Disable or enable Fast Mode Plus
  35:Drivers/STM32L4xx_HAL_Driver/Src/stm32l4xx_hal_i2c_ex.c **** 
  36:Drivers/STM32L4xx_HAL_Driver/Src/stm32l4xx_hal_i2c_ex.c ****                      ##### How to use this driver #####
  37:Drivers/STM32L4xx_HAL_Driver/Src/stm32l4xx_hal_i2c_ex.c ****   ==============================================================================
  38:Drivers/STM32L4xx_HAL_Driver/Src/stm32l4xx_hal_i2c_ex.c ****   [..] This driver provides functions to configure Noise Filter and Wake Up Feature
  39:Drivers/STM32L4xx_HAL_Driver/Src/stm32l4xx_hal_i2c_ex.c ****     (#) Configure I2C Analog noise filter using the function HAL_I2CEx_ConfigAnalogFilter()
  40:Drivers/STM32L4xx_HAL_Driver/Src/stm32l4xx_hal_i2c_ex.c ****     (#) Configure I2C Digital noise filter using the function HAL_I2CEx_ConfigDigitalFilter()
  41:Drivers/STM32L4xx_HAL_Driver/Src/stm32l4xx_hal_i2c_ex.c ****     (#) Configure the enable or disable of I2C Wake Up Mode using the functions :
  42:Drivers/STM32L4xx_HAL_Driver/Src/stm32l4xx_hal_i2c_ex.c ****           (++) HAL_I2CEx_EnableWakeUp()
  43:Drivers/STM32L4xx_HAL_Driver/Src/stm32l4xx_hal_i2c_ex.c ****           (++) HAL_I2CEx_DisableWakeUp()
  44:Drivers/STM32L4xx_HAL_Driver/Src/stm32l4xx_hal_i2c_ex.c ****     (#) Configure the enable or disable of fast mode plus driving capability using the functions :
  45:Drivers/STM32L4xx_HAL_Driver/Src/stm32l4xx_hal_i2c_ex.c ****           (++) HAL_I2CEx_EnableFastModePlus()
  46:Drivers/STM32L4xx_HAL_Driver/Src/stm32l4xx_hal_i2c_ex.c ****           (++) HAL_I2CEx_DisableFastModePlus()
  47:Drivers/STM32L4xx_HAL_Driver/Src/stm32l4xx_hal_i2c_ex.c ****   @endverbatim
  48:Drivers/STM32L4xx_HAL_Driver/Src/stm32l4xx_hal_i2c_ex.c ****   */
  49:Drivers/STM32L4xx_HAL_Driver/Src/stm32l4xx_hal_i2c_ex.c **** 
  50:Drivers/STM32L4xx_HAL_Driver/Src/stm32l4xx_hal_i2c_ex.c **** /* Includes ------------------------------------------------------------------*/
  51:Drivers/STM32L4xx_HAL_Driver/Src/stm32l4xx_hal_i2c_ex.c **** #include "stm32l4xx_hal.h"
  52:Drivers/STM32L4xx_HAL_Driver/Src/stm32l4xx_hal_i2c_ex.c **** 
  53:Drivers/STM32L4xx_HAL_Driver/Src/stm32l4xx_hal_i2c_ex.c **** /** @addtogroup STM32L4xx_HAL_Driver
  54:Drivers/STM32L4xx_HAL_Driver/Src/stm32l4xx_hal_i2c_ex.c ****   * @{
  55:Drivers/STM32L4xx_HAL_Driver/Src/stm32l4xx_hal_i2c_ex.c ****   */
  56:Drivers/STM32L4xx_HAL_Driver/Src/stm32l4xx_hal_i2c_ex.c **** 
  57:Drivers/STM32L4xx_HAL_Driver/Src/stm32l4xx_hal_i2c_ex.c **** /** @defgroup I2CEx I2CEx
  58:Drivers/STM32L4xx_HAL_Driver/Src/stm32l4xx_hal_i2c_ex.c ****   * @brief I2C Extended HAL module driver
  59:Drivers/STM32L4xx_HAL_Driver/Src/stm32l4xx_hal_i2c_ex.c ****   * @{
  60:Drivers/STM32L4xx_HAL_Driver/Src/stm32l4xx_hal_i2c_ex.c ****   */
  61:Drivers/STM32L4xx_HAL_Driver/Src/stm32l4xx_hal_i2c_ex.c **** 
  62:Drivers/STM32L4xx_HAL_Driver/Src/stm32l4xx_hal_i2c_ex.c **** #ifdef HAL_I2C_MODULE_ENABLED
  63:Drivers/STM32L4xx_HAL_Driver/Src/stm32l4xx_hal_i2c_ex.c **** 
  64:Drivers/STM32L4xx_HAL_Driver/Src/stm32l4xx_hal_i2c_ex.c **** /* Private typedef -----------------------------------------------------------*/
  65:Drivers/STM32L4xx_HAL_Driver/Src/stm32l4xx_hal_i2c_ex.c **** /* Private define ------------------------------------------------------------*/
  66:Drivers/STM32L4xx_HAL_Driver/Src/stm32l4xx_hal_i2c_ex.c **** /* Private macro -------------------------------------------------------------*/
  67:Drivers/STM32L4xx_HAL_Driver/Src/stm32l4xx_hal_i2c_ex.c **** /* Private variables ---------------------------------------------------------*/
  68:Drivers/STM32L4xx_HAL_Driver/Src/stm32l4xx_hal_i2c_ex.c **** /* Private function prototypes -----------------------------------------------*/
  69:Drivers/STM32L4xx_HAL_Driver/Src/stm32l4xx_hal_i2c_ex.c **** /* Private functions ---------------------------------------------------------*/
  70:Drivers/STM32L4xx_HAL_Driver/Src/stm32l4xx_hal_i2c_ex.c **** 
  71:Drivers/STM32L4xx_HAL_Driver/Src/stm32l4xx_hal_i2c_ex.c **** /** @defgroup I2CEx_Exported_Functions I2C Extended Exported Functions
  72:Drivers/STM32L4xx_HAL_Driver/Src/stm32l4xx_hal_i2c_ex.c ****   * @{
  73:Drivers/STM32L4xx_HAL_Driver/Src/stm32l4xx_hal_i2c_ex.c ****   */
  74:Drivers/STM32L4xx_HAL_Driver/Src/stm32l4xx_hal_i2c_ex.c **** 
  75:Drivers/STM32L4xx_HAL_Driver/Src/stm32l4xx_hal_i2c_ex.c **** /** @defgroup I2CEx_Exported_Functions_Group1 Filter Mode Functions
  76:Drivers/STM32L4xx_HAL_Driver/Src/stm32l4xx_hal_i2c_ex.c ****   * @brief    Filter Mode Functions
  77:Drivers/STM32L4xx_HAL_Driver/Src/stm32l4xx_hal_i2c_ex.c ****   *
  78:Drivers/STM32L4xx_HAL_Driver/Src/stm32l4xx_hal_i2c_ex.c **** @verbatim
  79:Drivers/STM32L4xx_HAL_Driver/Src/stm32l4xx_hal_i2c_ex.c ****  ===============================================================================
  80:Drivers/STM32L4xx_HAL_Driver/Src/stm32l4xx_hal_i2c_ex.c ****                       ##### Filter Mode Functions #####
  81:Drivers/STM32L4xx_HAL_Driver/Src/stm32l4xx_hal_i2c_ex.c ****  ===============================================================================
  82:Drivers/STM32L4xx_HAL_Driver/Src/stm32l4xx_hal_i2c_ex.c ****     [..] This section provides functions allowing to:
  83:Drivers/STM32L4xx_HAL_Driver/Src/stm32l4xx_hal_i2c_ex.c ****       (+) Configure Noise Filters
  84:Drivers/STM32L4xx_HAL_Driver/Src/stm32l4xx_hal_i2c_ex.c **** 
  85:Drivers/STM32L4xx_HAL_Driver/Src/stm32l4xx_hal_i2c_ex.c **** @endverbatim
  86:Drivers/STM32L4xx_HAL_Driver/Src/stm32l4xx_hal_i2c_ex.c ****   * @{
  87:Drivers/STM32L4xx_HAL_Driver/Src/stm32l4xx_hal_i2c_ex.c ****   */
ARM GAS  C:\Users\Bunyamin\AppData\Local\Temp\ccArIm1T.s 			page 3


  88:Drivers/STM32L4xx_HAL_Driver/Src/stm32l4xx_hal_i2c_ex.c **** 
  89:Drivers/STM32L4xx_HAL_Driver/Src/stm32l4xx_hal_i2c_ex.c **** /**
  90:Drivers/STM32L4xx_HAL_Driver/Src/stm32l4xx_hal_i2c_ex.c ****   * @brief  Configure I2C Analog noise filter.
  91:Drivers/STM32L4xx_HAL_Driver/Src/stm32l4xx_hal_i2c_ex.c ****   * @param  hi2c Pointer to a I2C_HandleTypeDef structure that contains
  92:Drivers/STM32L4xx_HAL_Driver/Src/stm32l4xx_hal_i2c_ex.c ****   *                the configuration information for the specified I2Cx peripheral.
  93:Drivers/STM32L4xx_HAL_Driver/Src/stm32l4xx_hal_i2c_ex.c ****   * @param  AnalogFilter New state of the Analog filter.
  94:Drivers/STM32L4xx_HAL_Driver/Src/stm32l4xx_hal_i2c_ex.c ****   * @retval HAL status
  95:Drivers/STM32L4xx_HAL_Driver/Src/stm32l4xx_hal_i2c_ex.c ****   */
  96:Drivers/STM32L4xx_HAL_Driver/Src/stm32l4xx_hal_i2c_ex.c **** HAL_StatusTypeDef HAL_I2CEx_ConfigAnalogFilter(I2C_HandleTypeDef *hi2c, uint32_t AnalogFilter)
  97:Drivers/STM32L4xx_HAL_Driver/Src/stm32l4xx_hal_i2c_ex.c **** {
  29              		.loc 1 97 1
  30              		.cfi_startproc
  31              		@ args = 0, pretend = 0, frame = 8
  32              		@ frame_needed = 1, uses_anonymous_args = 0
  33              		@ link register save eliminated.
  34 0000 80B4     		push	{r7}
  35              	.LCFI0:
  36              		.cfi_def_cfa_offset 4
  37              		.cfi_offset 7, -4
  38 0002 83B0     		sub	sp, sp, #12
  39              	.LCFI1:
  40              		.cfi_def_cfa_offset 16
  41 0004 00AF     		add	r7, sp, #0
  42              	.LCFI2:
  43              		.cfi_def_cfa_register 7
  44 0006 7860     		str	r0, [r7, #4]
  45 0008 3960     		str	r1, [r7]
  98:Drivers/STM32L4xx_HAL_Driver/Src/stm32l4xx_hal_i2c_ex.c ****   /* Check the parameters */
  99:Drivers/STM32L4xx_HAL_Driver/Src/stm32l4xx_hal_i2c_ex.c ****   assert_param(IS_I2C_ALL_INSTANCE(hi2c->Instance));
 100:Drivers/STM32L4xx_HAL_Driver/Src/stm32l4xx_hal_i2c_ex.c ****   assert_param(IS_I2C_ANALOG_FILTER(AnalogFilter));
 101:Drivers/STM32L4xx_HAL_Driver/Src/stm32l4xx_hal_i2c_ex.c **** 
 102:Drivers/STM32L4xx_HAL_Driver/Src/stm32l4xx_hal_i2c_ex.c ****   if (hi2c->State == HAL_I2C_STATE_READY)
  46              		.loc 1 102 11
  47 000a 7B68     		ldr	r3, [r7, #4]
  48 000c 93F84130 		ldrb	r3, [r3, #65]
  49 0010 DBB2     		uxtb	r3, r3
  50              		.loc 1 102 6
  51 0012 202B     		cmp	r3, #32
  52 0014 38D1     		bne	.L2
 103:Drivers/STM32L4xx_HAL_Driver/Src/stm32l4xx_hal_i2c_ex.c ****   {
 104:Drivers/STM32L4xx_HAL_Driver/Src/stm32l4xx_hal_i2c_ex.c ****     /* Process Locked */
 105:Drivers/STM32L4xx_HAL_Driver/Src/stm32l4xx_hal_i2c_ex.c ****     __HAL_LOCK(hi2c);
  53              		.loc 1 105 5
  54 0016 7B68     		ldr	r3, [r7, #4]
  55 0018 93F84030 		ldrb	r3, [r3, #64]	@ zero_extendqisi2
  56 001c 012B     		cmp	r3, #1
  57 001e 01D1     		bne	.L3
  58              		.loc 1 105 5 is_stmt 0 discriminator 1
  59 0020 0223     		movs	r3, #2
  60 0022 32E0     		b	.L4
  61              	.L3:
  62              		.loc 1 105 5 discriminator 2
  63 0024 7B68     		ldr	r3, [r7, #4]
  64 0026 0122     		movs	r2, #1
  65 0028 83F84020 		strb	r2, [r3, #64]
 106:Drivers/STM32L4xx_HAL_Driver/Src/stm32l4xx_hal_i2c_ex.c **** 
 107:Drivers/STM32L4xx_HAL_Driver/Src/stm32l4xx_hal_i2c_ex.c ****     hi2c->State = HAL_I2C_STATE_BUSY;
ARM GAS  C:\Users\Bunyamin\AppData\Local\Temp\ccArIm1T.s 			page 4


  66              		.loc 1 107 17 is_stmt 1 discriminator 2
  67 002c 7B68     		ldr	r3, [r7, #4]
  68 002e 2422     		movs	r2, #36
  69 0030 83F84120 		strb	r2, [r3, #65]
 108:Drivers/STM32L4xx_HAL_Driver/Src/stm32l4xx_hal_i2c_ex.c **** 
 109:Drivers/STM32L4xx_HAL_Driver/Src/stm32l4xx_hal_i2c_ex.c ****     /* Disable the selected I2C peripheral */
 110:Drivers/STM32L4xx_HAL_Driver/Src/stm32l4xx_hal_i2c_ex.c ****     __HAL_I2C_DISABLE(hi2c);
  70              		.loc 1 110 5 discriminator 2
  71 0034 7B68     		ldr	r3, [r7, #4]
  72 0036 1B68     		ldr	r3, [r3]
  73 0038 1A68     		ldr	r2, [r3]
  74 003a 7B68     		ldr	r3, [r7, #4]
  75 003c 1B68     		ldr	r3, [r3]
  76 003e 22F00102 		bic	r2, r2, #1
  77 0042 1A60     		str	r2, [r3]
 111:Drivers/STM32L4xx_HAL_Driver/Src/stm32l4xx_hal_i2c_ex.c **** 
 112:Drivers/STM32L4xx_HAL_Driver/Src/stm32l4xx_hal_i2c_ex.c ****     /* Reset I2Cx ANOFF bit */
 113:Drivers/STM32L4xx_HAL_Driver/Src/stm32l4xx_hal_i2c_ex.c ****     hi2c->Instance->CR1 &= ~(I2C_CR1_ANFOFF);
  78              		.loc 1 113 9 discriminator 2
  79 0044 7B68     		ldr	r3, [r7, #4]
  80 0046 1B68     		ldr	r3, [r3]
  81              		.loc 1 113 25 discriminator 2
  82 0048 1A68     		ldr	r2, [r3]
  83              		.loc 1 113 9 discriminator 2
  84 004a 7B68     		ldr	r3, [r7, #4]
  85 004c 1B68     		ldr	r3, [r3]
  86              		.loc 1 113 25 discriminator 2
  87 004e 22F48052 		bic	r2, r2, #4096
  88 0052 1A60     		str	r2, [r3]
 114:Drivers/STM32L4xx_HAL_Driver/Src/stm32l4xx_hal_i2c_ex.c **** 
 115:Drivers/STM32L4xx_HAL_Driver/Src/stm32l4xx_hal_i2c_ex.c ****     /* Set analog filter bit*/
 116:Drivers/STM32L4xx_HAL_Driver/Src/stm32l4xx_hal_i2c_ex.c ****     hi2c->Instance->CR1 |= AnalogFilter;
  89              		.loc 1 116 9 discriminator 2
  90 0054 7B68     		ldr	r3, [r7, #4]
  91 0056 1B68     		ldr	r3, [r3]
  92              		.loc 1 116 25 discriminator 2
  93 0058 1968     		ldr	r1, [r3]
  94              		.loc 1 116 9 discriminator 2
  95 005a 7B68     		ldr	r3, [r7, #4]
  96 005c 1B68     		ldr	r3, [r3]
  97              		.loc 1 116 25 discriminator 2
  98 005e 3A68     		ldr	r2, [r7]
  99 0060 0A43     		orrs	r2, r2, r1
 100 0062 1A60     		str	r2, [r3]
 117:Drivers/STM32L4xx_HAL_Driver/Src/stm32l4xx_hal_i2c_ex.c **** 
 118:Drivers/STM32L4xx_HAL_Driver/Src/stm32l4xx_hal_i2c_ex.c ****     __HAL_I2C_ENABLE(hi2c);
 101              		.loc 1 118 5 discriminator 2
 102 0064 7B68     		ldr	r3, [r7, #4]
 103 0066 1B68     		ldr	r3, [r3]
 104 0068 1A68     		ldr	r2, [r3]
 105 006a 7B68     		ldr	r3, [r7, #4]
 106 006c 1B68     		ldr	r3, [r3]
 107 006e 42F00102 		orr	r2, r2, #1
 108 0072 1A60     		str	r2, [r3]
 119:Drivers/STM32L4xx_HAL_Driver/Src/stm32l4xx_hal_i2c_ex.c **** 
 120:Drivers/STM32L4xx_HAL_Driver/Src/stm32l4xx_hal_i2c_ex.c ****     hi2c->State = HAL_I2C_STATE_READY;
 109              		.loc 1 120 17 discriminator 2
ARM GAS  C:\Users\Bunyamin\AppData\Local\Temp\ccArIm1T.s 			page 5


 110 0074 7B68     		ldr	r3, [r7, #4]
 111 0076 2022     		movs	r2, #32
 112 0078 83F84120 		strb	r2, [r3, #65]
 121:Drivers/STM32L4xx_HAL_Driver/Src/stm32l4xx_hal_i2c_ex.c **** 
 122:Drivers/STM32L4xx_HAL_Driver/Src/stm32l4xx_hal_i2c_ex.c ****     /* Process Unlocked */
 123:Drivers/STM32L4xx_HAL_Driver/Src/stm32l4xx_hal_i2c_ex.c ****     __HAL_UNLOCK(hi2c);
 113              		.loc 1 123 5 discriminator 2
 114 007c 7B68     		ldr	r3, [r7, #4]
 115 007e 0022     		movs	r2, #0
 116 0080 83F84020 		strb	r2, [r3, #64]
 124:Drivers/STM32L4xx_HAL_Driver/Src/stm32l4xx_hal_i2c_ex.c **** 
 125:Drivers/STM32L4xx_HAL_Driver/Src/stm32l4xx_hal_i2c_ex.c ****     return HAL_OK;
 117              		.loc 1 125 12 discriminator 2
 118 0084 0023     		movs	r3, #0
 119 0086 00E0     		b	.L4
 120              	.L2:
 126:Drivers/STM32L4xx_HAL_Driver/Src/stm32l4xx_hal_i2c_ex.c ****   }
 127:Drivers/STM32L4xx_HAL_Driver/Src/stm32l4xx_hal_i2c_ex.c ****   else
 128:Drivers/STM32L4xx_HAL_Driver/Src/stm32l4xx_hal_i2c_ex.c ****   {
 129:Drivers/STM32L4xx_HAL_Driver/Src/stm32l4xx_hal_i2c_ex.c ****     return HAL_BUSY;
 121              		.loc 1 129 12
 122 0088 0223     		movs	r3, #2
 123              	.L4:
 130:Drivers/STM32L4xx_HAL_Driver/Src/stm32l4xx_hal_i2c_ex.c ****   }
 131:Drivers/STM32L4xx_HAL_Driver/Src/stm32l4xx_hal_i2c_ex.c **** }
 124              		.loc 1 131 1
 125 008a 1846     		mov	r0, r3
 126 008c 0C37     		adds	r7, r7, #12
 127              	.LCFI3:
 128              		.cfi_def_cfa_offset 4
 129 008e BD46     		mov	sp, r7
 130              	.LCFI4:
 131              		.cfi_def_cfa_register 13
 132              		@ sp needed
 133 0090 5DF8047B 		ldr	r7, [sp], #4
 134              	.LCFI5:
 135              		.cfi_restore 7
 136              		.cfi_def_cfa_offset 0
 137 0094 7047     		bx	lr
 138              		.cfi_endproc
 139              	.LFE132:
 141              		.section	.text.HAL_I2CEx_ConfigDigitalFilter,"ax",%progbits
 142              		.align	1
 143              		.global	HAL_I2CEx_ConfigDigitalFilter
 144              		.syntax unified
 145              		.thumb
 146              		.thumb_func
 148              	HAL_I2CEx_ConfigDigitalFilter:
 149              	.LFB133:
 132:Drivers/STM32L4xx_HAL_Driver/Src/stm32l4xx_hal_i2c_ex.c **** 
 133:Drivers/STM32L4xx_HAL_Driver/Src/stm32l4xx_hal_i2c_ex.c **** /**
 134:Drivers/STM32L4xx_HAL_Driver/Src/stm32l4xx_hal_i2c_ex.c ****   * @brief  Configure I2C Digital noise filter.
 135:Drivers/STM32L4xx_HAL_Driver/Src/stm32l4xx_hal_i2c_ex.c ****   * @param  hi2c Pointer to a I2C_HandleTypeDef structure that contains
 136:Drivers/STM32L4xx_HAL_Driver/Src/stm32l4xx_hal_i2c_ex.c ****   *                the configuration information for the specified I2Cx peripheral.
 137:Drivers/STM32L4xx_HAL_Driver/Src/stm32l4xx_hal_i2c_ex.c ****   * @param  DigitalFilter Coefficient of digital noise filter between Min_Data=0x00 and Max_Data=0x
 138:Drivers/STM32L4xx_HAL_Driver/Src/stm32l4xx_hal_i2c_ex.c ****   * @retval HAL status
 139:Drivers/STM32L4xx_HAL_Driver/Src/stm32l4xx_hal_i2c_ex.c ****   */
ARM GAS  C:\Users\Bunyamin\AppData\Local\Temp\ccArIm1T.s 			page 6


 140:Drivers/STM32L4xx_HAL_Driver/Src/stm32l4xx_hal_i2c_ex.c **** HAL_StatusTypeDef HAL_I2CEx_ConfigDigitalFilter(I2C_HandleTypeDef *hi2c, uint32_t DigitalFilter)
 141:Drivers/STM32L4xx_HAL_Driver/Src/stm32l4xx_hal_i2c_ex.c **** {
 150              		.loc 1 141 1
 151              		.cfi_startproc
 152              		@ args = 0, pretend = 0, frame = 16
 153              		@ frame_needed = 1, uses_anonymous_args = 0
 154              		@ link register save eliminated.
 155 0000 80B4     		push	{r7}
 156              	.LCFI6:
 157              		.cfi_def_cfa_offset 4
 158              		.cfi_offset 7, -4
 159 0002 85B0     		sub	sp, sp, #20
 160              	.LCFI7:
 161              		.cfi_def_cfa_offset 24
 162 0004 00AF     		add	r7, sp, #0
 163              	.LCFI8:
 164              		.cfi_def_cfa_register 7
 165 0006 7860     		str	r0, [r7, #4]
 166 0008 3960     		str	r1, [r7]
 142:Drivers/STM32L4xx_HAL_Driver/Src/stm32l4xx_hal_i2c_ex.c ****   uint32_t tmpreg;
 143:Drivers/STM32L4xx_HAL_Driver/Src/stm32l4xx_hal_i2c_ex.c **** 
 144:Drivers/STM32L4xx_HAL_Driver/Src/stm32l4xx_hal_i2c_ex.c ****   /* Check the parameters */
 145:Drivers/STM32L4xx_HAL_Driver/Src/stm32l4xx_hal_i2c_ex.c ****   assert_param(IS_I2C_ALL_INSTANCE(hi2c->Instance));
 146:Drivers/STM32L4xx_HAL_Driver/Src/stm32l4xx_hal_i2c_ex.c ****   assert_param(IS_I2C_DIGITAL_FILTER(DigitalFilter));
 147:Drivers/STM32L4xx_HAL_Driver/Src/stm32l4xx_hal_i2c_ex.c **** 
 148:Drivers/STM32L4xx_HAL_Driver/Src/stm32l4xx_hal_i2c_ex.c ****   if (hi2c->State == HAL_I2C_STATE_READY)
 167              		.loc 1 148 11
 168 000a 7B68     		ldr	r3, [r7, #4]
 169 000c 93F84130 		ldrb	r3, [r3, #65]
 170 0010 DBB2     		uxtb	r3, r3
 171              		.loc 1 148 6
 172 0012 202B     		cmp	r3, #32
 173 0014 39D1     		bne	.L6
 149:Drivers/STM32L4xx_HAL_Driver/Src/stm32l4xx_hal_i2c_ex.c ****   {
 150:Drivers/STM32L4xx_HAL_Driver/Src/stm32l4xx_hal_i2c_ex.c ****     /* Process Locked */
 151:Drivers/STM32L4xx_HAL_Driver/Src/stm32l4xx_hal_i2c_ex.c ****     __HAL_LOCK(hi2c);
 174              		.loc 1 151 5
 175 0016 7B68     		ldr	r3, [r7, #4]
 176 0018 93F84030 		ldrb	r3, [r3, #64]	@ zero_extendqisi2
 177 001c 012B     		cmp	r3, #1
 178 001e 01D1     		bne	.L7
 179              		.loc 1 151 5 is_stmt 0 discriminator 1
 180 0020 0223     		movs	r3, #2
 181 0022 33E0     		b	.L8
 182              	.L7:
 183              		.loc 1 151 5 discriminator 2
 184 0024 7B68     		ldr	r3, [r7, #4]
 185 0026 0122     		movs	r2, #1
 186 0028 83F84020 		strb	r2, [r3, #64]
 152:Drivers/STM32L4xx_HAL_Driver/Src/stm32l4xx_hal_i2c_ex.c **** 
 153:Drivers/STM32L4xx_HAL_Driver/Src/stm32l4xx_hal_i2c_ex.c ****     hi2c->State = HAL_I2C_STATE_BUSY;
 187              		.loc 1 153 17 is_stmt 1 discriminator 2
 188 002c 7B68     		ldr	r3, [r7, #4]
 189 002e 2422     		movs	r2, #36
 190 0030 83F84120 		strb	r2, [r3, #65]
 154:Drivers/STM32L4xx_HAL_Driver/Src/stm32l4xx_hal_i2c_ex.c **** 
 155:Drivers/STM32L4xx_HAL_Driver/Src/stm32l4xx_hal_i2c_ex.c ****     /* Disable the selected I2C peripheral */
ARM GAS  C:\Users\Bunyamin\AppData\Local\Temp\ccArIm1T.s 			page 7


 156:Drivers/STM32L4xx_HAL_Driver/Src/stm32l4xx_hal_i2c_ex.c ****     __HAL_I2C_DISABLE(hi2c);
 191              		.loc 1 156 5 discriminator 2
 192 0034 7B68     		ldr	r3, [r7, #4]
 193 0036 1B68     		ldr	r3, [r3]
 194 0038 1A68     		ldr	r2, [r3]
 195 003a 7B68     		ldr	r3, [r7, #4]
 196 003c 1B68     		ldr	r3, [r3]
 197 003e 22F00102 		bic	r2, r2, #1
 198 0042 1A60     		str	r2, [r3]
 157:Drivers/STM32L4xx_HAL_Driver/Src/stm32l4xx_hal_i2c_ex.c **** 
 158:Drivers/STM32L4xx_HAL_Driver/Src/stm32l4xx_hal_i2c_ex.c ****     /* Get the old register value */
 159:Drivers/STM32L4xx_HAL_Driver/Src/stm32l4xx_hal_i2c_ex.c ****     tmpreg = hi2c->Instance->CR1;
 199              		.loc 1 159 18 discriminator 2
 200 0044 7B68     		ldr	r3, [r7, #4]
 201 0046 1B68     		ldr	r3, [r3]
 202              		.loc 1 159 12 discriminator 2
 203 0048 1B68     		ldr	r3, [r3]
 204 004a FB60     		str	r3, [r7, #12]
 160:Drivers/STM32L4xx_HAL_Driver/Src/stm32l4xx_hal_i2c_ex.c **** 
 161:Drivers/STM32L4xx_HAL_Driver/Src/stm32l4xx_hal_i2c_ex.c ****     /* Reset I2Cx DNF bits [11:8] */
 162:Drivers/STM32L4xx_HAL_Driver/Src/stm32l4xx_hal_i2c_ex.c ****     tmpreg &= ~(I2C_CR1_DNF);
 205              		.loc 1 162 12 discriminator 2
 206 004c FB68     		ldr	r3, [r7, #12]
 207 004e 23F47063 		bic	r3, r3, #3840
 208 0052 FB60     		str	r3, [r7, #12]
 163:Drivers/STM32L4xx_HAL_Driver/Src/stm32l4xx_hal_i2c_ex.c **** 
 164:Drivers/STM32L4xx_HAL_Driver/Src/stm32l4xx_hal_i2c_ex.c ****     /* Set I2Cx DNF coefficient */
 165:Drivers/STM32L4xx_HAL_Driver/Src/stm32l4xx_hal_i2c_ex.c ****     tmpreg |= DigitalFilter << 8U;
 209              		.loc 1 165 29 discriminator 2
 210 0054 3B68     		ldr	r3, [r7]
 211 0056 1B02     		lsls	r3, r3, #8
 212              		.loc 1 165 12 discriminator 2
 213 0058 FA68     		ldr	r2, [r7, #12]
 214 005a 1343     		orrs	r3, r3, r2
 215 005c FB60     		str	r3, [r7, #12]
 166:Drivers/STM32L4xx_HAL_Driver/Src/stm32l4xx_hal_i2c_ex.c **** 
 167:Drivers/STM32L4xx_HAL_Driver/Src/stm32l4xx_hal_i2c_ex.c ****     /* Store the new register value */
 168:Drivers/STM32L4xx_HAL_Driver/Src/stm32l4xx_hal_i2c_ex.c ****     hi2c->Instance->CR1 = tmpreg;
 216              		.loc 1 168 9 discriminator 2
 217 005e 7B68     		ldr	r3, [r7, #4]
 218 0060 1B68     		ldr	r3, [r3]
 219              		.loc 1 168 25 discriminator 2
 220 0062 FA68     		ldr	r2, [r7, #12]
 221 0064 1A60     		str	r2, [r3]
 169:Drivers/STM32L4xx_HAL_Driver/Src/stm32l4xx_hal_i2c_ex.c **** 
 170:Drivers/STM32L4xx_HAL_Driver/Src/stm32l4xx_hal_i2c_ex.c ****     __HAL_I2C_ENABLE(hi2c);
 222              		.loc 1 170 5 discriminator 2
 223 0066 7B68     		ldr	r3, [r7, #4]
 224 0068 1B68     		ldr	r3, [r3]
 225 006a 1A68     		ldr	r2, [r3]
 226 006c 7B68     		ldr	r3, [r7, #4]
 227 006e 1B68     		ldr	r3, [r3]
 228 0070 42F00102 		orr	r2, r2, #1
 229 0074 1A60     		str	r2, [r3]
 171:Drivers/STM32L4xx_HAL_Driver/Src/stm32l4xx_hal_i2c_ex.c **** 
 172:Drivers/STM32L4xx_HAL_Driver/Src/stm32l4xx_hal_i2c_ex.c ****     hi2c->State = HAL_I2C_STATE_READY;
 230              		.loc 1 172 17 discriminator 2
ARM GAS  C:\Users\Bunyamin\AppData\Local\Temp\ccArIm1T.s 			page 8


 231 0076 7B68     		ldr	r3, [r7, #4]
 232 0078 2022     		movs	r2, #32
 233 007a 83F84120 		strb	r2, [r3, #65]
 173:Drivers/STM32L4xx_HAL_Driver/Src/stm32l4xx_hal_i2c_ex.c **** 
 174:Drivers/STM32L4xx_HAL_Driver/Src/stm32l4xx_hal_i2c_ex.c ****     /* Process Unlocked */
 175:Drivers/STM32L4xx_HAL_Driver/Src/stm32l4xx_hal_i2c_ex.c ****     __HAL_UNLOCK(hi2c);
 234              		.loc 1 175 5 discriminator 2
 235 007e 7B68     		ldr	r3, [r7, #4]
 236 0080 0022     		movs	r2, #0
 237 0082 83F84020 		strb	r2, [r3, #64]
 176:Drivers/STM32L4xx_HAL_Driver/Src/stm32l4xx_hal_i2c_ex.c **** 
 177:Drivers/STM32L4xx_HAL_Driver/Src/stm32l4xx_hal_i2c_ex.c ****     return HAL_OK;
 238              		.loc 1 177 12 discriminator 2
 239 0086 0023     		movs	r3, #0
 240 0088 00E0     		b	.L8
 241              	.L6:
 178:Drivers/STM32L4xx_HAL_Driver/Src/stm32l4xx_hal_i2c_ex.c ****   }
 179:Drivers/STM32L4xx_HAL_Driver/Src/stm32l4xx_hal_i2c_ex.c ****   else
 180:Drivers/STM32L4xx_HAL_Driver/Src/stm32l4xx_hal_i2c_ex.c ****   {
 181:Drivers/STM32L4xx_HAL_Driver/Src/stm32l4xx_hal_i2c_ex.c ****     return HAL_BUSY;
 242              		.loc 1 181 12
 243 008a 0223     		movs	r3, #2
 244              	.L8:
 182:Drivers/STM32L4xx_HAL_Driver/Src/stm32l4xx_hal_i2c_ex.c ****   }
 183:Drivers/STM32L4xx_HAL_Driver/Src/stm32l4xx_hal_i2c_ex.c **** }
 245              		.loc 1 183 1
 246 008c 1846     		mov	r0, r3
 247 008e 1437     		adds	r7, r7, #20
 248              	.LCFI9:
 249              		.cfi_def_cfa_offset 4
 250 0090 BD46     		mov	sp, r7
 251              	.LCFI10:
 252              		.cfi_def_cfa_register 13
 253              		@ sp needed
 254 0092 5DF8047B 		ldr	r7, [sp], #4
 255              	.LCFI11:
 256              		.cfi_restore 7
 257              		.cfi_def_cfa_offset 0
 258 0096 7047     		bx	lr
 259              		.cfi_endproc
 260              	.LFE133:
 262              		.section	.text.HAL_I2CEx_EnableWakeUp,"ax",%progbits
 263              		.align	1
 264              		.global	HAL_I2CEx_EnableWakeUp
 265              		.syntax unified
 266              		.thumb
 267              		.thumb_func
 269              	HAL_I2CEx_EnableWakeUp:
 270              	.LFB134:
 184:Drivers/STM32L4xx_HAL_Driver/Src/stm32l4xx_hal_i2c_ex.c **** /**
 185:Drivers/STM32L4xx_HAL_Driver/Src/stm32l4xx_hal_i2c_ex.c ****   * @}
 186:Drivers/STM32L4xx_HAL_Driver/Src/stm32l4xx_hal_i2c_ex.c ****   */
 187:Drivers/STM32L4xx_HAL_Driver/Src/stm32l4xx_hal_i2c_ex.c **** 
 188:Drivers/STM32L4xx_HAL_Driver/Src/stm32l4xx_hal_i2c_ex.c **** /** @defgroup I2CEx_Exported_Functions_Group2 WakeUp Mode Functions
 189:Drivers/STM32L4xx_HAL_Driver/Src/stm32l4xx_hal_i2c_ex.c ****   * @brief    WakeUp Mode Functions
 190:Drivers/STM32L4xx_HAL_Driver/Src/stm32l4xx_hal_i2c_ex.c ****   *
 191:Drivers/STM32L4xx_HAL_Driver/Src/stm32l4xx_hal_i2c_ex.c **** @verbatim
ARM GAS  C:\Users\Bunyamin\AppData\Local\Temp\ccArIm1T.s 			page 9


 192:Drivers/STM32L4xx_HAL_Driver/Src/stm32l4xx_hal_i2c_ex.c ****  ===============================================================================
 193:Drivers/STM32L4xx_HAL_Driver/Src/stm32l4xx_hal_i2c_ex.c ****                       ##### WakeUp Mode Functions #####
 194:Drivers/STM32L4xx_HAL_Driver/Src/stm32l4xx_hal_i2c_ex.c ****  ===============================================================================
 195:Drivers/STM32L4xx_HAL_Driver/Src/stm32l4xx_hal_i2c_ex.c ****     [..] This section provides functions allowing to:
 196:Drivers/STM32L4xx_HAL_Driver/Src/stm32l4xx_hal_i2c_ex.c ****       (+) Configure Wake Up Feature
 197:Drivers/STM32L4xx_HAL_Driver/Src/stm32l4xx_hal_i2c_ex.c **** 
 198:Drivers/STM32L4xx_HAL_Driver/Src/stm32l4xx_hal_i2c_ex.c **** @endverbatim
 199:Drivers/STM32L4xx_HAL_Driver/Src/stm32l4xx_hal_i2c_ex.c ****   * @{
 200:Drivers/STM32L4xx_HAL_Driver/Src/stm32l4xx_hal_i2c_ex.c ****   */
 201:Drivers/STM32L4xx_HAL_Driver/Src/stm32l4xx_hal_i2c_ex.c **** 
 202:Drivers/STM32L4xx_HAL_Driver/Src/stm32l4xx_hal_i2c_ex.c **** /**
 203:Drivers/STM32L4xx_HAL_Driver/Src/stm32l4xx_hal_i2c_ex.c ****   * @brief  Enable I2C wakeup from Stop mode(s).
 204:Drivers/STM32L4xx_HAL_Driver/Src/stm32l4xx_hal_i2c_ex.c ****   * @param  hi2c Pointer to a I2C_HandleTypeDef structure that contains
 205:Drivers/STM32L4xx_HAL_Driver/Src/stm32l4xx_hal_i2c_ex.c ****   *                the configuration information for the specified I2Cx peripheral.
 206:Drivers/STM32L4xx_HAL_Driver/Src/stm32l4xx_hal_i2c_ex.c ****   * @retval HAL status
 207:Drivers/STM32L4xx_HAL_Driver/Src/stm32l4xx_hal_i2c_ex.c ****   */
 208:Drivers/STM32L4xx_HAL_Driver/Src/stm32l4xx_hal_i2c_ex.c **** HAL_StatusTypeDef HAL_I2CEx_EnableWakeUp(I2C_HandleTypeDef *hi2c)
 209:Drivers/STM32L4xx_HAL_Driver/Src/stm32l4xx_hal_i2c_ex.c **** {
 271              		.loc 1 209 1
 272              		.cfi_startproc
 273              		@ args = 0, pretend = 0, frame = 8
 274              		@ frame_needed = 1, uses_anonymous_args = 0
 275              		@ link register save eliminated.
 276 0000 80B4     		push	{r7}
 277              	.LCFI12:
 278              		.cfi_def_cfa_offset 4
 279              		.cfi_offset 7, -4
 280 0002 83B0     		sub	sp, sp, #12
 281              	.LCFI13:
 282              		.cfi_def_cfa_offset 16
 283 0004 00AF     		add	r7, sp, #0
 284              	.LCFI14:
 285              		.cfi_def_cfa_register 7
 286 0006 7860     		str	r0, [r7, #4]
 210:Drivers/STM32L4xx_HAL_Driver/Src/stm32l4xx_hal_i2c_ex.c ****   /* Check the parameters */
 211:Drivers/STM32L4xx_HAL_Driver/Src/stm32l4xx_hal_i2c_ex.c ****   assert_param(IS_I2C_WAKEUP_FROMSTOP_INSTANCE(hi2c->Instance));
 212:Drivers/STM32L4xx_HAL_Driver/Src/stm32l4xx_hal_i2c_ex.c **** 
 213:Drivers/STM32L4xx_HAL_Driver/Src/stm32l4xx_hal_i2c_ex.c ****   if (hi2c->State == HAL_I2C_STATE_READY)
 287              		.loc 1 213 11
 288 0008 7B68     		ldr	r3, [r7, #4]
 289 000a 93F84130 		ldrb	r3, [r3, #65]
 290 000e DBB2     		uxtb	r3, r3
 291              		.loc 1 213 6
 292 0010 202B     		cmp	r3, #32
 293 0012 30D1     		bne	.L10
 214:Drivers/STM32L4xx_HAL_Driver/Src/stm32l4xx_hal_i2c_ex.c ****   {
 215:Drivers/STM32L4xx_HAL_Driver/Src/stm32l4xx_hal_i2c_ex.c ****     /* Process Locked */
 216:Drivers/STM32L4xx_HAL_Driver/Src/stm32l4xx_hal_i2c_ex.c ****     __HAL_LOCK(hi2c);
 294              		.loc 1 216 5
 295 0014 7B68     		ldr	r3, [r7, #4]
 296 0016 93F84030 		ldrb	r3, [r3, #64]	@ zero_extendqisi2
 297 001a 012B     		cmp	r3, #1
 298 001c 01D1     		bne	.L11
 299              		.loc 1 216 5 is_stmt 0 discriminator 1
 300 001e 0223     		movs	r3, #2
 301 0020 2AE0     		b	.L12
 302              	.L11:
ARM GAS  C:\Users\Bunyamin\AppData\Local\Temp\ccArIm1T.s 			page 10


 303              		.loc 1 216 5 discriminator 2
 304 0022 7B68     		ldr	r3, [r7, #4]
 305 0024 0122     		movs	r2, #1
 306 0026 83F84020 		strb	r2, [r3, #64]
 217:Drivers/STM32L4xx_HAL_Driver/Src/stm32l4xx_hal_i2c_ex.c **** 
 218:Drivers/STM32L4xx_HAL_Driver/Src/stm32l4xx_hal_i2c_ex.c ****     hi2c->State = HAL_I2C_STATE_BUSY;
 307              		.loc 1 218 17 is_stmt 1 discriminator 2
 308 002a 7B68     		ldr	r3, [r7, #4]
 309 002c 2422     		movs	r2, #36
 310 002e 83F84120 		strb	r2, [r3, #65]
 219:Drivers/STM32L4xx_HAL_Driver/Src/stm32l4xx_hal_i2c_ex.c **** 
 220:Drivers/STM32L4xx_HAL_Driver/Src/stm32l4xx_hal_i2c_ex.c ****     /* Disable the selected I2C peripheral */
 221:Drivers/STM32L4xx_HAL_Driver/Src/stm32l4xx_hal_i2c_ex.c ****     __HAL_I2C_DISABLE(hi2c);
 311              		.loc 1 221 5 discriminator 2
 312 0032 7B68     		ldr	r3, [r7, #4]
 313 0034 1B68     		ldr	r3, [r3]
 314 0036 1A68     		ldr	r2, [r3]
 315 0038 7B68     		ldr	r3, [r7, #4]
 316 003a 1B68     		ldr	r3, [r3]
 317 003c 22F00102 		bic	r2, r2, #1
 318 0040 1A60     		str	r2, [r3]
 222:Drivers/STM32L4xx_HAL_Driver/Src/stm32l4xx_hal_i2c_ex.c **** 
 223:Drivers/STM32L4xx_HAL_Driver/Src/stm32l4xx_hal_i2c_ex.c ****     /* Enable wakeup from stop mode */
 224:Drivers/STM32L4xx_HAL_Driver/Src/stm32l4xx_hal_i2c_ex.c ****     hi2c->Instance->CR1 |= I2C_CR1_WUPEN;
 319              		.loc 1 224 9 discriminator 2
 320 0042 7B68     		ldr	r3, [r7, #4]
 321 0044 1B68     		ldr	r3, [r3]
 322              		.loc 1 224 25 discriminator 2
 323 0046 1A68     		ldr	r2, [r3]
 324              		.loc 1 224 9 discriminator 2
 325 0048 7B68     		ldr	r3, [r7, #4]
 326 004a 1B68     		ldr	r3, [r3]
 327              		.loc 1 224 25 discriminator 2
 328 004c 42F48022 		orr	r2, r2, #262144
 329 0050 1A60     		str	r2, [r3]
 225:Drivers/STM32L4xx_HAL_Driver/Src/stm32l4xx_hal_i2c_ex.c **** 
 226:Drivers/STM32L4xx_HAL_Driver/Src/stm32l4xx_hal_i2c_ex.c ****     __HAL_I2C_ENABLE(hi2c);
 330              		.loc 1 226 5 discriminator 2
 331 0052 7B68     		ldr	r3, [r7, #4]
 332 0054 1B68     		ldr	r3, [r3]
 333 0056 1A68     		ldr	r2, [r3]
 334 0058 7B68     		ldr	r3, [r7, #4]
 335 005a 1B68     		ldr	r3, [r3]
 336 005c 42F00102 		orr	r2, r2, #1
 337 0060 1A60     		str	r2, [r3]
 227:Drivers/STM32L4xx_HAL_Driver/Src/stm32l4xx_hal_i2c_ex.c **** 
 228:Drivers/STM32L4xx_HAL_Driver/Src/stm32l4xx_hal_i2c_ex.c ****     hi2c->State = HAL_I2C_STATE_READY;
 338              		.loc 1 228 17 discriminator 2
 339 0062 7B68     		ldr	r3, [r7, #4]
 340 0064 2022     		movs	r2, #32
 341 0066 83F84120 		strb	r2, [r3, #65]
 229:Drivers/STM32L4xx_HAL_Driver/Src/stm32l4xx_hal_i2c_ex.c **** 
 230:Drivers/STM32L4xx_HAL_Driver/Src/stm32l4xx_hal_i2c_ex.c ****     /* Process Unlocked */
 231:Drivers/STM32L4xx_HAL_Driver/Src/stm32l4xx_hal_i2c_ex.c ****     __HAL_UNLOCK(hi2c);
 342              		.loc 1 231 5 discriminator 2
 343 006a 7B68     		ldr	r3, [r7, #4]
 344 006c 0022     		movs	r2, #0
ARM GAS  C:\Users\Bunyamin\AppData\Local\Temp\ccArIm1T.s 			page 11


 345 006e 83F84020 		strb	r2, [r3, #64]
 232:Drivers/STM32L4xx_HAL_Driver/Src/stm32l4xx_hal_i2c_ex.c **** 
 233:Drivers/STM32L4xx_HAL_Driver/Src/stm32l4xx_hal_i2c_ex.c ****     return HAL_OK;
 346              		.loc 1 233 12 discriminator 2
 347 0072 0023     		movs	r3, #0
 348 0074 00E0     		b	.L12
 349              	.L10:
 234:Drivers/STM32L4xx_HAL_Driver/Src/stm32l4xx_hal_i2c_ex.c ****   }
 235:Drivers/STM32L4xx_HAL_Driver/Src/stm32l4xx_hal_i2c_ex.c ****   else
 236:Drivers/STM32L4xx_HAL_Driver/Src/stm32l4xx_hal_i2c_ex.c ****   {
 237:Drivers/STM32L4xx_HAL_Driver/Src/stm32l4xx_hal_i2c_ex.c ****     return HAL_BUSY;
 350              		.loc 1 237 12
 351 0076 0223     		movs	r3, #2
 352              	.L12:
 238:Drivers/STM32L4xx_HAL_Driver/Src/stm32l4xx_hal_i2c_ex.c ****   }
 239:Drivers/STM32L4xx_HAL_Driver/Src/stm32l4xx_hal_i2c_ex.c **** }
 353              		.loc 1 239 1
 354 0078 1846     		mov	r0, r3
 355 007a 0C37     		adds	r7, r7, #12
 356              	.LCFI15:
 357              		.cfi_def_cfa_offset 4
 358 007c BD46     		mov	sp, r7
 359              	.LCFI16:
 360              		.cfi_def_cfa_register 13
 361              		@ sp needed
 362 007e 5DF8047B 		ldr	r7, [sp], #4
 363              	.LCFI17:
 364              		.cfi_restore 7
 365              		.cfi_def_cfa_offset 0
 366 0082 7047     		bx	lr
 367              		.cfi_endproc
 368              	.LFE134:
 370              		.section	.text.HAL_I2CEx_DisableWakeUp,"ax",%progbits
 371              		.align	1
 372              		.global	HAL_I2CEx_DisableWakeUp
 373              		.syntax unified
 374              		.thumb
 375              		.thumb_func
 377              	HAL_I2CEx_DisableWakeUp:
 378              	.LFB135:
 240:Drivers/STM32L4xx_HAL_Driver/Src/stm32l4xx_hal_i2c_ex.c **** 
 241:Drivers/STM32L4xx_HAL_Driver/Src/stm32l4xx_hal_i2c_ex.c **** /**
 242:Drivers/STM32L4xx_HAL_Driver/Src/stm32l4xx_hal_i2c_ex.c ****   * @brief  Disable I2C wakeup from Stop mode(s).
 243:Drivers/STM32L4xx_HAL_Driver/Src/stm32l4xx_hal_i2c_ex.c ****   * @param  hi2c Pointer to a I2C_HandleTypeDef structure that contains
 244:Drivers/STM32L4xx_HAL_Driver/Src/stm32l4xx_hal_i2c_ex.c ****   *                the configuration information for the specified I2Cx peripheral.
 245:Drivers/STM32L4xx_HAL_Driver/Src/stm32l4xx_hal_i2c_ex.c ****   * @retval HAL status
 246:Drivers/STM32L4xx_HAL_Driver/Src/stm32l4xx_hal_i2c_ex.c ****   */
 247:Drivers/STM32L4xx_HAL_Driver/Src/stm32l4xx_hal_i2c_ex.c **** HAL_StatusTypeDef HAL_I2CEx_DisableWakeUp(I2C_HandleTypeDef *hi2c)
 248:Drivers/STM32L4xx_HAL_Driver/Src/stm32l4xx_hal_i2c_ex.c **** {
 379              		.loc 1 248 1
 380              		.cfi_startproc
 381              		@ args = 0, pretend = 0, frame = 8
 382              		@ frame_needed = 1, uses_anonymous_args = 0
 383              		@ link register save eliminated.
 384 0000 80B4     		push	{r7}
 385              	.LCFI18:
 386              		.cfi_def_cfa_offset 4
ARM GAS  C:\Users\Bunyamin\AppData\Local\Temp\ccArIm1T.s 			page 12


 387              		.cfi_offset 7, -4
 388 0002 83B0     		sub	sp, sp, #12
 389              	.LCFI19:
 390              		.cfi_def_cfa_offset 16
 391 0004 00AF     		add	r7, sp, #0
 392              	.LCFI20:
 393              		.cfi_def_cfa_register 7
 394 0006 7860     		str	r0, [r7, #4]
 249:Drivers/STM32L4xx_HAL_Driver/Src/stm32l4xx_hal_i2c_ex.c ****   /* Check the parameters */
 250:Drivers/STM32L4xx_HAL_Driver/Src/stm32l4xx_hal_i2c_ex.c ****   assert_param(IS_I2C_WAKEUP_FROMSTOP_INSTANCE(hi2c->Instance));
 251:Drivers/STM32L4xx_HAL_Driver/Src/stm32l4xx_hal_i2c_ex.c **** 
 252:Drivers/STM32L4xx_HAL_Driver/Src/stm32l4xx_hal_i2c_ex.c ****   if (hi2c->State == HAL_I2C_STATE_READY)
 395              		.loc 1 252 11
 396 0008 7B68     		ldr	r3, [r7, #4]
 397 000a 93F84130 		ldrb	r3, [r3, #65]
 398 000e DBB2     		uxtb	r3, r3
 399              		.loc 1 252 6
 400 0010 202B     		cmp	r3, #32
 401 0012 30D1     		bne	.L14
 253:Drivers/STM32L4xx_HAL_Driver/Src/stm32l4xx_hal_i2c_ex.c ****   {
 254:Drivers/STM32L4xx_HAL_Driver/Src/stm32l4xx_hal_i2c_ex.c ****     /* Process Locked */
 255:Drivers/STM32L4xx_HAL_Driver/Src/stm32l4xx_hal_i2c_ex.c ****     __HAL_LOCK(hi2c);
 402              		.loc 1 255 5
 403 0014 7B68     		ldr	r3, [r7, #4]
 404 0016 93F84030 		ldrb	r3, [r3, #64]	@ zero_extendqisi2
 405 001a 012B     		cmp	r3, #1
 406 001c 01D1     		bne	.L15
 407              		.loc 1 255 5 is_stmt 0 discriminator 1
 408 001e 0223     		movs	r3, #2
 409 0020 2AE0     		b	.L16
 410              	.L15:
 411              		.loc 1 255 5 discriminator 2
 412 0022 7B68     		ldr	r3, [r7, #4]
 413 0024 0122     		movs	r2, #1
 414 0026 83F84020 		strb	r2, [r3, #64]
 256:Drivers/STM32L4xx_HAL_Driver/Src/stm32l4xx_hal_i2c_ex.c **** 
 257:Drivers/STM32L4xx_HAL_Driver/Src/stm32l4xx_hal_i2c_ex.c ****     hi2c->State = HAL_I2C_STATE_BUSY;
 415              		.loc 1 257 17 is_stmt 1 discriminator 2
 416 002a 7B68     		ldr	r3, [r7, #4]
 417 002c 2422     		movs	r2, #36
 418 002e 83F84120 		strb	r2, [r3, #65]
 258:Drivers/STM32L4xx_HAL_Driver/Src/stm32l4xx_hal_i2c_ex.c **** 
 259:Drivers/STM32L4xx_HAL_Driver/Src/stm32l4xx_hal_i2c_ex.c ****     /* Disable the selected I2C peripheral */
 260:Drivers/STM32L4xx_HAL_Driver/Src/stm32l4xx_hal_i2c_ex.c ****     __HAL_I2C_DISABLE(hi2c);
 419              		.loc 1 260 5 discriminator 2
 420 0032 7B68     		ldr	r3, [r7, #4]
 421 0034 1B68     		ldr	r3, [r3]
 422 0036 1A68     		ldr	r2, [r3]
 423 0038 7B68     		ldr	r3, [r7, #4]
 424 003a 1B68     		ldr	r3, [r3]
 425 003c 22F00102 		bic	r2, r2, #1
 426 0040 1A60     		str	r2, [r3]
 261:Drivers/STM32L4xx_HAL_Driver/Src/stm32l4xx_hal_i2c_ex.c **** 
 262:Drivers/STM32L4xx_HAL_Driver/Src/stm32l4xx_hal_i2c_ex.c ****     /* Enable wakeup from stop mode */
 263:Drivers/STM32L4xx_HAL_Driver/Src/stm32l4xx_hal_i2c_ex.c ****     hi2c->Instance->CR1 &= ~(I2C_CR1_WUPEN);
 427              		.loc 1 263 9 discriminator 2
 428 0042 7B68     		ldr	r3, [r7, #4]
ARM GAS  C:\Users\Bunyamin\AppData\Local\Temp\ccArIm1T.s 			page 13


 429 0044 1B68     		ldr	r3, [r3]
 430              		.loc 1 263 25 discriminator 2
 431 0046 1A68     		ldr	r2, [r3]
 432              		.loc 1 263 9 discriminator 2
 433 0048 7B68     		ldr	r3, [r7, #4]
 434 004a 1B68     		ldr	r3, [r3]
 435              		.loc 1 263 25 discriminator 2
 436 004c 22F48022 		bic	r2, r2, #262144
 437 0050 1A60     		str	r2, [r3]
 264:Drivers/STM32L4xx_HAL_Driver/Src/stm32l4xx_hal_i2c_ex.c **** 
 265:Drivers/STM32L4xx_HAL_Driver/Src/stm32l4xx_hal_i2c_ex.c ****     __HAL_I2C_ENABLE(hi2c);
 438              		.loc 1 265 5 discriminator 2
 439 0052 7B68     		ldr	r3, [r7, #4]
 440 0054 1B68     		ldr	r3, [r3]
 441 0056 1A68     		ldr	r2, [r3]
 442 0058 7B68     		ldr	r3, [r7, #4]
 443 005a 1B68     		ldr	r3, [r3]
 444 005c 42F00102 		orr	r2, r2, #1
 445 0060 1A60     		str	r2, [r3]
 266:Drivers/STM32L4xx_HAL_Driver/Src/stm32l4xx_hal_i2c_ex.c **** 
 267:Drivers/STM32L4xx_HAL_Driver/Src/stm32l4xx_hal_i2c_ex.c ****     hi2c->State = HAL_I2C_STATE_READY;
 446              		.loc 1 267 17 discriminator 2
 447 0062 7B68     		ldr	r3, [r7, #4]
 448 0064 2022     		movs	r2, #32
 449 0066 83F84120 		strb	r2, [r3, #65]
 268:Drivers/STM32L4xx_HAL_Driver/Src/stm32l4xx_hal_i2c_ex.c **** 
 269:Drivers/STM32L4xx_HAL_Driver/Src/stm32l4xx_hal_i2c_ex.c ****     /* Process Unlocked */
 270:Drivers/STM32L4xx_HAL_Driver/Src/stm32l4xx_hal_i2c_ex.c ****     __HAL_UNLOCK(hi2c);
 450              		.loc 1 270 5 discriminator 2
 451 006a 7B68     		ldr	r3, [r7, #4]
 452 006c 0022     		movs	r2, #0
 453 006e 83F84020 		strb	r2, [r3, #64]
 271:Drivers/STM32L4xx_HAL_Driver/Src/stm32l4xx_hal_i2c_ex.c **** 
 272:Drivers/STM32L4xx_HAL_Driver/Src/stm32l4xx_hal_i2c_ex.c ****     return HAL_OK;
 454              		.loc 1 272 12 discriminator 2
 455 0072 0023     		movs	r3, #0
 456 0074 00E0     		b	.L16
 457              	.L14:
 273:Drivers/STM32L4xx_HAL_Driver/Src/stm32l4xx_hal_i2c_ex.c ****   }
 274:Drivers/STM32L4xx_HAL_Driver/Src/stm32l4xx_hal_i2c_ex.c ****   else
 275:Drivers/STM32L4xx_HAL_Driver/Src/stm32l4xx_hal_i2c_ex.c ****   {
 276:Drivers/STM32L4xx_HAL_Driver/Src/stm32l4xx_hal_i2c_ex.c ****     return HAL_BUSY;
 458              		.loc 1 276 12
 459 0076 0223     		movs	r3, #2
 460              	.L16:
 277:Drivers/STM32L4xx_HAL_Driver/Src/stm32l4xx_hal_i2c_ex.c ****   }
 278:Drivers/STM32L4xx_HAL_Driver/Src/stm32l4xx_hal_i2c_ex.c **** }
 461              		.loc 1 278 1
 462 0078 1846     		mov	r0, r3
 463 007a 0C37     		adds	r7, r7, #12
 464              	.LCFI21:
 465              		.cfi_def_cfa_offset 4
 466 007c BD46     		mov	sp, r7
 467              	.LCFI22:
 468              		.cfi_def_cfa_register 13
 469              		@ sp needed
 470 007e 5DF8047B 		ldr	r7, [sp], #4
ARM GAS  C:\Users\Bunyamin\AppData\Local\Temp\ccArIm1T.s 			page 14


 471              	.LCFI23:
 472              		.cfi_restore 7
 473              		.cfi_def_cfa_offset 0
 474 0082 7047     		bx	lr
 475              		.cfi_endproc
 476              	.LFE135:
 478              		.section	.text.HAL_I2CEx_EnableFastModePlus,"ax",%progbits
 479              		.align	1
 480              		.global	HAL_I2CEx_EnableFastModePlus
 481              		.syntax unified
 482              		.thumb
 483              		.thumb_func
 485              	HAL_I2CEx_EnableFastModePlus:
 486              	.LFB136:
 279:Drivers/STM32L4xx_HAL_Driver/Src/stm32l4xx_hal_i2c_ex.c **** /**
 280:Drivers/STM32L4xx_HAL_Driver/Src/stm32l4xx_hal_i2c_ex.c ****   * @}
 281:Drivers/STM32L4xx_HAL_Driver/Src/stm32l4xx_hal_i2c_ex.c ****   */
 282:Drivers/STM32L4xx_HAL_Driver/Src/stm32l4xx_hal_i2c_ex.c **** 
 283:Drivers/STM32L4xx_HAL_Driver/Src/stm32l4xx_hal_i2c_ex.c **** /** @defgroup I2CEx_Exported_Functions_Group3 Fast Mode Plus Functions
 284:Drivers/STM32L4xx_HAL_Driver/Src/stm32l4xx_hal_i2c_ex.c ****   * @brief    Fast Mode Plus Functions
 285:Drivers/STM32L4xx_HAL_Driver/Src/stm32l4xx_hal_i2c_ex.c ****   *
 286:Drivers/STM32L4xx_HAL_Driver/Src/stm32l4xx_hal_i2c_ex.c **** @verbatim
 287:Drivers/STM32L4xx_HAL_Driver/Src/stm32l4xx_hal_i2c_ex.c ****  ===============================================================================
 288:Drivers/STM32L4xx_HAL_Driver/Src/stm32l4xx_hal_i2c_ex.c ****                       ##### Fast Mode Plus Functions #####
 289:Drivers/STM32L4xx_HAL_Driver/Src/stm32l4xx_hal_i2c_ex.c ****  ===============================================================================
 290:Drivers/STM32L4xx_HAL_Driver/Src/stm32l4xx_hal_i2c_ex.c ****     [..] This section provides functions allowing to:
 291:Drivers/STM32L4xx_HAL_Driver/Src/stm32l4xx_hal_i2c_ex.c ****       (+) Configure Fast Mode Plus
 292:Drivers/STM32L4xx_HAL_Driver/Src/stm32l4xx_hal_i2c_ex.c **** 
 293:Drivers/STM32L4xx_HAL_Driver/Src/stm32l4xx_hal_i2c_ex.c **** @endverbatim
 294:Drivers/STM32L4xx_HAL_Driver/Src/stm32l4xx_hal_i2c_ex.c ****   * @{
 295:Drivers/STM32L4xx_HAL_Driver/Src/stm32l4xx_hal_i2c_ex.c ****   */
 296:Drivers/STM32L4xx_HAL_Driver/Src/stm32l4xx_hal_i2c_ex.c **** 
 297:Drivers/STM32L4xx_HAL_Driver/Src/stm32l4xx_hal_i2c_ex.c **** /**
 298:Drivers/STM32L4xx_HAL_Driver/Src/stm32l4xx_hal_i2c_ex.c ****   * @brief Enable the I2C fast mode plus driving capability.
 299:Drivers/STM32L4xx_HAL_Driver/Src/stm32l4xx_hal_i2c_ex.c ****   * @param ConfigFastModePlus Selects the pin.
 300:Drivers/STM32L4xx_HAL_Driver/Src/stm32l4xx_hal_i2c_ex.c ****   *   This parameter can be one of the @ref I2CEx_FastModePlus values
 301:Drivers/STM32L4xx_HAL_Driver/Src/stm32l4xx_hal_i2c_ex.c ****   * @note  For I2C1, fast mode plus driving capability can be enabled on all selected
 302:Drivers/STM32L4xx_HAL_Driver/Src/stm32l4xx_hal_i2c_ex.c ****   *        I2C1 pins using I2C_FASTMODEPLUS_I2C1 parameter or independently
 303:Drivers/STM32L4xx_HAL_Driver/Src/stm32l4xx_hal_i2c_ex.c ****   *        on each one of the following pins PB6, PB7, PB8 and PB9.
 304:Drivers/STM32L4xx_HAL_Driver/Src/stm32l4xx_hal_i2c_ex.c ****   * @note  For remaining I2C1 pins (PA14, PA15...) fast mode plus driving capability
 305:Drivers/STM32L4xx_HAL_Driver/Src/stm32l4xx_hal_i2c_ex.c ****   *        can be enabled only by using I2C_FASTMODEPLUS_I2C1 parameter.
 306:Drivers/STM32L4xx_HAL_Driver/Src/stm32l4xx_hal_i2c_ex.c ****   * @note  For all I2C2 pins fast mode plus driving capability can be enabled
 307:Drivers/STM32L4xx_HAL_Driver/Src/stm32l4xx_hal_i2c_ex.c ****   *        only by using I2C_FASTMODEPLUS_I2C2 parameter.
 308:Drivers/STM32L4xx_HAL_Driver/Src/stm32l4xx_hal_i2c_ex.c ****   * @note  For all I2C3 pins fast mode plus driving capability can be enabled
 309:Drivers/STM32L4xx_HAL_Driver/Src/stm32l4xx_hal_i2c_ex.c ****   *        only by using I2C_FASTMODEPLUS_I2C3 parameter.
 310:Drivers/STM32L4xx_HAL_Driver/Src/stm32l4xx_hal_i2c_ex.c ****   * @note  For all I2C4 pins fast mode plus driving capability can be enabled
 311:Drivers/STM32L4xx_HAL_Driver/Src/stm32l4xx_hal_i2c_ex.c ****   *        only by using I2C_FASTMODEPLUS_I2C4 parameter.
 312:Drivers/STM32L4xx_HAL_Driver/Src/stm32l4xx_hal_i2c_ex.c ****   * @retval None
 313:Drivers/STM32L4xx_HAL_Driver/Src/stm32l4xx_hal_i2c_ex.c ****   */
 314:Drivers/STM32L4xx_HAL_Driver/Src/stm32l4xx_hal_i2c_ex.c **** void HAL_I2CEx_EnableFastModePlus(uint32_t ConfigFastModePlus)
 315:Drivers/STM32L4xx_HAL_Driver/Src/stm32l4xx_hal_i2c_ex.c **** {
 487              		.loc 1 315 1
 488              		.cfi_startproc
 489              		@ args = 0, pretend = 0, frame = 16
 490              		@ frame_needed = 1, uses_anonymous_args = 0
 491              		@ link register save eliminated.
 492 0000 80B4     		push	{r7}
ARM GAS  C:\Users\Bunyamin\AppData\Local\Temp\ccArIm1T.s 			page 15


 493              	.LCFI24:
 494              		.cfi_def_cfa_offset 4
 495              		.cfi_offset 7, -4
 496 0002 85B0     		sub	sp, sp, #20
 497              	.LCFI25:
 498              		.cfi_def_cfa_offset 24
 499 0004 00AF     		add	r7, sp, #0
 500              	.LCFI26:
 501              		.cfi_def_cfa_register 7
 502 0006 7860     		str	r0, [r7, #4]
 503              	.LBB2:
 316:Drivers/STM32L4xx_HAL_Driver/Src/stm32l4xx_hal_i2c_ex.c ****   /* Check the parameter */
 317:Drivers/STM32L4xx_HAL_Driver/Src/stm32l4xx_hal_i2c_ex.c ****   assert_param(IS_I2C_FASTMODEPLUS(ConfigFastModePlus));
 318:Drivers/STM32L4xx_HAL_Driver/Src/stm32l4xx_hal_i2c_ex.c **** 
 319:Drivers/STM32L4xx_HAL_Driver/Src/stm32l4xx_hal_i2c_ex.c ****   /* Enable SYSCFG clock */
 320:Drivers/STM32L4xx_HAL_Driver/Src/stm32l4xx_hal_i2c_ex.c ****   __HAL_RCC_SYSCFG_CLK_ENABLE();
 504              		.loc 1 320 3
 505 0008 0B4B     		ldr	r3, .L18
 506 000a 1B6E     		ldr	r3, [r3, #96]
 507 000c 0A4A     		ldr	r2, .L18
 508 000e 43F00103 		orr	r3, r3, #1
 509 0012 1366     		str	r3, [r2, #96]
 510 0014 084B     		ldr	r3, .L18
 511 0016 1B6E     		ldr	r3, [r3, #96]
 512 0018 03F00103 		and	r3, r3, #1
 513 001c FB60     		str	r3, [r7, #12]
 514 001e FB68     		ldr	r3, [r7, #12]
 515              	.LBE2:
 321:Drivers/STM32L4xx_HAL_Driver/Src/stm32l4xx_hal_i2c_ex.c **** 
 322:Drivers/STM32L4xx_HAL_Driver/Src/stm32l4xx_hal_i2c_ex.c ****   /* Enable fast mode plus driving capability for selected pin */
 323:Drivers/STM32L4xx_HAL_Driver/Src/stm32l4xx_hal_i2c_ex.c ****   SET_BIT(SYSCFG->CFGR1, (uint32_t)ConfigFastModePlus);
 516              		.loc 1 323 3
 517 0020 064B     		ldr	r3, .L18+4
 518 0022 5A68     		ldr	r2, [r3, #4]
 519 0024 0549     		ldr	r1, .L18+4
 520 0026 7B68     		ldr	r3, [r7, #4]
 521 0028 1343     		orrs	r3, r3, r2
 522 002a 4B60     		str	r3, [r1, #4]
 324:Drivers/STM32L4xx_HAL_Driver/Src/stm32l4xx_hal_i2c_ex.c **** }
 523              		.loc 1 324 1
 524 002c 00BF     		nop
 525 002e 1437     		adds	r7, r7, #20
 526              	.LCFI27:
 527              		.cfi_def_cfa_offset 4
 528 0030 BD46     		mov	sp, r7
 529              	.LCFI28:
 530              		.cfi_def_cfa_register 13
 531              		@ sp needed
 532 0032 5DF8047B 		ldr	r7, [sp], #4
 533              	.LCFI29:
 534              		.cfi_restore 7
 535              		.cfi_def_cfa_offset 0
 536 0036 7047     		bx	lr
 537              	.L19:
 538              		.align	2
 539              	.L18:
 540 0038 00100240 		.word	1073876992
ARM GAS  C:\Users\Bunyamin\AppData\Local\Temp\ccArIm1T.s 			page 16


 541 003c 00000140 		.word	1073807360
 542              		.cfi_endproc
 543              	.LFE136:
 545              		.section	.text.HAL_I2CEx_DisableFastModePlus,"ax",%progbits
 546              		.align	1
 547              		.global	HAL_I2CEx_DisableFastModePlus
 548              		.syntax unified
 549              		.thumb
 550              		.thumb_func
 552              	HAL_I2CEx_DisableFastModePlus:
 553              	.LFB137:
 325:Drivers/STM32L4xx_HAL_Driver/Src/stm32l4xx_hal_i2c_ex.c **** 
 326:Drivers/STM32L4xx_HAL_Driver/Src/stm32l4xx_hal_i2c_ex.c **** /**
 327:Drivers/STM32L4xx_HAL_Driver/Src/stm32l4xx_hal_i2c_ex.c ****   * @brief Disable the I2C fast mode plus driving capability.
 328:Drivers/STM32L4xx_HAL_Driver/Src/stm32l4xx_hal_i2c_ex.c ****   * @param ConfigFastModePlus Selects the pin.
 329:Drivers/STM32L4xx_HAL_Driver/Src/stm32l4xx_hal_i2c_ex.c ****   *   This parameter can be one of the @ref I2CEx_FastModePlus values
 330:Drivers/STM32L4xx_HAL_Driver/Src/stm32l4xx_hal_i2c_ex.c ****   * @note  For I2C1, fast mode plus driving capability can be disabled on all selected
 331:Drivers/STM32L4xx_HAL_Driver/Src/stm32l4xx_hal_i2c_ex.c ****   *        I2C1 pins using I2C_FASTMODEPLUS_I2C1 parameter or independently
 332:Drivers/STM32L4xx_HAL_Driver/Src/stm32l4xx_hal_i2c_ex.c ****   *        on each one of the following pins PB6, PB7, PB8 and PB9.
 333:Drivers/STM32L4xx_HAL_Driver/Src/stm32l4xx_hal_i2c_ex.c ****   * @note  For remaining I2C1 pins (PA14, PA15...) fast mode plus driving capability
 334:Drivers/STM32L4xx_HAL_Driver/Src/stm32l4xx_hal_i2c_ex.c ****   *        can be disabled only by using I2C_FASTMODEPLUS_I2C1 parameter.
 335:Drivers/STM32L4xx_HAL_Driver/Src/stm32l4xx_hal_i2c_ex.c ****   * @note  For all I2C2 pins fast mode plus driving capability can be disabled
 336:Drivers/STM32L4xx_HAL_Driver/Src/stm32l4xx_hal_i2c_ex.c ****   *        only by using I2C_FASTMODEPLUS_I2C2 parameter.
 337:Drivers/STM32L4xx_HAL_Driver/Src/stm32l4xx_hal_i2c_ex.c ****   * @note  For all I2C3 pins fast mode plus driving capability can be disabled
 338:Drivers/STM32L4xx_HAL_Driver/Src/stm32l4xx_hal_i2c_ex.c ****   *        only by using I2C_FASTMODEPLUS_I2C3 parameter.
 339:Drivers/STM32L4xx_HAL_Driver/Src/stm32l4xx_hal_i2c_ex.c ****   * @note  For all I2C4 pins fast mode plus driving capability can be disabled
 340:Drivers/STM32L4xx_HAL_Driver/Src/stm32l4xx_hal_i2c_ex.c ****   *        only by using I2C_FASTMODEPLUS_I2C4 parameter.
 341:Drivers/STM32L4xx_HAL_Driver/Src/stm32l4xx_hal_i2c_ex.c ****   * @retval None
 342:Drivers/STM32L4xx_HAL_Driver/Src/stm32l4xx_hal_i2c_ex.c ****   */
 343:Drivers/STM32L4xx_HAL_Driver/Src/stm32l4xx_hal_i2c_ex.c **** void HAL_I2CEx_DisableFastModePlus(uint32_t ConfigFastModePlus)
 344:Drivers/STM32L4xx_HAL_Driver/Src/stm32l4xx_hal_i2c_ex.c **** {
 554              		.loc 1 344 1
 555              		.cfi_startproc
 556              		@ args = 0, pretend = 0, frame = 16
 557              		@ frame_needed = 1, uses_anonymous_args = 0
 558              		@ link register save eliminated.
 559 0000 80B4     		push	{r7}
 560              	.LCFI30:
 561              		.cfi_def_cfa_offset 4
 562              		.cfi_offset 7, -4
 563 0002 85B0     		sub	sp, sp, #20
 564              	.LCFI31:
 565              		.cfi_def_cfa_offset 24
 566 0004 00AF     		add	r7, sp, #0
 567              	.LCFI32:
 568              		.cfi_def_cfa_register 7
 569 0006 7860     		str	r0, [r7, #4]
 570              	.LBB3:
 345:Drivers/STM32L4xx_HAL_Driver/Src/stm32l4xx_hal_i2c_ex.c ****   /* Check the parameter */
 346:Drivers/STM32L4xx_HAL_Driver/Src/stm32l4xx_hal_i2c_ex.c ****   assert_param(IS_I2C_FASTMODEPLUS(ConfigFastModePlus));
 347:Drivers/STM32L4xx_HAL_Driver/Src/stm32l4xx_hal_i2c_ex.c **** 
 348:Drivers/STM32L4xx_HAL_Driver/Src/stm32l4xx_hal_i2c_ex.c ****   /* Enable SYSCFG clock */
 349:Drivers/STM32L4xx_HAL_Driver/Src/stm32l4xx_hal_i2c_ex.c ****   __HAL_RCC_SYSCFG_CLK_ENABLE();
 571              		.loc 1 349 3
 572 0008 0C4B     		ldr	r3, .L21
 573 000a 1B6E     		ldr	r3, [r3, #96]
 574 000c 0B4A     		ldr	r2, .L21
ARM GAS  C:\Users\Bunyamin\AppData\Local\Temp\ccArIm1T.s 			page 17


 575 000e 43F00103 		orr	r3, r3, #1
 576 0012 1366     		str	r3, [r2, #96]
 577 0014 094B     		ldr	r3, .L21
 578 0016 1B6E     		ldr	r3, [r3, #96]
 579 0018 03F00103 		and	r3, r3, #1
 580 001c FB60     		str	r3, [r7, #12]
 581 001e FB68     		ldr	r3, [r7, #12]
 582              	.LBE3:
 350:Drivers/STM32L4xx_HAL_Driver/Src/stm32l4xx_hal_i2c_ex.c **** 
 351:Drivers/STM32L4xx_HAL_Driver/Src/stm32l4xx_hal_i2c_ex.c ****   /* Disable fast mode plus driving capability for selected pin */
 352:Drivers/STM32L4xx_HAL_Driver/Src/stm32l4xx_hal_i2c_ex.c ****   CLEAR_BIT(SYSCFG->CFGR1, (uint32_t)ConfigFastModePlus);
 583              		.loc 1 352 3
 584 0020 074B     		ldr	r3, .L21+4
 585 0022 5A68     		ldr	r2, [r3, #4]
 586 0024 7B68     		ldr	r3, [r7, #4]
 587 0026 DB43     		mvns	r3, r3
 588 0028 0549     		ldr	r1, .L21+4
 589 002a 1340     		ands	r3, r3, r2
 590 002c 4B60     		str	r3, [r1, #4]
 353:Drivers/STM32L4xx_HAL_Driver/Src/stm32l4xx_hal_i2c_ex.c **** }
 591              		.loc 1 353 1
 592 002e 00BF     		nop
 593 0030 1437     		adds	r7, r7, #20
 594              	.LCFI33:
 595              		.cfi_def_cfa_offset 4
 596 0032 BD46     		mov	sp, r7
 597              	.LCFI34:
 598              		.cfi_def_cfa_register 13
 599              		@ sp needed
 600 0034 5DF8047B 		ldr	r7, [sp], #4
 601              	.LCFI35:
 602              		.cfi_restore 7
 603              		.cfi_def_cfa_offset 0
 604 0038 7047     		bx	lr
 605              	.L22:
 606 003a 00BF     		.align	2
 607              	.L21:
 608 003c 00100240 		.word	1073876992
 609 0040 00000140 		.word	1073807360
 610              		.cfi_endproc
 611              	.LFE137:
 613              		.text
 614              	.Letext0:
 615              		.file 2 "c:\\dev\\tool\\gcc-arm-11.2-2022.02-mingw-w64-i686-arm-none-eabi\\arm-none-eabi\\include\
 616              		.file 3 "c:\\dev\\tool\\gcc-arm-11.2-2022.02-mingw-w64-i686-arm-none-eabi\\arm-none-eabi\\include\
 617              		.file 4 "Drivers/CMSIS/Device/ST/STM32L4xx/Include/stm32l431xx.h"
 618              		.file 5 "Drivers/STM32L4xx_HAL_Driver/Inc/stm32l4xx_hal_def.h"
 619              		.file 6 "Drivers/STM32L4xx_HAL_Driver/Inc/stm32l4xx_hal_dma.h"
 620              		.file 7 "Drivers/STM32L4xx_HAL_Driver/Inc/stm32l4xx_hal_i2c.h"
ARM GAS  C:\Users\Bunyamin\AppData\Local\Temp\ccArIm1T.s 			page 18


DEFINED SYMBOLS
                            *ABS*:00000000 stm32l4xx_hal_i2c_ex.c
C:\Users\Bunyamin\AppData\Local\Temp\ccArIm1T.s:20     .text.HAL_I2CEx_ConfigAnalogFilter:00000000 $t
C:\Users\Bunyamin\AppData\Local\Temp\ccArIm1T.s:26     .text.HAL_I2CEx_ConfigAnalogFilter:00000000 HAL_I2CEx_ConfigAnalogFilter
C:\Users\Bunyamin\AppData\Local\Temp\ccArIm1T.s:142    .text.HAL_I2CEx_ConfigDigitalFilter:00000000 $t
C:\Users\Bunyamin\AppData\Local\Temp\ccArIm1T.s:148    .text.HAL_I2CEx_ConfigDigitalFilter:00000000 HAL_I2CEx_ConfigDigitalFilter
C:\Users\Bunyamin\AppData\Local\Temp\ccArIm1T.s:263    .text.HAL_I2CEx_EnableWakeUp:00000000 $t
C:\Users\Bunyamin\AppData\Local\Temp\ccArIm1T.s:269    .text.HAL_I2CEx_EnableWakeUp:00000000 HAL_I2CEx_EnableWakeUp
C:\Users\Bunyamin\AppData\Local\Temp\ccArIm1T.s:371    .text.HAL_I2CEx_DisableWakeUp:00000000 $t
C:\Users\Bunyamin\AppData\Local\Temp\ccArIm1T.s:377    .text.HAL_I2CEx_DisableWakeUp:00000000 HAL_I2CEx_DisableWakeUp
C:\Users\Bunyamin\AppData\Local\Temp\ccArIm1T.s:479    .text.HAL_I2CEx_EnableFastModePlus:00000000 $t
C:\Users\Bunyamin\AppData\Local\Temp\ccArIm1T.s:485    .text.HAL_I2CEx_EnableFastModePlus:00000000 HAL_I2CEx_EnableFastModePlus
C:\Users\Bunyamin\AppData\Local\Temp\ccArIm1T.s:540    .text.HAL_I2CEx_EnableFastModePlus:00000038 $d
C:\Users\Bunyamin\AppData\Local\Temp\ccArIm1T.s:546    .text.HAL_I2CEx_DisableFastModePlus:00000000 $t
C:\Users\Bunyamin\AppData\Local\Temp\ccArIm1T.s:552    .text.HAL_I2CEx_DisableFastModePlus:00000000 HAL_I2CEx_DisableFastModePlus
C:\Users\Bunyamin\AppData\Local\Temp\ccArIm1T.s:608    .text.HAL_I2CEx_DisableFastModePlus:0000003c $d
                           .group:00000000 wm4.0.adf14caa46e67022f385f91b18884ae8
                           .group:00000000 wm4.stm32l4xx_hal_conf.h.25.f2c2baae95a39b25115e9995c3795bc7
                           .group:00000000 wm4.stm32l4xx.h.38.13610480d662c5d808817940a37afcf4
                           .group:00000000 wm4.stm32l431xx.h.34.6bfcd453831bababd835da741e947597
                           .group:00000000 wm4._newlib_version.h.4.bfdf54b0af045d4a71376ae00f63a22c
                           .group:00000000 wm4.features.h.33.318b64d71e0957639cfb30f1db1f7ec8
                           .group:00000000 wm4._default_types.h.15.247e5cd201eca3442cbf5404108c4935
                           .group:00000000 wm4._intsup.h.10.48bafbb683905c4daa4565a85aeeb264
                           .group:00000000 wm4._stdint.h.10.c24fa3af3bc1706662bb5593a907e841
                           .group:00000000 wm4.stdint.h.23.d53047a68f4a85177f80b422d52785ed
                           .group:00000000 wm4.cmsis_version.h.32.46e8eccfa2cfeaae11d008bb2823a3ed
                           .group:00000000 wm4.core_cm4.h.66.e4ff136c4a17abc46741866f64f8e729
                           .group:00000000 wm4.cmsis_gcc.h.26.78077cef1206e937f7b56043ffca496a
                           .group:00000000 wm4.core_cm4.h.174.fcddd62df80231752fa39eb9b61dadfe
                           .group:00000000 wm4.mpu_armv7.h.32.4049752bb5792d4e15357775e9506cfc
                           .group:00000000 wm4.stm32l431xx.h.384.3f3d03e9bef538a62546e70889602bcc
                           .group:00000000 wm4.stm32l4xx.h.196.f5ae8047c57b6175c94f246ef967a286
                           .group:00000000 wm4.stm32_hal_legacy.h.22.60f4b739ef84b68a7e7ed16e5103575e
                           .group:00000000 wm4.stddef.h.39.144cf5ddcd53cbfdac30259dc1a6c87f
                           .group:00000000 wm4.stm32l4xx_hal_def.h.57.b521302d6c089e94008be04ada42518c
                           .group:00000000 wm4.stm32l4xx_hal_rcc.h.156.f36bcd90393f545abf5175db0317daf0
                           .group:00000000 wm4.stm32l4xx_hal_rcc_ex.h.20.12191e740ab6b6b1113f2c48ee606125
                           .group:00000000 wm4.stm32l4xx_hal_gpio.h.21.2d2b1fd6aa6afa7b6dcc89cf752a9a25
                           .group:00000000 wm4.stm32l4xx_hal_gpio_ex.h.21.dc93a5f034b4b289e8405af05f300536
                           .group:00000000 wm4.stm32l4xx_hal_dma.h.21.85535a9033ff7e527296f1cd4943a831
                           .group:00000000 wm4.stm32l4xx_hal_cortex.h.21.94fe10dd50baf2cef42a470b44b9074a
                           .group:00000000 wm4.stm32l4xx_hal_exti.h.21.40d8ec18d1f78c22d31071fa46f0751e
                           .group:00000000 wm4.stm32l4xx_hal_flash.h.20.3f4ef626abeefd93430968dc6defca64
                           .group:00000000 wm4.stm32l4xx_hal_flash.h.848.b5e1a92ab03fcd2ac5572c217f864bbd
                           .group:00000000 wm4.stm32l4xx_hal_i2c.h.21.1c548a113da5711525bbba5ee1988cbd
                           .group:00000000 wm4.stm32l4xx_hal_i2c_ex.h.21.ad4ad4e558d4fec06df87d163a6927d7
                           .group:00000000 wm4.stm32l4xx_hal_i2c.h.738.08f9916803fd1d9db10b6451187300a7
                           .group:00000000 wm4.stm32l4xx_hal_pwr.h.21.7ddab2caa97243c36e496eca17b27618
                           .group:00000000 wm4.stm32l4xx_hal_pwr_ex.h.21.9e06b77b5dc94ad5bd2056e51ad44ac9
                           .group:00000000 wm4.stm32l4xx_hal_tim.h.21.514f1bd267cd24adfb57081a913ef29f
                           .group:00000000 wm4.stm32l4xx_hal_tim_ex.h.21.fc4cf6652f188acb945f023f83d5be40
                           .group:00000000 wm4.stm32l4xx_hal_uart.h.21.fc846d838d179e557421cc5a6a90c71c
                           .group:00000000 wm4.stm32l4xx_hal_uart_ex.h.21.7be595013de67b2f8c7338c16ffea5d2
                           .group:00000000 wm4.stm32l4xx_hal.h.75.31089712a89c0f0150abe5ff65219923

NO UNDEFINED SYMBOLS
ARM GAS  C:\Users\Bunyamin\AppData\Local\Temp\ccArIm1T.s 			page 19


